[ 2016-05-19T08:48:49+08:00 ] 127.0.0.1 /Home/Register/register.html
ERR: 非法数据对象！:[0=>username = 'liang']

[ 2016-05-19T08:49:20+08:00 ] 127.0.0.1 /Home/Register/register.html
ERR: 非法数据对象！:[0=>username = 'liang']

[ 2016-05-19T08:49:37+08:00 ] 127.0.0.1 /Home/Register/register.html
ERR: 非法数据对象！:[0=>username = 'user']

[ 2016-05-19T08:51:04+08:00 ] 127.0.0.1 /Home/Register/register.html
ERR: 非法数据对象！:[0=>'username' = `user`]

[ 2016-05-19T10:49:03+08:00 ] 127.0.0.1 /Home/Job/ajax.html
INFO: [ app_begin ] --START--
INFO: Run Behavior\ReadHtmlCacheBehavior [ RunTime:0.002000s ]
INFO: [ app_begin ] --END-- [ RunTime:0.004000s ]
NOTIC: [8] A session had already been started - ignoring session_start() C:\wamp\www\project\ThinkPHP\Common\functions.php 第 1190 行.
SQL: SHOW COLUMNS FROM `hs_job` [ RunTime:0.090005s ]
SQL: SELECT * FROM `hs_job` ORDER BY id LIMIT 0,6   [ RunTime:0.001000s ]
INFO: [ app_end ] --START--
INFO: Run Behavior\ShowPageTraceBehavior [ RunTime:0.002001s ]
INFO: [ app_end ] --END-- [ RunTime:0.002001s ]

[ 2016-05-19T12:54:21+08:00 ] 127.0.0.1 /Home/Job/ajax.html
INFO: [ app_begin ] --START--
INFO: Run Behavior\ReadHtmlCacheBehavior [ RunTime:0.004000s ]
INFO: [ app_begin ] --END-- [ RunTime:0.006000s ]
NOTIC: [8] A session had already been started - ignoring session_start() C:\wamp\www\project\ThinkPHP\Common\functions.php 第 1190 行.
SQL: SHOW COLUMNS FROM `hs_job` [ RunTime:0.011001s ]
SQL: SELECT * FROM `hs_job` ORDER BY id LIMIT 6,6   [ RunTime:0.001000s ]
INFO: [ app_end ] --START--
INFO: Run Behavior\ShowPageTraceBehavior [ RunTime:0.001000s ]
INFO: [ app_end ] --END-- [ RunTime:0.002000s ]

[ 2016-05-19T12:55:27+08:00 ] 127.0.0.1 /Home/Job/ajax.html
INFO: [ app_begin ] --START--
INFO: Run Behavior\ReadHtmlCacheBehavior [ RunTime:0.002000s ]
INFO: [ app_begin ] --END-- [ RunTime:0.002000s ]
NOTIC: [8] A session had already been started - ignoring session_start() C:\wamp\www\project\ThinkPHP\Common\functions.php 第 1190 行.
SQL: SHOW COLUMNS FROM `hs_job` [ RunTime:0.009001s ]
SQL: SELECT * FROM `hs_job` ORDER BY id LIMIT 0,6   [ RunTime:0.001000s ]
INFO: [ app_end ] --START--
INFO: Run Behavior\ShowPageTraceBehavior [ RunTime:0.002000s ]
INFO: [ app_end ] --END-- [ RunTime:0.002000s ]

[ 2016-05-19T13:15:39+08:00 ] 127.0.0.1 /Home/Job/ajax.html
INFO: [ app_begin ] --START--
INFO: Run Behavior\ReadHtmlCacheBehavior [ RunTime:0.002000s ]
INFO: [ app_begin ] --END-- [ RunTime:0.011001s ]
NOTIC: [8] A session had already been started - ignoring session_start() C:\wamp\www\project\ThinkPHP\Common\functions.php 第 1190 行.
SQL: SHOW COLUMNS FROM `hs_job` [ RunTime:0.011001s ]
SQL: SELECT * FROM `hs_job` ORDER BY id LIMIT 0,6   [ RunTime:0.002000s ]
INFO: [ app_end ] --START--
INFO: Run Behavior\ShowPageTraceBehavior [ RunTime:0.003000s ]
INFO: [ app_end ] --END-- [ RunTime:0.003000s ]

[ 2016-05-19T13:15:42+08:00 ] 127.0.0.1 /Home/Job/ajax.html
INFO: [ app_begin ] --START--
INFO: Run Behavior\ReadHtmlCacheBehavior [ RunTime:0.008001s ]
INFO: [ app_begin ] --END-- [ RunTime:0.011001s ]
NOTIC: [8] A session had already been started - ignoring session_start() C:\wamp\www\project\ThinkPHP\Common\functions.php 第 1190 行.
SQL: SHOW COLUMNS FROM `hs_job` [ RunTime:0.014001s ]
SQL: SELECT * FROM `hs_job` ORDER BY id LIMIT 6,6   [ RunTime:0.001000s ]
INFO: [ app_end ] --START--
INFO: Run Behavior\ShowPageTraceBehavior [ RunTime:0.004001s ]
INFO: [ app_end ] --END-- [ RunTime:0.005001s ]

[ 2016-05-19T13:15:43+08:00 ] 127.0.0.1 /Home/Job/ajax.html
INFO: [ app_begin ] --START--
INFO: Run Behavior\ReadHtmlCacheBehavior [ RunTime:0.004000s ]
INFO: [ app_begin ] --END-- [ RunTime:0.008000s ]
NOTIC: [8] A session had already been started - ignoring session_start() C:\wamp\www\project\ThinkPHP\Common\functions.php 第 1190 行.
SQL: SHOW COLUMNS FROM `hs_job` [ RunTime:0.014001s ]
SQL: SELECT * FROM `hs_job` ORDER BY id LIMIT 12,6   [ RunTime:0.001000s ]
INFO: [ app_end ] --START--
INFO: Run Behavior\ShowPageTraceBehavior [ RunTime:0.005001s ]
INFO: [ app_end ] --END-- [ RunTime:0.005001s ]

[ 2016-05-19T13:15:43+08:00 ] 127.0.0.1 /Home/Job/ajax.html
INFO: [ app_begin ] --START--
INFO: Run Behavior\ReadHtmlCacheBehavior [ RunTime:0.008000s ]
INFO: [ app_begin ] --END-- [ RunTime:0.011001s ]
NOTIC: [8] A session had already been started - ignoring session_start() C:\wamp\www\project\ThinkPHP\Common\functions.php 第 1190 行.
SQL: SHOW COLUMNS FROM `hs_job` [ RunTime:0.014001s ]
SQL: SELECT * FROM `hs_job` ORDER BY id LIMIT 18,6   [ RunTime:0.002000s ]
INFO: [ app_end ] --START--
INFO: Run Behavior\ShowPageTraceBehavior [ RunTime:0.005000s ]
INFO: [ app_end ] --END-- [ RunTime:0.006000s ]

[ 2016-05-19T13:15:43+08:00 ] 127.0.0.1 /Home/Job/ajax.html
INFO: [ app_begin ] --START--
INFO: Run Behavior\ReadHtmlCacheBehavior [ RunTime:0.002000s ]
INFO: [ app_begin ] --END-- [ RunTime:0.003000s ]
NOTIC: [8] A session had already been started - ignoring session_start() C:\wamp\www\project\ThinkPHP\Common\functions.php 第 1190 行.
SQL: SHOW COLUMNS FROM `hs_job` [ RunTime:0.010000s ]
SQL: SELECT * FROM `hs_job` ORDER BY id LIMIT 24,6   [ RunTime:0.001001s ]
INFO: [ app_end ] --START--
INFO: Run Behavior\ShowPageTraceBehavior [ RunTime:0.003000s ]
INFO: [ app_end ] --END-- [ RunTime:0.003000s ]

[ 2016-05-19T13:15:44+08:00 ] 127.0.0.1 /Home/Job/ajax.html
INFO: [ app_begin ] --START--
INFO: Run Behavior\ReadHtmlCacheBehavior [ RunTime:0.003000s ]
INFO: [ app_begin ] --END-- [ RunTime:0.004000s ]
NOTIC: [8] A session had already been started - ignoring session_start() C:\wamp\www\project\ThinkPHP\Common\functions.php 第 1190 行.
SQL: SHOW COLUMNS FROM `hs_job` [ RunTime:0.007000s ]
SQL: SELECT * FROM `hs_job` ORDER BY id LIMIT 30,6   [ RunTime:0.002001s ]
INFO: [ app_end ] --START--
INFO: Run Behavior\ShowPageTraceBehavior [ RunTime:0.002000s ]
INFO: [ app_end ] --END-- [ RunTime:0.003000s ]

[ 2016-05-19T13:15:45+08:00 ] 127.0.0.1 /Home/Job/ajax.html
INFO: [ app_begin ] --START--
INFO: Run Behavior\ReadHtmlCacheBehavior [ RunTime:0.003000s ]
INFO: [ app_begin ] --END-- [ RunTime:0.004000s ]
NOTIC: [8] A session had already been started - ignoring session_start() C:\wamp\www\project\ThinkPHP\Common\functions.php 第 1190 行.
SQL: SHOW COLUMNS FROM `hs_job` [ RunTime:0.010000s ]
SQL: SELECT * FROM `hs_job` ORDER BY id LIMIT 36,6   [ RunTime:0.000000s ]
INFO: [ app_end ] --START--
INFO: Run Behavior\ShowPageTraceBehavior [ RunTime:0.002000s ]
INFO: [ app_end ] --END-- [ RunTime:0.002000s ]

[ 2016-05-19T13:16:03+08:00 ] 127.0.0.1 /Home/Job/ajax.html
INFO: [ app_begin ] --START--
INFO: Run Behavior\ReadHtmlCacheBehavior [ RunTime:0.005000s ]
INFO: [ app_begin ] --END-- [ RunTime:0.007000s ]
NOTIC: [8] A session had already been started - ignoring session_start() C:\wamp\www\project\ThinkPHP\Common\functions.php 第 1190 行.
SQL: SHOW COLUMNS FROM `hs_job` [ RunTime:0.013001s ]
SQL: SELECT * FROM `hs_job` ORDER BY id LIMIT 42,6   [ RunTime:0.002000s ]
INFO: [ app_end ] --START--
INFO: Run Behavior\ShowPageTraceBehavior [ RunTime:0.004000s ]
INFO: [ app_end ] --END-- [ RunTime:0.005000s ]

[ 2016-05-19T13:16:03+08:00 ] 127.0.0.1 /Home/Job/ajax.html
INFO: [ app_begin ] --START--
INFO: Run Behavior\ReadHtmlCacheBehavior [ RunTime:0.004000s ]
INFO: [ app_begin ] --END-- [ RunTime:0.011000s ]
NOTIC: [8] A session had already been started - ignoring session_start() C:\wamp\www\project\ThinkPHP\Common\functions.php 第 1190 行.
SQL: SHOW COLUMNS FROM `hs_job` [ RunTime:0.021001s ]
SQL: SELECT * FROM `hs_job` ORDER BY id LIMIT 48,6   [ RunTime:0.002000s ]
INFO: [ app_end ] --START--
INFO: Run Behavior\ShowPageTraceBehavior [ RunTime:0.004001s ]
INFO: [ app_end ] --END-- [ RunTime:0.005001s ]

[ 2016-05-19T13:16:03+08:00 ] 127.0.0.1 /Home/Job/ajax.html
INFO: [ app_begin ] --START--
INFO: Run Behavior\ReadHtmlCacheBehavior [ RunTime:0.002000s ]
INFO: [ app_begin ] --END-- [ RunTime:0.003000s ]
NOTIC: [8] A session had already been started - ignoring session_start() C:\wamp\www\project\ThinkPHP\Common\functions.php 第 1190 行.
SQL: SHOW COLUMNS FROM `hs_job` [ RunTime:0.006000s ]
SQL: SELECT * FROM `hs_job` ORDER BY id LIMIT 54,6   [ RunTime:0.001000s ]
INFO: [ app_end ] --START--
INFO: Run Behavior\ShowPageTraceBehavior [ RunTime:0.002000s ]
INFO: [ app_end ] --END-- [ RunTime:0.003000s ]

[ 2016-05-19T13:16:04+08:00 ] 127.0.0.1 /Home/Job/ajax.html
INFO: [ app_begin ] --START--
INFO: Run Behavior\ReadHtmlCacheBehavior [ RunTime:0.004000s ]
INFO: [ app_begin ] --END-- [ RunTime:0.012000s ]
NOTIC: [8] A session had already been started - ignoring session_start() C:\wamp\www\project\ThinkPHP\Common\functions.php 第 1190 行.
SQL: SHOW COLUMNS FROM `hs_job` [ RunTime:0.019001s ]
SQL: SELECT * FROM `hs_job` ORDER BY id LIMIT 60,6   [ RunTime:0.002000s ]
INFO: [ app_end ] --START--
INFO: Run Behavior\ShowPageTraceBehavior [ RunTime:0.004000s ]
INFO: [ app_end ] --END-- [ RunTime:0.005000s ]

[ 2016-05-19T13:17:48+08:00 ] 127.0.0.1 /Home/Job/ajax.html
INFO: [ app_begin ] --START--
INFO: Run Behavior\ReadHtmlCacheBehavior [ RunTime:0.002001s ]
INFO: [ app_begin ] --END-- [ RunTime:0.003001s ]
NOTIC: [8] A session had already been started - ignoring session_start() C:\wamp\www\project\ThinkPHP\Common\functions.php 第 1190 行.
SQL: SHOW COLUMNS FROM `hs_job` [ RunTime:0.009000s ]
SQL: SELECT * FROM `hs_job` ORDER BY id LIMIT 0,6   [ RunTime:0.005001s ]
INFO: [ app_end ] --START--
INFO: Run Behavior\ShowPageTraceBehavior [ RunTime:0.003000s ]
INFO: [ app_end ] --END-- [ RunTime:0.003000s ]

[ 2016-05-19T15:08:34+08:00 ] 127.0.0.1 /Home/Job/ajax.html
INFO: [ app_begin ] --START--
INFO: Run Behavior\ReadHtmlCacheBehavior [ RunTime:0.006001s ]
INFO: [ app_begin ] --END-- [ RunTime:0.008001s ]
NOTIC: [8] A session had already been started - ignoring session_start() C:\wamp\www\project\ThinkPHP\Common\functions.php 第 1190 行.
SQL: SHOW COLUMNS FROM `hs_job` [ RunTime:0.017001s ]
SQL: SELECT * FROM `hs_job` ORDER BY id LIMIT 0,6   [ RunTime:0.001001s ]
INFO: [ app_end ] --START--
INFO: Run Behavior\ShowPageTraceBehavior [ RunTime:0.002000s ]
INFO: [ app_end ] --END-- [ RunTime:0.003000s ]

[ 2016-05-19T15:19:49+08:00 ] 127.0.0.1 /Home/Fashion/ajaxfashion.html?p=1
INFO: [ app_begin ] --START--
INFO: Run Behavior\ReadHtmlCacheBehavior [ RunTime:0.003001s ]
INFO: [ app_begin ] --END-- [ RunTime:0.004001s ]
NOTIC: [8] A session had already been started - ignoring session_start() C:\wamp\www\project\ThinkPHP\Common\functions.php 第 1190 行.
SQL: SHOW COLUMNS FROM `hs_fashion` [ RunTime:0.007001s ]
NOTIC: [8] Undefined variable: _GEt C:\wamp\www\project\web\Home\Controller\FashionController.class.php 第 49 行.
SQL: SELECT * FROM `hs_fashion` ORDER BY id LIMIT 0,6   [ RunTime:0.010001s ]
INFO: [ app_end ] --START--
INFO: Run Behavior\ShowPageTraceBehavior [ RunTime:0.002000s ]
INFO: [ app_end ] --END-- [ RunTime:0.002000s ]

[ 2016-05-19T15:20:45+08:00 ] 127.0.0.1 /Home/Fashion/ajaxfashion.html?p=1
INFO: [ app_begin ] --START--
INFO: Run Behavior\ReadHtmlCacheBehavior [ RunTime:0.002000s ]
INFO: [ app_begin ] --END-- [ RunTime:0.005000s ]
NOTIC: [8] A session had already been started - ignoring session_start() C:\wamp\www\project\ThinkPHP\Common\functions.php 第 1190 行.
SQL: SHOW COLUMNS FROM `hs_fashion` [ RunTime:0.013001s ]
NOTIC: [8] Undefined variable: _GEt C:\wamp\www\project\web\Home\Controller\FashionController.class.php 第 49 行.
SQL: SELECT * FROM `hs_fashion` ORDER BY id LIMIT 0,6   [ RunTime:0.002000s ]
INFO: [ app_end ] --START--
INFO: Run Behavior\ShowPageTraceBehavior [ RunTime:0.003000s ]
INFO: [ app_end ] --END-- [ RunTime:0.004000s ]

[ 2016-05-19T15:21:33+08:00 ] 127.0.0.1 /Home/Fashion/ajaxfashion.html?p=1
INFO: [ app_begin ] --START--
INFO: Run Behavior\ReadHtmlCacheBehavior [ RunTime:0.003000s ]
INFO: [ app_begin ] --END-- [ RunTime:0.007000s ]
NOTIC: [8] A session had already been started - ignoring session_start() C:\wamp\www\project\ThinkPHP\Common\functions.php 第 1190 行.
SQL: SHOW COLUMNS FROM `hs_fashion` [ RunTime:0.025001s ]
NOTIC: [8] Undefined variable: _GEt C:\wamp\www\project\web\Home\Controller\FashionController.class.php 第 49 行.
SQL: SELECT * FROM `hs_fashion` ORDER BY id LIMIT 0,6   [ RunTime:0.003000s ]
INFO: [ app_end ] --START--
INFO: Run Behavior\ShowPageTraceBehavior [ RunTime:0.003000s ]
INFO: [ app_end ] --END-- [ RunTime:0.004000s ]

[ 2016-05-19T15:22:28+08:00 ] 127.0.0.1 /Home/Fashion/ajaxfashion.html?p=1
INFO: [ app_begin ] --START--
INFO: Run Behavior\ReadHtmlCacheBehavior [ RunTime:0.002000s ]
INFO: [ app_begin ] --END-- [ RunTime:0.005000s ]
NOTIC: [8] A session had already been started - ignoring session_start() C:\wamp\www\project\ThinkPHP\Common\functions.php 第 1190 行.
SQL: SHOW COLUMNS FROM `hs_fashion` [ RunTime:0.014001s ]
NOTIC: [8] Undefined variable: _GEt C:\wamp\www\project\web\Home\Controller\FashionController.class.php 第 49 行.
SQL: SELECT * FROM `hs_fashion` ORDER BY id LIMIT 0,6   [ RunTime:0.003000s ]
INFO: [ app_end ] --START--
INFO: Run Behavior\ShowPageTraceBehavior [ RunTime:0.003001s ]
INFO: [ app_end ] --END-- [ RunTime:0.004001s ]

[ 2016-05-19T15:28:09+08:00 ] 127.0.0.1 /Home/Fashion/ajaxfashion.html?p=1
INFO: [ app_begin ] --START--
INFO: Run Behavior\ReadHtmlCacheBehavior [ RunTime:0.003000s ]
INFO: [ app_begin ] --END-- [ RunTime:0.004000s ]
NOTIC: [8] A session had already been started - ignoring session_start() C:\wamp\www\project\ThinkPHP\Common\functions.php 第 1190 行.
SQL: SHOW COLUMNS FROM `hs_fashion` [ RunTime:0.014001s ]
NOTIC: [8] Undefined variable: _GEt C:\wamp\www\project\web\Home\Controller\FashionController.class.php 第 49 行.
SQL: SELECT * FROM `hs_fashion` ORDER BY id LIMIT 0,6   [ RunTime:0.002000s ]
INFO: [ app_end ] --START--
INFO: Run Behavior\ShowPageTraceBehavior [ RunTime:0.003001s ]
INFO: [ app_end ] --END-- [ RunTime:0.005001s ]

[ 2016-05-19T15:30:33+08:00 ] 127.0.0.1 /Home/Fashion/ajaxfashion.html?p=1
INFO: [ app_begin ] --START--
INFO: Run Behavior\ReadHtmlCacheBehavior [ RunTime:0.004000s ]
INFO: [ app_begin ] --END-- [ RunTime:0.005000s ]
NOTIC: [8] A session had already been started - ignoring session_start() C:\wamp\www\project\ThinkPHP\Common\functions.php 第 1190 行.
SQL: SHOW COLUMNS FROM `hs_fashion` [ RunTime:0.007000s ]
NOTIC: [8] Undefined variable: _GEt C:\wamp\www\project\web\Home\Controller\FashionController.class.php 第 49 行.
SQL: SELECT * FROM `hs_fashion` ORDER BY id LIMIT 0,6   [ RunTime:0.002000s ]
INFO: [ app_end ] --START--
INFO: Run Behavior\ShowPageTraceBehavior [ RunTime:0.001000s ]
INFO: [ app_end ] --END-- [ RunTime:0.002000s ]

[ 2016-05-19T15:30:53+08:00 ] 127.0.0.1 /Home/Fashion/ajaxfashion.html?p=1
INFO: [ app_begin ] --START--
INFO: Run Behavior\ReadHtmlCacheBehavior [ RunTime:0.003001s ]
INFO: [ app_begin ] --END-- [ RunTime:0.005001s ]
NOTIC: [8] A session had already been started - ignoring session_start() C:\wamp\www\project\ThinkPHP\Common\functions.php 第 1190 行.
SQL: SHOW COLUMNS FROM `hs_fashion` [ RunTime:0.008000s ]
NOTIC: [8] Undefined variable: _GEt C:\wamp\www\project\web\Home\Controller\FashionController.class.php 第 49 行.
SQL: SELECT * FROM `hs_fashion` ORDER BY id LIMIT 0,6   [ RunTime:0.001000s ]
INFO: [ app_end ] --START--
INFO: Run Behavior\ShowPageTraceBehavior [ RunTime:0.002000s ]
INFO: [ app_end ] --END-- [ RunTime:0.002000s ]

[ 2016-05-19T15:33:48+08:00 ] 127.0.0.1 /Home/Fashion/ajaxfashion.html?p=1
INFO: [ app_begin ] --START--
INFO: Run Behavior\ReadHtmlCacheBehavior [ RunTime:0.001000s ]
INFO: [ app_begin ] --END-- [ RunTime:0.002000s ]
NOTIC: [8] A session had already been started - ignoring session_start() C:\wamp\www\project\ThinkPHP\Common\functions.php 第 1190 行.
SQL: SHOW COLUMNS FROM `hs_fashion` [ RunTime:0.007001s ]
NOTIC: [8] Undefined variable: _GEt C:\wamp\www\project\web\Home\Controller\FashionController.class.php 第 49 行.
SQL: SELECT * FROM `hs_fashion` ORDER BY id LIMIT 0,6   [ RunTime:0.003000s ]
INFO: [ app_end ] --START--
INFO: Run Behavior\ShowPageTraceBehavior [ RunTime:0.002000s ]
INFO: [ app_end ] --END-- [ RunTime:0.002000s ]

[ 2016-05-19T15:36:21+08:00 ] 127.0.0.1 /Home/Fashion/ajaxfashion.html?p=1
INFO: [ app_begin ] --START--
INFO: Run Behavior\ReadHtmlCacheBehavior [ RunTime:0.004000s ]
INFO: [ app_begin ] --END-- [ RunTime:0.006001s ]
NOTIC: [8] A session had already been started - ignoring session_start() C:\wamp\www\project\ThinkPHP\Common\functions.php 第 1190 行.
SQL: SHOW COLUMNS FROM `hs_fashion` [ RunTime:0.012001s ]
NOTIC: [8] Undefined variable: _GEt C:\wamp\www\project\web\Home\Controller\FashionController.class.php 第 49 行.
SQL: SELECT * FROM `hs_fashion` ORDER BY id LIMIT 0,6   [ RunTime:0.001000s ]

[ 2016-05-19T15:37:50+08:00 ] 127.0.0.1 /Home/Fashion/ajaxfashion.html?p=1
INFO: [ app_begin ] --START--
INFO: Run Behavior\ReadHtmlCacheBehavior [ RunTime:0.005001s ]
INFO: [ app_begin ] --END-- [ RunTime:0.007001s ]
NOTIC: [8] A session had already been started - ignoring session_start() C:\wamp\www\project\ThinkPHP\Common\functions.php 第 1190 行.
SQL: SHOW COLUMNS FROM `hs_fashion` [ RunTime:0.018001s ]
NOTIC: [8] Undefined variable: _GEt C:\wamp\www\project\web\Home\Controller\FashionController.class.php 第 49 行.
SQL: SELECT * FROM `hs_fashion` ORDER BY id LIMIT 0,6   [ RunTime:0.002000s ]

[ 2016-05-19T15:38:30+08:00 ] 127.0.0.1 /Home/Fashion/ajaxfashion.html?p=1
INFO: [ app_begin ] --START--
INFO: Run Behavior\ReadHtmlCacheBehavior [ RunTime:0.005000s ]
INFO: [ app_begin ] --END-- [ RunTime:0.008001s ]
NOTIC: [8] A session had already been started - ignoring session_start() C:\wamp\www\project\ThinkPHP\Common\functions.php 第 1190 行.
SQL: SHOW COLUMNS FROM `hs_fashion` [ RunTime:0.015001s ]
NOTIC: [8] Undefined variable: _GEt C:\wamp\www\project\web\Home\Controller\FashionController.class.php 第 49 行.
SQL: SELECT * FROM `hs_fashion` ORDER BY id LIMIT 0,6   [ RunTime:0.002000s ]

[ 2016-05-19T15:40:29+08:00 ] 127.0.0.1 /Home/Fashion/ajaxfashion.html?p=1
INFO: [ app_begin ] --START--
INFO: Run Behavior\ReadHtmlCacheBehavior [ RunTime:0.002000s ]
INFO: [ app_begin ] --END-- [ RunTime:0.003000s ]
NOTIC: [8] A session had already been started - ignoring session_start() C:\wamp\www\project\ThinkPHP\Common\functions.php 第 1190 行.
SQL: SHOW COLUMNS FROM `hs_fashion` [ RunTime:0.064004s ]
NOTIC: [8] Undefined variable: _GEt C:\wamp\www\project\web\Home\Controller\FashionController.class.php 第 49 行.
SQL: SELECT * FROM `hs_fashion` ORDER BY id LIMIT 0,6   [ RunTime:0.001000s ]

[ 2016-05-19T15:40:33+08:00 ] 127.0.0.1 /Home/Fashion/ajaxfashion.html?p=2
INFO: [ app_begin ] --START--
INFO: Run Behavior\ReadHtmlCacheBehavior [ RunTime:0.011001s ]
INFO: [ app_begin ] --END-- [ RunTime:0.016001s ]
NOTIC: [8] A session had already been started - ignoring session_start() C:\wamp\www\project\ThinkPHP\Common\functions.php 第 1190 行.
SQL: SHOW COLUMNS FROM `hs_fashion` [ RunTime:0.015000s ]
NOTIC: [8] Undefined variable: _GEt C:\wamp\www\project\web\Home\Controller\FashionController.class.php 第 49 行.
SQL: SELECT * FROM `hs_fashion` ORDER BY id LIMIT 0,6   [ RunTime:0.007000s ]

[ 2016-05-19T15:43:03+08:00 ] 127.0.0.1 /Home/Fashion/ajaxfashion.html?p=1
INFO: [ app_begin ] --START--
INFO: Run Behavior\ReadHtmlCacheBehavior [ RunTime:0.002000s ]
INFO: [ app_begin ] --END-- [ RunTime:0.004000s ]
NOTIC: [8] A session had already been started - ignoring session_start() C:\wamp\www\project\ThinkPHP\Common\functions.php 第 1190 行.
SQL: SHOW COLUMNS FROM `hs_fashion` [ RunTime:0.005000s ]
NOTIC: [8] Undefined variable: _GEt C:\wamp\www\project\web\Home\Controller\FashionController.class.php 第 49 行.
SQL: SELECT * FROM `hs_fashion` ORDER BY id LIMIT 0,6   [ RunTime:0.001000s ]

[ 2016-05-19T15:46:53+08:00 ] 127.0.0.1 /Home/Fashion/ajaxfashion.html?p=1
INFO: [ app_begin ] --START--
INFO: Run Behavior\ReadHtmlCacheBehavior [ RunTime:0.001000s ]
INFO: [ app_begin ] --END-- [ RunTime:0.002000s ]
NOTIC: [8] A session had already been started - ignoring session_start() C:\wamp\www\project\ThinkPHP\Common\functions.php 第 1190 行.
SQL: SHOW COLUMNS FROM `hs_fashion` [ RunTime:0.004001s ]
NOTIC: [8] Undefined variable: _GEt C:\wamp\www\project\web\Home\Controller\FashionController.class.php 第 49 行.
SQL: SELECT * FROM `hs_fashion` ORDER BY id LIMIT 0,6   [ RunTime:0.001000s ]

[ 2016-05-19T15:48:05+08:00 ] 127.0.0.1 /Home/Fashion/ajaxfashion.html?p=1
INFO: [ app_begin ] --START--
INFO: Run Behavior\ReadHtmlCacheBehavior [ RunTime:0.001000s ]
INFO: [ app_begin ] --END-- [ RunTime:0.002000s ]
NOTIC: [8] A session had already been started - ignoring session_start() C:\wamp\www\project\ThinkPHP\Common\functions.php 第 1190 行.
SQL: SHOW COLUMNS FROM `hs_fashion` [ RunTime:0.010000s ]
NOTIC: [8] Undefined variable: _GEt C:\wamp\www\project\web\Home\Controller\FashionController.class.php 第 49 行.
SQL: SELECT * FROM `hs_fashion` ORDER BY id LIMIT 0,6   [ RunTime:0.017001s ]

[ 2016-05-19T15:48:40+08:00 ] 127.0.0.1 /Home/Fashion/ajaxfashion.html?p=1
INFO: [ app_begin ] --START--
INFO: Run Behavior\ReadHtmlCacheBehavior [ RunTime:0.002000s ]
INFO: [ app_begin ] --END-- [ RunTime:0.003000s ]
NOTIC: [8] A session had already been started - ignoring session_start() C:\wamp\www\project\ThinkPHP\Common\functions.php 第 1190 行.
SQL: SHOW COLUMNS FROM `hs_fashion` [ RunTime:0.032002s ]
NOTIC: [8] Undefined variable: _GEt C:\wamp\www\project\web\Home\Controller\FashionController.class.php 第 49 行.
SQL: SELECT * FROM `hs_fashion` ORDER BY id LIMIT 0,6   [ RunTime:0.001000s ]

[ 2016-05-19T15:48:41+08:00 ] 127.0.0.1 /Home/Fashion/ajaxfashion.html?p=2
INFO: [ app_begin ] --START--
INFO: Run Behavior\ReadHtmlCacheBehavior [ RunTime:0.001000s ]
INFO: [ app_begin ] --END-- [ RunTime:0.002000s ]
NOTIC: [8] A session had already been started - ignoring session_start() C:\wamp\www\project\ThinkPHP\Common\functions.php 第 1190 行.
SQL: SHOW COLUMNS FROM `hs_fashion` [ RunTime:0.008001s ]
NOTIC: [8] Undefined variable: _GEt C:\wamp\www\project\web\Home\Controller\FashionController.class.php 第 49 行.
SQL: SELECT * FROM `hs_fashion` ORDER BY id LIMIT 0,6   [ RunTime:0.001000s ]

[ 2016-05-19T15:48:43+08:00 ] 127.0.0.1 /Home/Fashion/ajaxfashion.html?p=3
INFO: [ app_begin ] --START--
INFO: Run Behavior\ReadHtmlCacheBehavior [ RunTime:0.002000s ]
INFO: [ app_begin ] --END-- [ RunTime:0.003000s ]
NOTIC: [8] A session had already been started - ignoring session_start() C:\wamp\www\project\ThinkPHP\Common\functions.php 第 1190 行.
SQL: SHOW COLUMNS FROM `hs_fashion` [ RunTime:0.007000s ]
NOTIC: [8] Undefined variable: _GEt C:\wamp\www\project\web\Home\Controller\FashionController.class.php 第 49 行.
SQL: SELECT * FROM `hs_fashion` ORDER BY id LIMIT 0,6   [ RunTime:0.002000s ]

[ 2016-05-19T15:48:44+08:00 ] 127.0.0.1 /Home/Fashion/ajaxfashion.html?p=4
INFO: [ app_begin ] --START--
INFO: Run Behavior\ReadHtmlCacheBehavior [ RunTime:0.003000s ]
INFO: [ app_begin ] --END-- [ RunTime:0.005000s ]
NOTIC: [8] A session had already been started - ignoring session_start() C:\wamp\www\project\ThinkPHP\Common\functions.php 第 1190 行.
SQL: SHOW COLUMNS FROM `hs_fashion` [ RunTime:0.007000s ]
NOTIC: [8] Undefined variable: _GEt C:\wamp\www\project\web\Home\Controller\FashionController.class.php 第 49 行.
SQL: SELECT * FROM `hs_fashion` ORDER BY id LIMIT 0,6   [ RunTime:0.001000s ]

[ 2016-05-19T15:48:45+08:00 ] 127.0.0.1 /Home/Fashion/ajaxfashion.html?p=5
INFO: [ app_begin ] --START--
INFO: Run Behavior\ReadHtmlCacheBehavior [ RunTime:0.003000s ]
INFO: [ app_begin ] --END-- [ RunTime:0.006000s ]
NOTIC: [8] A session had already been started - ignoring session_start() C:\wamp\www\project\ThinkPHP\Common\functions.php 第 1190 行.
SQL: SHOW COLUMNS FROM `hs_fashion` [ RunTime:0.012001s ]
NOTIC: [8] Undefined variable: _GEt C:\wamp\www\project\web\Home\Controller\FashionController.class.php 第 49 行.
SQL: SELECT * FROM `hs_fashion` ORDER BY id LIMIT 0,6   [ RunTime:0.001000s ]

[ 2016-05-19T15:48:47+08:00 ] 127.0.0.1 /Home/Fashion/ajaxfashion.html?p=6
INFO: [ app_begin ] --START--
INFO: Run Behavior\ReadHtmlCacheBehavior [ RunTime:0.001000s ]
INFO: [ app_begin ] --END-- [ RunTime:0.002001s ]
NOTIC: [8] A session had already been started - ignoring session_start() C:\wamp\www\project\ThinkPHP\Common\functions.php 第 1190 行.
SQL: SHOW COLUMNS FROM `hs_fashion` [ RunTime:0.006000s ]
NOTIC: [8] Undefined variable: _GEt C:\wamp\www\project\web\Home\Controller\FashionController.class.php 第 49 行.
SQL: SELECT * FROM `hs_fashion` ORDER BY id LIMIT 0,6   [ RunTime:0.000000s ]

[ 2016-05-19T15:48:52+08:00 ] 127.0.0.1 /Home/Fashion/ajaxfashion.html?p=7
INFO: [ app_begin ] --START--
INFO: Run Behavior\ReadHtmlCacheBehavior [ RunTime:0.002000s ]
INFO: [ app_begin ] --END-- [ RunTime:0.005000s ]
NOTIC: [8] A session had already been started - ignoring session_start() C:\wamp\www\project\ThinkPHP\Common\functions.php 第 1190 行.
SQL: SHOW COLUMNS FROM `hs_fashion` [ RunTime:0.017000s ]
NOTIC: [8] Undefined variable: _GEt C:\wamp\www\project\web\Home\Controller\FashionController.class.php 第 49 行.
SQL: SELECT * FROM `hs_fashion` ORDER BY id LIMIT 0,6   [ RunTime:0.002000s ]

[ 2016-05-19T15:50:33+08:00 ] 127.0.0.1 /Home/Fashion/ajaxfashion.html?p=1
INFO: [ app_begin ] --START--
INFO: Run Behavior\ReadHtmlCacheBehavior [ RunTime:0.002000s ]
INFO: [ app_begin ] --END-- [ RunTime:0.003000s ]
NOTIC: [8] A session had already been started - ignoring session_start() C:\wamp\www\project\ThinkPHP\Common\functions.php 第 1190 行.
SQL: SHOW COLUMNS FROM `hs_fashion` [ RunTime:0.008000s ]
NOTIC: [8] Undefined variable: _GEt C:\wamp\www\project\web\Home\Controller\FashionController.class.php 第 49 行.
SQL: SELECT * FROM `hs_fashion` ORDER BY id LIMIT 0,2   [ RunTime:0.001000s ]

[ 2016-05-19T15:50:34+08:00 ] 127.0.0.1 /Home/Fashion/ajaxfashion.html?p=2
INFO: [ app_begin ] --START--
INFO: Run Behavior\ReadHtmlCacheBehavior [ RunTime:0.003000s ]
INFO: [ app_begin ] --END-- [ RunTime:0.006000s ]
NOTIC: [8] A session had already been started - ignoring session_start() C:\wamp\www\project\ThinkPHP\Common\functions.php 第 1190 行.
SQL: SHOW COLUMNS FROM `hs_fashion` [ RunTime:0.013001s ]
NOTIC: [8] Undefined variable: _GEt C:\wamp\www\project\web\Home\Controller\FashionController.class.php 第 49 行.
SQL: SELECT * FROM `hs_fashion` ORDER BY id LIMIT 0,2   [ RunTime:0.002000s ]

[ 2016-05-19T15:50:37+08:00 ] 127.0.0.1 /Home/Fashion/ajaxfashion.html?p=3
INFO: [ app_begin ] --START--
INFO: Run Behavior\ReadHtmlCacheBehavior [ RunTime:0.003000s ]
INFO: [ app_begin ] --END-- [ RunTime:0.005000s ]
NOTIC: [8] A session had already been started - ignoring session_start() C:\wamp\www\project\ThinkPHP\Common\functions.php 第 1190 行.
SQL: SHOW COLUMNS FROM `hs_fashion` [ RunTime:0.007001s ]
NOTIC: [8] Undefined variable: _GEt C:\wamp\www\project\web\Home\Controller\FashionController.class.php 第 49 行.
SQL: SELECT * FROM `hs_fashion` ORDER BY id LIMIT 0,2   [ RunTime:0.001000s ]

[ 2016-05-19T15:50:41+08:00 ] 127.0.0.1 /Home/Fashion/ajaxfashion.html?p=4
INFO: [ app_begin ] --START--
INFO: Run Behavior\ReadHtmlCacheBehavior [ RunTime:0.004001s ]
INFO: [ app_begin ] --END-- [ RunTime:0.007001s ]
NOTIC: [8] A session had already been started - ignoring session_start() C:\wamp\www\project\ThinkPHP\Common\functions.php 第 1190 行.
SQL: SHOW COLUMNS FROM `hs_fashion` [ RunTime:0.014000s ]
NOTIC: [8] Undefined variable: _GEt C:\wamp\www\project\web\Home\Controller\FashionController.class.php 第 49 行.
SQL: SELECT * FROM `hs_fashion` ORDER BY id LIMIT 0,2   [ RunTime:0.002000s ]

[ 2016-05-19T15:50:50+08:00 ] 127.0.0.1 /Home/Fashion/ajaxfashion.html?p=1
INFO: [ app_begin ] --START--
INFO: Run Behavior\ReadHtmlCacheBehavior [ RunTime:0.001000s ]
INFO: [ app_begin ] --END-- [ RunTime:0.010000s ]
NOTIC: [8] A session had already been started - ignoring session_start() C:\wamp\www\project\ThinkPHP\Common\functions.php 第 1190 行.
SQL: SHOW COLUMNS FROM `hs_fashion` [ RunTime:0.005001s ]
NOTIC: [8] Undefined variable: _GEt C:\wamp\www\project\web\Home\Controller\FashionController.class.php 第 49 行.
SQL: SELECT * FROM `hs_fashion` ORDER BY id LIMIT 0,2   [ RunTime:0.000000s ]

[ 2016-05-19T15:51:04+08:00 ] 127.0.0.1 /Home/Fashion/ajaxfashion.html?p=2
INFO: [ app_begin ] --START--
INFO: Run Behavior\ReadHtmlCacheBehavior [ RunTime:0.003000s ]
INFO: [ app_begin ] --END-- [ RunTime:0.006000s ]
NOTIC: [8] A session had already been started - ignoring session_start() C:\wamp\www\project\ThinkPHP\Common\functions.php 第 1190 行.
SQL: SHOW COLUMNS FROM `hs_fashion` [ RunTime:0.023001s ]
NOTIC: [8] Undefined variable: _GEt C:\wamp\www\project\web\Home\Controller\FashionController.class.php 第 49 行.
SQL: SELECT * FROM `hs_fashion` ORDER BY id LIMIT 0,2   [ RunTime:0.001000s ]

[ 2016-05-19T15:51:07+08:00 ] 127.0.0.1 /Home/Fashion/ajaxfashion.html?p=3
INFO: [ app_begin ] --START--
INFO: Run Behavior\ReadHtmlCacheBehavior [ RunTime:0.002000s ]
INFO: [ app_begin ] --END-- [ RunTime:0.005000s ]
NOTIC: [8] A session had already been started - ignoring session_start() C:\wamp\www\project\ThinkPHP\Common\functions.php 第 1190 行.
SQL: SHOW COLUMNS FROM `hs_fashion` [ RunTime:0.015001s ]
NOTIC: [8] Undefined variable: _GEt C:\wamp\www\project\web\Home\Controller\FashionController.class.php 第 49 行.
SQL: SELECT * FROM `hs_fashion` ORDER BY id LIMIT 0,2   [ RunTime:0.001000s ]

[ 2016-05-19T15:51:10+08:00 ] 127.0.0.1 /Home/Fashion/ajaxfashion.html?p=4
INFO: [ app_begin ] --START--
INFO: Run Behavior\ReadHtmlCacheBehavior [ RunTime:0.004000s ]
INFO: [ app_begin ] --END-- [ RunTime:0.006000s ]
NOTIC: [8] A session had already been started - ignoring session_start() C:\wamp\www\project\ThinkPHP\Common\functions.php 第 1190 行.
SQL: SHOW COLUMNS FROM `hs_fashion` [ RunTime:0.017001s ]
NOTIC: [8] Undefined variable: _GEt C:\wamp\www\project\web\Home\Controller\FashionController.class.php 第 49 行.
SQL: SELECT * FROM `hs_fashion` ORDER BY id LIMIT 0,2   [ RunTime:0.006000s ]

[ 2016-05-19T15:51:14+08:00 ] 127.0.0.1 /Home/Fashion/ajaxfashion.html?p=5
INFO: [ app_begin ] --START--
INFO: Run Behavior\ReadHtmlCacheBehavior [ RunTime:0.002000s ]
INFO: [ app_begin ] --END-- [ RunTime:0.006000s ]
NOTIC: [8] A session had already been started - ignoring session_start() C:\wamp\www\project\ThinkPHP\Common\functions.php 第 1190 行.
SQL: SHOW COLUMNS FROM `hs_fashion` [ RunTime:0.009000s ]
NOTIC: [8] Undefined variable: _GEt C:\wamp\www\project\web\Home\Controller\FashionController.class.php 第 49 行.
SQL: SELECT * FROM `hs_fashion` ORDER BY id LIMIT 0,2   [ RunTime:0.001000s ]

[ 2016-05-19T15:52:28+08:00 ] 127.0.0.1 /Home/Fashion/ajaxfashion.html?p=1
INFO: [ app_begin ] --START--
INFO: Run Behavior\ReadHtmlCacheBehavior [ RunTime:0.001000s ]
INFO: [ app_begin ] --END-- [ RunTime:0.001000s ]
NOTIC: [8] A session had already been started - ignoring session_start() C:\wamp\www\project\ThinkPHP\Common\functions.php 第 1190 行.
SQL: SHOW COLUMNS FROM `hs_fashion` [ RunTime:0.005000s ]
NOTIC: [8] Undefined variable: _GEt C:\wamp\www\project\web\Home\Controller\FashionController.class.php 第 49 行.
SQL: SELECT * FROM `hs_fashion` ORDER BY id LIMIT 0,2   [ RunTime:0.001000s ]

[ 2016-05-19T15:52:29+08:00 ] 127.0.0.1 /Home/Fashion/ajaxfashion.html?p=2
INFO: [ app_begin ] --START--
INFO: Run Behavior\ReadHtmlCacheBehavior [ RunTime:0.001000s ]
INFO: [ app_begin ] --END-- [ RunTime:0.002000s ]
NOTIC: [8] A session had already been started - ignoring session_start() C:\wamp\www\project\ThinkPHP\Common\functions.php 第 1190 行.
SQL: SHOW COLUMNS FROM `hs_fashion` [ RunTime:0.006000s ]
NOTIC: [8] Undefined variable: _GEt C:\wamp\www\project\web\Home\Controller\FashionController.class.php 第 49 行.
SQL: SELECT * FROM `hs_fashion` ORDER BY id LIMIT 0,2   [ RunTime:0.001000s ]

[ 2016-05-19T15:52:29+08:00 ] 127.0.0.1 /Home/Fashion/ajaxfashion.html?p=3
INFO: [ app_begin ] --START--
INFO: Run Behavior\ReadHtmlCacheBehavior [ RunTime:0.001000s ]
INFO: [ app_begin ] --END-- [ RunTime:0.003000s ]
NOTIC: [8] A session had already been started - ignoring session_start() C:\wamp\www\project\ThinkPHP\Common\functions.php 第 1190 行.
SQL: SHOW COLUMNS FROM `hs_fashion` [ RunTime:0.006000s ]
NOTIC: [8] Undefined variable: _GEt C:\wamp\www\project\web\Home\Controller\FashionController.class.php 第 49 行.
SQL: SELECT * FROM `hs_fashion` ORDER BY id LIMIT 0,2   [ RunTime:0.001000s ]

[ 2016-05-19T15:52:29+08:00 ] 127.0.0.1 /Home/Fashion/ajaxfashion.html?p=4
INFO: [ app_begin ] --START--
INFO: Run Behavior\ReadHtmlCacheBehavior [ RunTime:0.002000s ]
INFO: [ app_begin ] --END-- [ RunTime:0.002000s ]
NOTIC: [8] A session had already been started - ignoring session_start() C:\wamp\www\project\ThinkPHP\Common\functions.php 第 1190 行.
SQL: SHOW COLUMNS FROM `hs_fashion` [ RunTime:0.005000s ]
NOTIC: [8] Undefined variable: _GEt C:\wamp\www\project\web\Home\Controller\FashionController.class.php 第 49 行.
SQL: SELECT * FROM `hs_fashion` ORDER BY id LIMIT 0,2   [ RunTime:0.001000s ]

[ 2016-05-19T15:52:29+08:00 ] 127.0.0.1 /Home/Fashion/ajaxfashion.html?p=5
INFO: [ app_begin ] --START--
INFO: Run Behavior\ReadHtmlCacheBehavior [ RunTime:0.001000s ]
INFO: [ app_begin ] --END-- [ RunTime:0.002000s ]
NOTIC: [8] A session had already been started - ignoring session_start() C:\wamp\www\project\ThinkPHP\Common\functions.php 第 1190 行.
SQL: SHOW COLUMNS FROM `hs_fashion` [ RunTime:0.019001s ]
NOTIC: [8] Undefined variable: _GEt C:\wamp\www\project\web\Home\Controller\FashionController.class.php 第 49 行.
SQL: SELECT * FROM `hs_fashion` ORDER BY id LIMIT 0,2   [ RunTime:0.002001s ]

[ 2016-05-19T15:52:46+08:00 ] 127.0.0.1 /Home/Fashion/ajaxfashion.html?p=6
INFO: [ app_begin ] --START--
INFO: Run Behavior\ReadHtmlCacheBehavior [ RunTime:0.001000s ]
INFO: [ app_begin ] --END-- [ RunTime:0.002000s ]
NOTIC: [8] A session had already been started - ignoring session_start() C:\wamp\www\project\ThinkPHP\Common\functions.php 第 1190 行.
SQL: SHOW COLUMNS FROM `hs_fashion` [ RunTime:0.007000s ]
NOTIC: [8] Undefined variable: _GEt C:\wamp\www\project\web\Home\Controller\FashionController.class.php 第 49 行.
SQL: SELECT * FROM `hs_fashion` ORDER BY id LIMIT 0,2   [ RunTime:0.001000s ]

[ 2016-05-19T15:53:46+08:00 ] 127.0.0.1 /Home/Fashion/ajaxfashion.html?p=1
INFO: [ app_begin ] --START--
INFO: Run Behavior\ReadHtmlCacheBehavior [ RunTime:0.003000s ]
INFO: [ app_begin ] --END-- [ RunTime:0.004000s ]
NOTIC: [8] A session had already been started - ignoring session_start() C:\wamp\www\project\ThinkPHP\Common\functions.php 第 1190 行.
SQL: SHOW COLUMNS FROM `hs_fashion` [ RunTime:0.005001s ]
NOTIC: [8] Undefined variable: _GEt C:\wamp\www\project\web\Home\Controller\FashionController.class.php 第 49 行.
SQL: SELECT * FROM `hs_fashion` ORDER BY id LIMIT 0,12   [ RunTime:0.001000s ]

[ 2016-05-19T15:54:54+08:00 ] 127.0.0.1 /Home/Fashion/ajaxfashion.html?p=1
INFO: [ app_begin ] --START--
INFO: Run Behavior\ReadHtmlCacheBehavior [ RunTime:0.001000s ]
INFO: [ app_begin ] --END-- [ RunTime:0.001000s ]
NOTIC: [8] A session had already been started - ignoring session_start() C:\wamp\www\project\ThinkPHP\Common\functions.php 第 1190 行.
SQL: SHOW COLUMNS FROM `hs_fashion` [ RunTime:0.007001s ]
NOTIC: [8] Undefined variable: _GEt C:\wamp\www\project\web\Home\Controller\FashionController.class.php 第 49 行.
SQL: SELECT * FROM `hs_fashion` ORDER BY id LIMIT 0,12   [ RunTime:0.005000s ]

[ 2016-05-19T15:54:59+08:00 ] 127.0.0.1 /Home/Fashion/ajaxfashion.html?p=2
INFO: [ app_begin ] --START--
INFO: Run Behavior\ReadHtmlCacheBehavior [ RunTime:0.005000s ]
INFO: [ app_begin ] --END-- [ RunTime:0.007000s ]
NOTIC: [8] A session had already been started - ignoring session_start() C:\wamp\www\project\ThinkPHP\Common\functions.php 第 1190 行.
SQL: SHOW COLUMNS FROM `hs_fashion` [ RunTime:0.015001s ]
NOTIC: [8] Undefined variable: _GEt C:\wamp\www\project\web\Home\Controller\FashionController.class.php 第 49 行.
SQL: SELECT * FROM `hs_fashion` ORDER BY id LIMIT 0,12   [ RunTime:0.002000s ]

[ 2016-05-19T15:55:21+08:00 ] 127.0.0.1 /Home/Fashion/ajaxfashion.html?p=3
INFO: [ app_begin ] --START--
INFO: Run Behavior\ReadHtmlCacheBehavior [ RunTime:0.007001s ]
INFO: [ app_begin ] --END-- [ RunTime:0.010001s ]
NOTIC: [8] A session had already been started - ignoring session_start() C:\wamp\www\project\ThinkPHP\Common\functions.php 第 1190 行.
SQL: SHOW COLUMNS FROM `hs_fashion` [ RunTime:0.013001s ]
NOTIC: [8] Undefined variable: _GEt C:\wamp\www\project\web\Home\Controller\FashionController.class.php 第 49 行.
SQL: SELECT * FROM `hs_fashion` ORDER BY id LIMIT 0,12   [ RunTime:0.002000s ]

[ 2016-05-19T15:56:08+08:00 ] 127.0.0.1 /Home/Fashion/ajaxfashion.html?p=1
INFO: [ app_begin ] --START--
INFO: Run Behavior\ReadHtmlCacheBehavior [ RunTime:0.001000s ]
INFO: [ app_begin ] --END-- [ RunTime:0.002000s ]
NOTIC: [8] A session had already been started - ignoring session_start() C:\wamp\www\project\ThinkPHP\Common\functions.php 第 1190 行.
SQL: SHOW COLUMNS FROM `hs_fashion` [ RunTime:0.008001s ]
NOTIC: [8] Undefined variable: _GEt C:\wamp\www\project\web\Home\Controller\FashionController.class.php 第 49 行.
SQL: SELECT * FROM `hs_fashion` ORDER BY id LIMIT 0,12   [ RunTime:0.001000s ]

[ 2016-05-19T15:56:09+08:00 ] 127.0.0.1 /Home/Fashion/ajaxfashion.html?p=2
INFO: [ app_begin ] --START--
INFO: Run Behavior\ReadHtmlCacheBehavior [ RunTime:0.002000s ]
INFO: [ app_begin ] --END-- [ RunTime:0.002000s ]
NOTIC: [8] A session had already been started - ignoring session_start() C:\wamp\www\project\ThinkPHP\Common\functions.php 第 1190 行.
SQL: SHOW COLUMNS FROM `hs_fashion` [ RunTime:0.006000s ]
NOTIC: [8] Undefined variable: _GEt C:\wamp\www\project\web\Home\Controller\FashionController.class.php 第 49 行.
SQL: SELECT * FROM `hs_fashion` ORDER BY id LIMIT 0,12   [ RunTime:0.000000s ]

[ 2016-05-19T15:57:15+08:00 ] 127.0.0.1 /Home/Fashion/ajaxfashion.html?p=1
INFO: [ app_begin ] --START--
INFO: Run Behavior\ReadHtmlCacheBehavior [ RunTime:0.005000s ]
INFO: [ app_begin ] --END-- [ RunTime:0.006000s ]
NOTIC: [8] A session had already been started - ignoring session_start() C:\wamp\www\project\ThinkPHP\Common\functions.php 第 1190 行.
SQL: SHOW COLUMNS FROM `hs_fashion` [ RunTime:0.008000s ]
NOTIC: [8] Undefined variable: _GEt C:\wamp\www\project\web\Home\Controller\FashionController.class.php 第 49 行.
SQL: SELECT * FROM `hs_fashion` ORDER BY id LIMIT 0,12   [ RunTime:0.001000s ]

[ 2016-05-19T15:57:17+08:00 ] 127.0.0.1 /Home/Fashion/ajaxfashion.html?p=2
INFO: [ app_begin ] --START--
INFO: Run Behavior\ReadHtmlCacheBehavior [ RunTime:0.006000s ]
INFO: [ app_begin ] --END-- [ RunTime:0.007000s ]
NOTIC: [8] A session had already been started - ignoring session_start() C:\wamp\www\project\ThinkPHP\Common\functions.php 第 1190 行.
SQL: SHOW COLUMNS FROM `hs_fashion` [ RunTime:0.042003s ]
NOTIC: [8] Undefined variable: _GEt C:\wamp\www\project\web\Home\Controller\FashionController.class.php 第 49 行.
SQL: SELECT * FROM `hs_fashion` ORDER BY id LIMIT 0,12   [ RunTime:0.000000s ]

[ 2016-05-19T15:57:20+08:00 ] 127.0.0.1 /Home/Fashion/ajaxfashion.html?p=3
INFO: [ app_begin ] --START--
INFO: Run Behavior\ReadHtmlCacheBehavior [ RunTime:0.004000s ]
INFO: [ app_begin ] --END-- [ RunTime:0.008000s ]
NOTIC: [8] A session had already been started - ignoring session_start() C:\wamp\www\project\ThinkPHP\Common\functions.php 第 1190 行.
SQL: SHOW COLUMNS FROM `hs_fashion` [ RunTime:0.018001s ]
NOTIC: [8] Undefined variable: _GEt C:\wamp\www\project\web\Home\Controller\FashionController.class.php 第 49 行.
SQL: SELECT * FROM `hs_fashion` ORDER BY id LIMIT 0,12   [ RunTime:0.001000s ]

[ 2016-05-19T15:57:23+08:00 ] 127.0.0.1 /Home/Fashion/ajaxfashion.html?p=4
INFO: [ app_begin ] --START--
INFO: Run Behavior\ReadHtmlCacheBehavior [ RunTime:0.004000s ]
INFO: [ app_begin ] --END-- [ RunTime:0.006000s ]
NOTIC: [8] A session had already been started - ignoring session_start() C:\wamp\www\project\ThinkPHP\Common\functions.php 第 1190 行.
SQL: SHOW COLUMNS FROM `hs_fashion` [ RunTime:0.019001s ]
NOTIC: [8] Undefined variable: _GEt C:\wamp\www\project\web\Home\Controller\FashionController.class.php 第 49 行.
SQL: SELECT * FROM `hs_fashion` ORDER BY id LIMIT 0,12   [ RunTime:0.002001s ]

[ 2016-05-19T16:02:01+08:00 ] 127.0.0.1 /Home/Fashion/ajaxfashion.html?p=1
INFO: [ app_begin ] --START--
INFO: Run Behavior\ReadHtmlCacheBehavior [ RunTime:0.002000s ]
INFO: [ app_begin ] --END-- [ RunTime:0.003000s ]
NOTIC: [8] A session had already been started - ignoring session_start() C:\wamp\www\project\ThinkPHP\Common\functions.php 第 1190 行.
SQL: SHOW COLUMNS FROM `hs_fashion` [ RunTime:0.007001s ]
NOTIC: [8] Undefined variable: _GEt C:\wamp\www\project\web\Home\Controller\FashionController.class.php 第 49 行.
SQL: SELECT * FROM `hs_fashion` ORDER BY id LIMIT 0,12   [ RunTime:0.001000s ]

[ 2016-05-19T16:02:23+08:00 ] 127.0.0.1 /Home/Fashion/ajaxfashion.html?p=1
INFO: [ app_begin ] --START--
INFO: Run Behavior\ReadHtmlCacheBehavior [ RunTime:0.001000s ]
INFO: [ app_begin ] --END-- [ RunTime:0.003000s ]
NOTIC: [8] A session had already been started - ignoring session_start() C:\wamp\www\project\ThinkPHP\Common\functions.php 第 1190 行.
SQL: SHOW COLUMNS FROM `hs_fashion` [ RunTime:0.007001s ]
NOTIC: [8] Undefined variable: _GEt C:\wamp\www\project\web\Home\Controller\FashionController.class.php 第 49 行.
SQL: SELECT * FROM `hs_fashion` ORDER BY id LIMIT 0,12   [ RunTime:0.000000s ]

[ 2016-05-19T16:02:24+08:00 ] 127.0.0.1 /Home/Fashion/ajaxfashion.html?p=2
INFO: [ app_begin ] --START--
INFO: Run Behavior\ReadHtmlCacheBehavior [ RunTime:0.003000s ]
INFO: [ app_begin ] --END-- [ RunTime:0.005000s ]
NOTIC: [8] A session had already been started - ignoring session_start() C:\wamp\www\project\ThinkPHP\Common\functions.php 第 1190 行.
SQL: SHOW COLUMNS FROM `hs_fashion` [ RunTime:0.007001s ]
NOTIC: [8] Undefined variable: _GEt C:\wamp\www\project\web\Home\Controller\FashionController.class.php 第 49 行.
SQL: SELECT * FROM `hs_fashion` ORDER BY id LIMIT 0,12   [ RunTime:0.001000s ]

[ 2016-05-19T16:02:26+08:00 ] 127.0.0.1 /Home/Fashion/ajaxfashion.html?p=3
INFO: [ app_begin ] --START--
INFO: Run Behavior\ReadHtmlCacheBehavior [ RunTime:0.001000s ]
INFO: [ app_begin ] --END-- [ RunTime:0.003001s ]
NOTIC: [8] A session had already been started - ignoring session_start() C:\wamp\www\project\ThinkPHP\Common\functions.php 第 1190 行.
SQL: SHOW COLUMNS FROM `hs_fashion` [ RunTime:0.007000s ]
NOTIC: [8] Undefined variable: _GEt C:\wamp\www\project\web\Home\Controller\FashionController.class.php 第 49 行.
SQL: SELECT * FROM `hs_fashion` ORDER BY id LIMIT 0,12   [ RunTime:0.001000s ]

[ 2016-05-19T16:19:15+08:00 ] 127.0.0.1 /Home/Fashion/ajaxfashion.html?p=1
INFO: [ app_begin ] --START--
INFO: Run Behavior\ReadHtmlCacheBehavior [ RunTime:0.001000s ]
INFO: [ app_begin ] --END-- [ RunTime:0.002001s ]
NOTIC: [8] A session had already been started - ignoring session_start() C:\wamp\www\project\ThinkPHP\Common\functions.php 第 1190 行.
SQL: SHOW COLUMNS FROM `hs_fashion` [ RunTime:0.005000s ]
NOTIC: [8] Undefined variable: _GEt C:\wamp\www\project\web\Home\Controller\FashionController.class.php 第 49 行.
SQL: SELECT * FROM `hs_fashion` ORDER BY id LIMIT 0,12   [ RunTime:0.000000s ]

[ 2016-05-19T16:20:57+08:00 ] 127.0.0.1 /Home/Fashion/ajaxfashion.html?p=1
INFO: [ app_begin ] --START--
INFO: Run Behavior\ReadHtmlCacheBehavior [ RunTime:0.002000s ]
INFO: [ app_begin ] --END-- [ RunTime:0.003000s ]
NOTIC: [8] A session had already been started - ignoring session_start() C:\wamp\www\project\ThinkPHP\Common\functions.php 第 1190 行.
SQL: SHOW COLUMNS FROM `hs_fashion` [ RunTime:0.010000s ]
NOTIC: [8] Undefined variable: _GEt C:\wamp\www\project\web\Home\Controller\FashionController.class.php 第 49 行.
SQL: SELECT * FROM `hs_fashion` ORDER BY id LIMIT 0,12   [ RunTime:0.001000s ]

[ 2016-05-19T16:21:21+08:00 ] 127.0.0.1 /Home/Fashion/ajaxfashion.html?p=1
INFO: [ app_begin ] --START--
INFO: Run Behavior\ReadHtmlCacheBehavior [ RunTime:0.002000s ]
INFO: [ app_begin ] --END-- [ RunTime:0.004000s ]
NOTIC: [8] A session had already been started - ignoring session_start() C:\wamp\www\project\ThinkPHP\Common\functions.php 第 1190 行.
SQL: SHOW COLUMNS FROM `hs_fashion` [ RunTime:0.009000s ]
NOTIC: [8] Undefined variable: _GEt C:\wamp\www\project\web\Home\Controller\FashionController.class.php 第 49 行.
SQL: SELECT * FROM `hs_fashion` ORDER BY id LIMIT 0,12   [ RunTime:0.002001s ]

[ 2016-05-19T16:21:53+08:00 ] 127.0.0.1 /Home/Fashion/ajaxfashion.html?p=2
INFO: [ app_begin ] --START--
INFO: Run Behavior\ReadHtmlCacheBehavior [ RunTime:0.007000s ]
INFO: [ app_begin ] --END-- [ RunTime:0.010001s ]
NOTIC: [8] A session had already been started - ignoring session_start() C:\wamp\www\project\ThinkPHP\Common\functions.php 第 1190 行.
SQL: SHOW COLUMNS FROM `hs_fashion` [ RunTime:0.007000s ]
NOTIC: [8] Undefined variable: _GEt C:\wamp\www\project\web\Home\Controller\FashionController.class.php 第 49 行.
SQL: SELECT * FROM `hs_fashion` ORDER BY id LIMIT 0,12   [ RunTime:0.001000s ]

[ 2016-05-19T16:21:55+08:00 ] 127.0.0.1 /Home/Fashion/ajaxfashion.html?p=3
INFO: [ app_begin ] --START--
INFO: Run Behavior\ReadHtmlCacheBehavior [ RunTime:0.001000s ]
INFO: [ app_begin ] --END-- [ RunTime:0.002000s ]
NOTIC: [8] A session had already been started - ignoring session_start() C:\wamp\www\project\ThinkPHP\Common\functions.php 第 1190 行.
SQL: SHOW COLUMNS FROM `hs_fashion` [ RunTime:0.007000s ]
NOTIC: [8] Undefined variable: _GEt C:\wamp\www\project\web\Home\Controller\FashionController.class.php 第 49 行.
SQL: SELECT * FROM `hs_fashion` ORDER BY id LIMIT 0,12   [ RunTime:0.001000s ]

[ 2016-05-19T16:21:56+08:00 ] 127.0.0.1 /Home/Fashion/ajaxfashion.html?p=4
INFO: [ app_begin ] --START--
INFO: Run Behavior\ReadHtmlCacheBehavior [ RunTime:0.003000s ]
INFO: [ app_begin ] --END-- [ RunTime:0.005001s ]
NOTIC: [8] A session had already been started - ignoring session_start() C:\wamp\www\project\ThinkPHP\Common\functions.php 第 1190 行.
SQL: SHOW COLUMNS FROM `hs_fashion` [ RunTime:0.008001s ]
NOTIC: [8] Undefined variable: _GEt C:\wamp\www\project\web\Home\Controller\FashionController.class.php 第 49 行.
SQL: SELECT * FROM `hs_fashion` ORDER BY id LIMIT 0,12   [ RunTime:0.001000s ]

[ 2016-05-19T16:21:57+08:00 ] 127.0.0.1 /Home/Fashion/ajaxfashion.html?p=5
INFO: [ app_begin ] --START--
INFO: Run Behavior\ReadHtmlCacheBehavior [ RunTime:0.003000s ]
INFO: [ app_begin ] --END-- [ RunTime:0.006000s ]
NOTIC: [8] A session had already been started - ignoring session_start() C:\wamp\www\project\ThinkPHP\Common\functions.php 第 1190 行.
SQL: SHOW COLUMNS FROM `hs_fashion` [ RunTime:0.015001s ]
NOTIC: [8] Undefined variable: _GEt C:\wamp\www\project\web\Home\Controller\FashionController.class.php 第 49 行.
SQL: SELECT * FROM `hs_fashion` ORDER BY id LIMIT 0,12   [ RunTime:0.001000s ]

[ 2016-05-19T16:22:55+08:00 ] 127.0.0.1 /Home/Fashion/ajaxfashion.html?p=1
INFO: [ app_begin ] --START--
INFO: Run Behavior\ReadHtmlCacheBehavior [ RunTime:0.002001s ]
INFO: [ app_begin ] --END-- [ RunTime:0.010001s ]
NOTIC: [8] A session had already been started - ignoring session_start() C:\wamp\www\project\ThinkPHP\Common\functions.php 第 1190 行.
SQL: SHOW COLUMNS FROM `hs_fashion` [ RunTime:0.005000s ]
NOTIC: [8] Undefined variable: _GEt C:\wamp\www\project\web\Home\Controller\FashionController.class.php 第 49 行.
SQL: SELECT * FROM `hs_fashion` ORDER BY id LIMIT 0,12   [ RunTime:0.001000s ]

[ 2016-05-19T16:22:57+08:00 ] 127.0.0.1 /Home/Fashion/ajaxfashion.html?p=2
INFO: [ app_begin ] --START--
INFO: Run Behavior\ReadHtmlCacheBehavior [ RunTime:0.012001s ]
INFO: [ app_begin ] --END-- [ RunTime:0.013001s ]
NOTIC: [8] A session had already been started - ignoring session_start() C:\wamp\www\project\ThinkPHP\Common\functions.php 第 1190 行.
SQL: SHOW COLUMNS FROM `hs_fashion` [ RunTime:0.012001s ]
NOTIC: [8] Undefined variable: _GEt C:\wamp\www\project\web\Home\Controller\FashionController.class.php 第 49 行.
SQL: SELECT * FROM `hs_fashion` ORDER BY id LIMIT 0,12   [ RunTime:0.000000s ]

[ 2016-05-19T16:23:53+08:00 ] 127.0.0.1 /Home/Fashion/ajaxfashion.html?p=1
INFO: [ app_begin ] --START--
INFO: Run Behavior\ReadHtmlCacheBehavior [ RunTime:0.002000s ]
INFO: [ app_begin ] --END-- [ RunTime:0.003000s ]
NOTIC: [8] A session had already been started - ignoring session_start() C:\wamp\www\project\ThinkPHP\Common\functions.php 第 1190 行.
SQL: SHOW COLUMNS FROM `hs_fashion` [ RunTime:0.009000s ]
NOTIC: [8] Undefined variable: _GEt C:\wamp\www\project\web\Home\Controller\FashionController.class.php 第 49 行.
SQL: SELECT * FROM `hs_fashion` ORDER BY id LIMIT 0,12   [ RunTime:0.001000s ]

[ 2016-05-19T16:23:53+08:00 ] 127.0.0.1 /Home/Fashion/ajaxfashion.html?p=2
INFO: [ app_begin ] --START--
INFO: Run Behavior\ReadHtmlCacheBehavior [ RunTime:0.001000s ]
INFO: [ app_begin ] --END-- [ RunTime:0.006000s ]
NOTIC: [8] A session had already been started - ignoring session_start() C:\wamp\www\project\ThinkPHP\Common\functions.php 第 1190 行.
SQL: SHOW COLUMNS FROM `hs_fashion` [ RunTime:0.012000s ]
NOTIC: [8] Undefined variable: _GEt C:\wamp\www\project\web\Home\Controller\FashionController.class.php 第 49 行.
SQL: SELECT * FROM `hs_fashion` ORDER BY id LIMIT 0,12   [ RunTime:0.001001s ]

[ 2016-05-19T16:23:55+08:00 ] 127.0.0.1 /Home/Fashion/ajaxfashion.html?p=3
INFO: [ app_begin ] --START--
INFO: Run Behavior\ReadHtmlCacheBehavior [ RunTime:0.001000s ]
INFO: [ app_begin ] --END-- [ RunTime:0.003000s ]
NOTIC: [8] A session had already been started - ignoring session_start() C:\wamp\www\project\ThinkPHP\Common\functions.php 第 1190 行.
SQL: SHOW COLUMNS FROM `hs_fashion` [ RunTime:0.008000s ]
NOTIC: [8] Undefined variable: _GEt C:\wamp\www\project\web\Home\Controller\FashionController.class.php 第 49 行.
SQL: SELECT * FROM `hs_fashion` ORDER BY id LIMIT 0,12   [ RunTime:0.001000s ]

[ 2016-05-19T16:25:56+08:00 ] 127.0.0.1 /Home/Fashion/ajaxfashion.html?p=1
INFO: [ app_begin ] --START--
INFO: Run Behavior\ReadHtmlCacheBehavior [ RunTime:0.001000s ]
INFO: [ app_begin ] --END-- [ RunTime:0.002000s ]
NOTIC: [8] A session had already been started - ignoring session_start() C:\wamp\www\project\ThinkPHP\Common\functions.php 第 1190 行.
SQL: SHOW COLUMNS FROM `hs_fashion` [ RunTime:0.006000s ]
NOTIC: [8] Undefined variable: _GEt C:\wamp\www\project\web\Home\Controller\FashionController.class.php 第 49 行.
SQL: SELECT * FROM `hs_fashion` ORDER BY id LIMIT 0,12   [ RunTime:0.001000s ]

[ 2016-05-19T16:25:57+08:00 ] 127.0.0.1 /Home/Fashion/ajaxfashion.html?p=2
INFO: [ app_begin ] --START--
INFO: Run Behavior\ReadHtmlCacheBehavior [ RunTime:0.001000s ]
INFO: [ app_begin ] --END-- [ RunTime:0.002000s ]
NOTIC: [8] A session had already been started - ignoring session_start() C:\wamp\www\project\ThinkPHP\Common\functions.php 第 1190 行.
SQL: SHOW COLUMNS FROM `hs_fashion` [ RunTime:0.006000s ]
NOTIC: [8] Undefined variable: _GEt C:\wamp\www\project\web\Home\Controller\FashionController.class.php 第 49 行.
SQL: SELECT * FROM `hs_fashion` ORDER BY id LIMIT 0,12   [ RunTime:0.001000s ]

[ 2016-05-19T16:26:05+08:00 ] 127.0.0.1 /Home/Fashion/ajaxfashion.html?p=1
INFO: [ app_begin ] --START--
INFO: Run Behavior\ReadHtmlCacheBehavior [ RunTime:0.001000s ]
INFO: [ app_begin ] --END-- [ RunTime:0.002000s ]
NOTIC: [8] A session had already been started - ignoring session_start() C:\wamp\www\project\ThinkPHP\Common\functions.php 第 1190 行.
SQL: SHOW COLUMNS FROM `hs_fashion` [ RunTime:0.005000s ]
NOTIC: [8] Undefined variable: _GEt C:\wamp\www\project\web\Home\Controller\FashionController.class.php 第 49 行.
SQL: SELECT * FROM `hs_fashion` ORDER BY id LIMIT 0,12   [ RunTime:0.000000s ]

[ 2016-05-19T16:26:06+08:00 ] 127.0.0.1 /Home/Fashion/ajaxfashion.html?p=2
INFO: [ app_begin ] --START--
INFO: Run Behavior\ReadHtmlCacheBehavior [ RunTime:0.001000s ]
INFO: [ app_begin ] --END-- [ RunTime:0.002000s ]
NOTIC: [8] A session had already been started - ignoring session_start() C:\wamp\www\project\ThinkPHP\Common\functions.php 第 1190 行.
SQL: SHOW COLUMNS FROM `hs_fashion` [ RunTime:0.005000s ]
NOTIC: [8] Undefined variable: _GEt C:\wamp\www\project\web\Home\Controller\FashionController.class.php 第 49 行.
SQL: SELECT * FROM `hs_fashion` ORDER BY id LIMIT 0,12   [ RunTime:0.001000s ]

[ 2016-05-19T16:26:23+08:00 ] 127.0.0.1 /Home/Fashion/ajaxfashion.html?p=1
INFO: [ app_begin ] --START--
INFO: Run Behavior\ReadHtmlCacheBehavior [ RunTime:0.002000s ]
INFO: [ app_begin ] --END-- [ RunTime:0.003000s ]
NOTIC: [8] A session had already been started - ignoring session_start() C:\wamp\www\project\ThinkPHP\Common\functions.php 第 1190 行.
SQL: SHOW COLUMNS FROM `hs_fashion` [ RunTime:0.007001s ]
NOTIC: [8] Undefined variable: _GEt C:\wamp\www\project\web\Home\Controller\FashionController.class.php 第 49 行.
SQL: SELECT * FROM `hs_fashion` ORDER BY id LIMIT 0,12   [ RunTime:0.005000s ]

[ 2016-05-19T16:26:57+08:00 ] 127.0.0.1 /Home/Fashion/ajaxfashion.html?p=1
INFO: [ app_begin ] --START--
INFO: Run Behavior\ReadHtmlCacheBehavior [ RunTime:0.001000s ]
INFO: [ app_begin ] --END-- [ RunTime:0.002000s ]
NOTIC: [8] A session had already been started - ignoring session_start() C:\wamp\www\project\ThinkPHP\Common\functions.php 第 1190 行.
SQL: SHOW COLUMNS FROM `hs_fashion` [ RunTime:0.030002s ]
NOTIC: [8] Undefined variable: _GEt C:\wamp\www\project\web\Home\Controller\FashionController.class.php 第 49 行.
SQL: SELECT * FROM `hs_fashion` ORDER BY id LIMIT 0,12   [ RunTime:0.003000s ]

[ 2016-05-19T16:27:00+08:00 ] 127.0.0.1 /Home/Fashion/ajaxfashion.html?p=2
INFO: [ app_begin ] --START--
INFO: Run Behavior\ReadHtmlCacheBehavior [ RunTime:0.003000s ]
INFO: [ app_begin ] --END-- [ RunTime:0.005000s ]
NOTIC: [8] A session had already been started - ignoring session_start() C:\wamp\www\project\ThinkPHP\Common\functions.php 第 1190 行.
SQL: SHOW COLUMNS FROM `hs_fashion` [ RunTime:0.014001s ]
NOTIC: [8] Undefined variable: _GEt C:\wamp\www\project\web\Home\Controller\FashionController.class.php 第 49 行.
SQL: SELECT * FROM `hs_fashion` ORDER BY id LIMIT 0,12   [ RunTime:0.002000s ]

[ 2016-05-19T16:27:07+08:00 ] 127.0.0.1 /Home/Fashion/ajaxfashion.html?p=1
INFO: [ app_begin ] --START--
INFO: Run Behavior\ReadHtmlCacheBehavior [ RunTime:0.001000s ]
INFO: [ app_begin ] --END-- [ RunTime:0.002000s ]
NOTIC: [8] A session had already been started - ignoring session_start() C:\wamp\www\project\ThinkPHP\Common\functions.php 第 1190 行.
SQL: SHOW COLUMNS FROM `hs_fashion` [ RunTime:0.006000s ]
NOTIC: [8] Undefined variable: _GEt C:\wamp\www\project\web\Home\Controller\FashionController.class.php 第 49 行.
SQL: SELECT * FROM `hs_fashion` ORDER BY id LIMIT 0,12   [ RunTime:0.001001s ]

[ 2016-05-19T16:27:08+08:00 ] 127.0.0.1 /Home/Fashion/ajaxfashion.html?p=2
INFO: [ app_begin ] --START--
INFO: Run Behavior\ReadHtmlCacheBehavior [ RunTime:0.002001s ]
INFO: [ app_begin ] --END-- [ RunTime:0.002001s ]
NOTIC: [8] A session had already been started - ignoring session_start() C:\wamp\www\project\ThinkPHP\Common\functions.php 第 1190 行.
SQL: SHOW COLUMNS FROM `hs_fashion` [ RunTime:0.034002s ]
NOTIC: [8] Undefined variable: _GEt C:\wamp\www\project\web\Home\Controller\FashionController.class.php 第 49 行.
SQL: SELECT * FROM `hs_fashion` ORDER BY id LIMIT 0,12   [ RunTime:0.002000s ]

[ 2016-05-19T16:27:08+08:00 ] 127.0.0.1 /Home/Fashion/ajaxfashion.html?p=3
INFO: [ app_begin ] --START--
INFO: Run Behavior\ReadHtmlCacheBehavior [ RunTime:0.001000s ]
INFO: [ app_begin ] --END-- [ RunTime:0.002000s ]
NOTIC: [8] A session had already been started - ignoring session_start() C:\wamp\www\project\ThinkPHP\Common\functions.php 第 1190 行.
SQL: SHOW COLUMNS FROM `hs_fashion` [ RunTime:0.023002s ]
NOTIC: [8] Undefined variable: _GEt C:\wamp\www\project\web\Home\Controller\FashionController.class.php 第 49 行.
SQL: SELECT * FROM `hs_fashion` ORDER BY id LIMIT 0,12   [ RunTime:0.001000s ]

[ 2016-05-19T16:28:28+08:00 ] 127.0.0.1 /Home/Fashion/ajaxfashion.html?p=1
INFO: [ app_begin ] --START--
INFO: Run Behavior\ReadHtmlCacheBehavior [ RunTime:0.002001s ]
INFO: [ app_begin ] --END-- [ RunTime:0.003001s ]
NOTIC: [8] A session had already been started - ignoring session_start() C:\wamp\www\project\ThinkPHP\Common\functions.php 第 1190 行.
SQL: SHOW COLUMNS FROM `hs_fashion` [ RunTime:0.007000s ]
NOTIC: [8] Undefined variable: _GEt C:\wamp\www\project\web\Home\Controller\FashionController.class.php 第 49 行.
SQL: SELECT * FROM `hs_fashion` ORDER BY id LIMIT 0,12   [ RunTime:0.001000s ]

[ 2016-05-19T16:28:38+08:00 ] 127.0.0.1 /Home/Fashion/ajaxfashion.html?p=1
INFO: [ app_begin ] --START--
INFO: Run Behavior\ReadHtmlCacheBehavior [ RunTime:0.001000s ]
INFO: [ app_begin ] --END-- [ RunTime:0.002000s ]
NOTIC: [8] A session had already been started - ignoring session_start() C:\wamp\www\project\ThinkPHP\Common\functions.php 第 1190 行.
SQL: SHOW COLUMNS FROM `hs_fashion` [ RunTime:0.005001s ]
NOTIC: [8] Undefined variable: _GEt C:\wamp\www\project\web\Home\Controller\FashionController.class.php 第 49 行.
SQL: SELECT * FROM `hs_fashion` ORDER BY id LIMIT 0,12   [ RunTime:0.001000s ]

[ 2016-05-19T16:28:54+08:00 ] 127.0.0.1 /Home/Fashion/ajaxfashion.html?p=1
INFO: [ app_begin ] --START--
INFO: Run Behavior\ReadHtmlCacheBehavior [ RunTime:0.001000s ]
INFO: [ app_begin ] --END-- [ RunTime:0.002000s ]
NOTIC: [8] A session had already been started - ignoring session_start() C:\wamp\www\project\ThinkPHP\Common\functions.php 第 1190 行.
SQL: SHOW COLUMNS FROM `hs_fashion` [ RunTime:0.017001s ]
NOTIC: [8] Undefined variable: _GEt C:\wamp\www\project\web\Home\Controller\FashionController.class.php 第 49 行.
SQL: SELECT * FROM `hs_fashion` ORDER BY id LIMIT 0,12   [ RunTime:0.001000s ]

[ 2016-05-19T16:28:57+08:00 ] 127.0.0.1 /Home/Fashion/ajaxfashion.html?p=2
INFO: [ app_begin ] --START--
INFO: Run Behavior\ReadHtmlCacheBehavior [ RunTime:0.003000s ]
INFO: [ app_begin ] --END-- [ RunTime:0.005000s ]
NOTIC: [8] A session had already been started - ignoring session_start() C:\wamp\www\project\ThinkPHP\Common\functions.php 第 1190 行.
SQL: SHOW COLUMNS FROM `hs_fashion` [ RunTime:0.022002s ]
NOTIC: [8] Undefined variable: _GEt C:\wamp\www\project\web\Home\Controller\FashionController.class.php 第 49 行.
SQL: SELECT * FROM `hs_fashion` ORDER BY id LIMIT 0,12   [ RunTime:0.002000s ]

[ 2016-05-19T16:29:37+08:00 ] 127.0.0.1 /Home/Fashion/ajaxfashion.html?p=1
INFO: [ app_begin ] --START--
INFO: Run Behavior\ReadHtmlCacheBehavior [ RunTime:0.001000s ]
INFO: [ app_begin ] --END-- [ RunTime:0.002000s ]
NOTIC: [8] A session had already been started - ignoring session_start() C:\wamp\www\project\ThinkPHP\Common\functions.php 第 1190 行.
SQL: SHOW COLUMNS FROM `hs_fashion` [ RunTime:0.022001s ]
NOTIC: [8] Undefined variable: _GEt C:\wamp\www\project\web\Home\Controller\FashionController.class.php 第 49 行.
SQL: SELECT * FROM `hs_fashion` ORDER BY id LIMIT 0,12   [ RunTime:0.001000s ]

[ 2016-05-19T16:31:40+08:00 ] 127.0.0.1 /Home/Fashion/ajaxfashion.html?p=1
INFO: [ app_begin ] --START--
INFO: Run Behavior\ReadHtmlCacheBehavior [ RunTime:0.001000s ]
INFO: [ app_begin ] --END-- [ RunTime:0.002000s ]
NOTIC: [8] A session had already been started - ignoring session_start() C:\wamp\www\project\ThinkPHP\Common\functions.php 第 1190 行.
SQL: SHOW COLUMNS FROM `hs_fashion` [ RunTime:0.007001s ]
NOTIC: [8] Undefined variable: _GEt C:\wamp\www\project\web\Home\Controller\FashionController.class.php 第 49 行.
SQL: SELECT * FROM `hs_fashion` ORDER BY id LIMIT 0,12   [ RunTime:0.001000s ]

[ 2016-05-19T16:31:59+08:00 ] 127.0.0.1 /Home/Fashion/ajaxfashion.html?p=1
INFO: [ app_begin ] --START--
INFO: Run Behavior\ReadHtmlCacheBehavior [ RunTime:0.003000s ]
INFO: [ app_begin ] --END-- [ RunTime:0.004000s ]
NOTIC: [8] A session had already been started - ignoring session_start() C:\wamp\www\project\ThinkPHP\Common\functions.php 第 1190 行.
SQL: SHOW COLUMNS FROM `hs_fashion` [ RunTime:0.006000s ]
NOTIC: [8] Undefined variable: _GEt C:\wamp\www\project\web\Home\Controller\FashionController.class.php 第 49 行.
SQL: SELECT * FROM `hs_fashion` ORDER BY id LIMIT 0,12   [ RunTime:0.001000s ]

[ 2016-05-19T16:32:35+08:00 ] 127.0.0.1 /Home/Fashion/ajaxfashion.html?p=1
INFO: [ app_begin ] --START--
INFO: Run Behavior\ReadHtmlCacheBehavior [ RunTime:0.003000s ]
INFO: [ app_begin ] --END-- [ RunTime:0.004000s ]
NOTIC: [8] A session had already been started - ignoring session_start() C:\wamp\www\project\ThinkPHP\Common\functions.php 第 1190 行.
SQL: SHOW COLUMNS FROM `hs_fashion` [ RunTime:0.006000s ]
NOTIC: [8] Undefined variable: _GEt C:\wamp\www\project\web\Home\Controller\FashionController.class.php 第 49 行.
SQL: SELECT * FROM `hs_fashion` ORDER BY id LIMIT 0,12   [ RunTime:0.001000s ]

[ 2016-05-19T16:34:09+08:00 ] 127.0.0.1 /Home/Fashion/ajaxfashion.html?p=1
INFO: [ app_begin ] --START--
INFO: Run Behavior\ReadHtmlCacheBehavior [ RunTime:0.001000s ]
INFO: [ app_begin ] --END-- [ RunTime:0.002000s ]
NOTIC: [8] A session had already been started - ignoring session_start() C:\wamp\www\project\ThinkPHP\Common\functions.php 第 1190 行.
SQL: SHOW COLUMNS FROM `hs_fashion` [ RunTime:0.007001s ]
NOTIC: [8] Undefined variable: _GEt C:\wamp\www\project\web\Home\Controller\FashionController.class.php 第 49 行.
SQL: SELECT * FROM `hs_fashion` ORDER BY id LIMIT 0,12   [ RunTime:0.001000s ]

[ 2016-05-19T16:34:09+08:00 ] 127.0.0.1 /Home/Fashion/ajaxfashion.html?p=2
INFO: [ app_begin ] --START--
INFO: Run Behavior\ReadHtmlCacheBehavior [ RunTime:0.003000s ]
INFO: [ app_begin ] --END-- [ RunTime:0.004000s ]
NOTIC: [8] A session had already been started - ignoring session_start() C:\wamp\www\project\ThinkPHP\Common\functions.php 第 1190 行.
SQL: SHOW COLUMNS FROM `hs_fashion` [ RunTime:0.018001s ]
NOTIC: [8] Undefined variable: _GEt C:\wamp\www\project\web\Home\Controller\FashionController.class.php 第 49 行.
SQL: SELECT * FROM `hs_fashion` ORDER BY id LIMIT 0,12   [ RunTime:0.000000s ]

[ 2016-05-19T16:34:17+08:00 ] 127.0.0.1 /Home/Fashion/ajaxfashion.html?p=3
INFO: [ app_begin ] --START--
INFO: Run Behavior\ReadHtmlCacheBehavior [ RunTime:0.003001s ]
INFO: [ app_begin ] --END-- [ RunTime:0.005001s ]
NOTIC: [8] A session had already been started - ignoring session_start() C:\wamp\www\project\ThinkPHP\Common\functions.php 第 1190 行.
SQL: SHOW COLUMNS FROM `hs_fashion` [ RunTime:0.014001s ]
NOTIC: [8] Undefined variable: _GEt C:\wamp\www\project\web\Home\Controller\FashionController.class.php 第 49 行.
SQL: SELECT * FROM `hs_fashion` ORDER BY id LIMIT 0,12   [ RunTime:0.001000s ]

[ 2016-05-19T16:34:18+08:00 ] 127.0.0.1 /Home/Fashion/ajaxfashion.html?p=4
INFO: [ app_begin ] --START--
INFO: Run Behavior\ReadHtmlCacheBehavior [ RunTime:0.003000s ]
INFO: [ app_begin ] --END-- [ RunTime:0.005000s ]
NOTIC: [8] A session had already been started - ignoring session_start() C:\wamp\www\project\ThinkPHP\Common\functions.php 第 1190 行.
SQL: SHOW COLUMNS FROM `hs_fashion` [ RunTime:0.007000s ]
NOTIC: [8] Undefined variable: _GEt C:\wamp\www\project\web\Home\Controller\FashionController.class.php 第 49 行.
SQL: SELECT * FROM `hs_fashion` ORDER BY id LIMIT 0,12   [ RunTime:0.001000s ]

[ 2016-05-19T16:35:22+08:00 ] 127.0.0.1 /Home/Fashion/ajaxfashion.html?p=1
INFO: [ app_begin ] --START--
INFO: Run Behavior\ReadHtmlCacheBehavior [ RunTime:0.001000s ]
INFO: [ app_begin ] --END-- [ RunTime:0.002000s ]
NOTIC: [8] A session had already been started - ignoring session_start() C:\wamp\www\project\ThinkPHP\Common\functions.php 第 1190 行.
SQL: SHOW COLUMNS FROM `hs_fashion` [ RunTime:0.006001s ]
NOTIC: [8] Undefined variable: _GEt C:\wamp\www\project\web\Home\Controller\FashionController.class.php 第 49 行.
SQL: SELECT * FROM `hs_fashion` ORDER BY id LIMIT 0,12   [ RunTime:0.001000s ]

[ 2016-05-19T16:35:44+08:00 ] 127.0.0.1 /Home/Fashion/ajaxfashion.html?p=1
INFO: [ app_begin ] --START--
INFO: Run Behavior\ReadHtmlCacheBehavior [ RunTime:0.001000s ]
INFO: [ app_begin ] --END-- [ RunTime:0.002000s ]
NOTIC: [8] A session had already been started - ignoring session_start() C:\wamp\www\project\ThinkPHP\Common\functions.php 第 1190 行.
SQL: SHOW COLUMNS FROM `hs_fashion` [ RunTime:0.008000s ]
NOTIC: [8] Undefined variable: _GEt C:\wamp\www\project\web\Home\Controller\FashionController.class.php 第 49 行.
SQL: SELECT * FROM `hs_fashion` ORDER BY id LIMIT 0,12   [ RunTime:0.001000s ]

[ 2016-05-19T16:35:52+08:00 ] 127.0.0.1 /Home/Fashion/ajaxfashion.html?p=2
INFO: [ app_begin ] --START--
INFO: Run Behavior\ReadHtmlCacheBehavior [ RunTime:0.003000s ]
INFO: [ app_begin ] --END-- [ RunTime:0.004000s ]
NOTIC: [8] A session had already been started - ignoring session_start() C:\wamp\www\project\ThinkPHP\Common\functions.php 第 1190 行.
SQL: SHOW COLUMNS FROM `hs_fashion` [ RunTime:0.014000s ]
NOTIC: [8] Undefined variable: _GEt C:\wamp\www\project\web\Home\Controller\FashionController.class.php 第 49 行.
SQL: SELECT * FROM `hs_fashion` ORDER BY id LIMIT 0,12   [ RunTime:0.001000s ]

[ 2016-05-19T16:36:34+08:00 ] 127.0.0.1 /Home/Fashion/ajaxfashion.html?p=1
INFO: [ app_begin ] --START--
INFO: Run Behavior\ReadHtmlCacheBehavior [ RunTime:0.002000s ]
INFO: [ app_begin ] --END-- [ RunTime:0.003000s ]
NOTIC: [8] A session had already been started - ignoring session_start() C:\wamp\www\project\ThinkPHP\Common\functions.php 第 1190 行.
SQL: SHOW COLUMNS FROM `hs_fashion` [ RunTime:0.009001s ]
NOTIC: [8] Undefined variable: _GEt C:\wamp\www\project\web\Home\Controller\FashionController.class.php 第 49 行.
SQL: SELECT * FROM `hs_fashion` ORDER BY id LIMIT 0,12   [ RunTime:0.001000s ]

[ 2016-05-19T16:36:44+08:00 ] 127.0.0.1 /Home/Fashion/ajaxfashion.html?p=1
INFO: [ app_begin ] --START--
INFO: Run Behavior\ReadHtmlCacheBehavior [ RunTime:0.001000s ]
INFO: [ app_begin ] --END-- [ RunTime:0.002000s ]
NOTIC: [8] A session had already been started - ignoring session_start() C:\wamp\www\project\ThinkPHP\Common\functions.php 第 1190 行.
SQL: SHOW COLUMNS FROM `hs_fashion` [ RunTime:0.006000s ]
NOTIC: [8] Undefined variable: _GEt C:\wamp\www\project\web\Home\Controller\FashionController.class.php 第 49 行.
SQL: SELECT * FROM `hs_fashion` ORDER BY id LIMIT 0,12   [ RunTime:0.003001s ]

[ 2016-05-19T16:38:33+08:00 ] 127.0.0.1 /Home/Fashion/ajaxfashion.html?p=1
INFO: [ app_begin ] --START--
INFO: Run Behavior\ReadHtmlCacheBehavior [ RunTime:0.001000s ]
INFO: [ app_begin ] --END-- [ RunTime:0.002000s ]
NOTIC: [8] A session had already been started - ignoring session_start() C:\wamp\www\project\ThinkPHP\Common\functions.php 第 1190 行.
SQL: SHOW COLUMNS FROM `hs_fashion` [ RunTime:0.007000s ]
NOTIC: [8] Undefined variable: _GEt C:\wamp\www\project\web\Home\Controller\FashionController.class.php 第 49 行.
SQL: SELECT * FROM `hs_fashion` ORDER BY id LIMIT 0,12   [ RunTime:0.002000s ]

[ 2016-05-19T16:38:41+08:00 ] 127.0.0.1 /Home/Fashion/ajaxfashion.html?p=2
INFO: [ app_begin ] --START--
INFO: Run Behavior\ReadHtmlCacheBehavior [ RunTime:0.002000s ]
INFO: [ app_begin ] --END-- [ RunTime:0.003001s ]
NOTIC: [8] A session had already been started - ignoring session_start() C:\wamp\www\project\ThinkPHP\Common\functions.php 第 1190 行.
SQL: SHOW COLUMNS FROM `hs_fashion` [ RunTime:0.006000s ]
NOTIC: [8] Undefined variable: _GEt C:\wamp\www\project\web\Home\Controller\FashionController.class.php 第 49 行.
SQL: SELECT * FROM `hs_fashion` ORDER BY id LIMIT 0,12   [ RunTime:0.001000s ]

[ 2016-05-19T16:39:53+08:00 ] 127.0.0.1 /Home/Fashion/ajaxfashion.html?p=1
INFO: [ app_begin ] --START--
INFO: Run Behavior\ReadHtmlCacheBehavior [ RunTime:0.001000s ]
INFO: [ app_begin ] --END-- [ RunTime:0.002000s ]
NOTIC: [8] A session had already been started - ignoring session_start() C:\wamp\www\project\ThinkPHP\Common\functions.php 第 1190 行.
SQL: SHOW COLUMNS FROM `hs_fashion` [ RunTime:0.009001s ]
NOTIC: [8] Undefined variable: _GEt C:\wamp\www\project\web\Home\Controller\FashionController.class.php 第 49 行.
SQL: SELECT * FROM `hs_fashion` ORDER BY id LIMIT 0,12   [ RunTime:0.001000s ]

[ 2016-05-19T16:39:53+08:00 ] 127.0.0.1 /Home/Fashion/ajaxfashion.html?p=2
INFO: [ app_begin ] --START--
INFO: Run Behavior\ReadHtmlCacheBehavior [ RunTime:0.001000s ]
INFO: [ app_begin ] --END-- [ RunTime:0.002000s ]
NOTIC: [8] A session had already been started - ignoring session_start() C:\wamp\www\project\ThinkPHP\Common\functions.php 第 1190 行.
SQL: SHOW COLUMNS FROM `hs_fashion` [ RunTime:0.007000s ]
NOTIC: [8] Undefined variable: _GEt C:\wamp\www\project\web\Home\Controller\FashionController.class.php 第 49 行.
SQL: SELECT * FROM `hs_fashion` ORDER BY id LIMIT 0,12   [ RunTime:0.006001s ]

[ 2016-05-19T16:41:00+08:00 ] 127.0.0.1 /Home/Fashion/ajaxfashion.html?p=1
INFO: [ app_begin ] --START--
INFO: Run Behavior\ReadHtmlCacheBehavior [ RunTime:0.003000s ]
INFO: [ app_begin ] --END-- [ RunTime:0.008000s ]
NOTIC: [8] A session had already been started - ignoring session_start() C:\wamp\www\project\ThinkPHP\Common\functions.php 第 1190 行.
SQL: SHOW COLUMNS FROM `hs_fashion` [ RunTime:0.026002s ]
NOTIC: [8] Undefined variable: _GEt C:\wamp\www\project\web\Home\Controller\FashionController.class.php 第 49 行.
SQL: SELECT * FROM `hs_fashion` ORDER BY id LIMIT 0,12   [ RunTime:0.001000s ]

[ 2016-05-19T16:45:47+08:00 ] 127.0.0.1 /Home/Fashion/ajaxfashion.html?p=1
INFO: [ app_begin ] --START--
INFO: Run Behavior\ReadHtmlCacheBehavior [ RunTime:0.003001s ]
INFO: [ app_begin ] --END-- [ RunTime:0.004001s ]
NOTIC: [8] A session had already been started - ignoring session_start() C:\wamp\www\project\ThinkPHP\Common\functions.php 第 1190 行.
SQL: SHOW COLUMNS FROM `hs_fashion` [ RunTime:0.009000s ]
NOTIC: [8] Undefined variable: _GEt C:\wamp\www\project\web\Home\Controller\FashionController.class.php 第 49 行.
SQL: SELECT * FROM `hs_fashion` ORDER BY id LIMIT 0,12   [ RunTime:0.002000s ]

[ 2016-05-19T16:45:47+08:00 ] 127.0.0.1 /Home/Fashion/ajaxfashion.html?p=2
INFO: [ app_begin ] --START--
INFO: Run Behavior\ReadHtmlCacheBehavior [ RunTime:0.002000s ]
INFO: [ app_begin ] --END-- [ RunTime:0.038002s ]
NOTIC: [8] A session had already been started - ignoring session_start() C:\wamp\www\project\ThinkPHP\Common\functions.php 第 1190 行.
SQL: SHOW COLUMNS FROM `hs_fashion` [ RunTime:0.034002s ]
NOTIC: [8] Undefined variable: _GEt C:\wamp\www\project\web\Home\Controller\FashionController.class.php 第 49 行.
SQL: SELECT * FROM `hs_fashion` ORDER BY id LIMIT 0,12   [ RunTime:0.000000s ]

[ 2016-05-19T16:46:17+08:00 ] 127.0.0.1 /Home/Fashion/ajaxfashion.html?p=3
INFO: [ app_begin ] --START--
INFO: Run Behavior\ReadHtmlCacheBehavior [ RunTime:0.002000s ]
INFO: [ app_begin ] --END-- [ RunTime:0.005001s ]
NOTIC: [8] A session had already been started - ignoring session_start() C:\wamp\www\project\ThinkPHP\Common\functions.php 第 1190 行.
SQL: SHOW COLUMNS FROM `hs_fashion` [ RunTime:0.022001s ]
NOTIC: [8] Undefined variable: _GEt C:\wamp\www\project\web\Home\Controller\FashionController.class.php 第 49 行.
SQL: SELECT * FROM `hs_fashion` ORDER BY id LIMIT 0,12   [ RunTime:0.001000s ]

[ 2016-05-19T16:46:19+08:00 ] 127.0.0.1 /Home/Fashion/ajaxfashion.html?p=4
INFO: [ app_begin ] --START--
INFO: Run Behavior\ReadHtmlCacheBehavior [ RunTime:0.003001s ]
INFO: [ app_begin ] --END-- [ RunTime:0.007001s ]
NOTIC: [8] A session had already been started - ignoring session_start() C:\wamp\www\project\ThinkPHP\Common\functions.php 第 1190 行.
SQL: SHOW COLUMNS FROM `hs_fashion` [ RunTime:0.007000s ]
NOTIC: [8] Undefined variable: _GEt C:\wamp\www\project\web\Home\Controller\FashionController.class.php 第 49 行.
SQL: SELECT * FROM `hs_fashion` ORDER BY id LIMIT 0,12   [ RunTime:0.001000s ]

[ 2016-05-19T16:46:19+08:00 ] 127.0.0.1 /Home/Fashion/ajaxfashion.html?p=5
INFO: [ app_begin ] --START--
INFO: Run Behavior\ReadHtmlCacheBehavior [ RunTime:0.004000s ]
INFO: [ app_begin ] --END-- [ RunTime:0.007000s ]
NOTIC: [8] A session had already been started - ignoring session_start() C:\wamp\www\project\ThinkPHP\Common\functions.php 第 1190 行.
SQL: SHOW COLUMNS FROM `hs_fashion` [ RunTime:0.013001s ]
NOTIC: [8] Undefined variable: _GEt C:\wamp\www\project\web\Home\Controller\FashionController.class.php 第 49 行.
SQL: SELECT * FROM `hs_fashion` ORDER BY id LIMIT 0,12   [ RunTime:0.001000s ]

[ 2016-05-19T16:46:21+08:00 ] 127.0.0.1 /Home/Fashion/ajaxfashion.html?p=6
INFO: [ app_begin ] --START--
INFO: Run Behavior\ReadHtmlCacheBehavior [ RunTime:0.002000s ]
INFO: [ app_begin ] --END-- [ RunTime:0.005000s ]
NOTIC: [8] A session had already been started - ignoring session_start() C:\wamp\www\project\ThinkPHP\Common\functions.php 第 1190 行.
SQL: SHOW COLUMNS FROM `hs_fashion` [ RunTime:0.014000s ]
NOTIC: [8] Undefined variable: _GEt C:\wamp\www\project\web\Home\Controller\FashionController.class.php 第 49 行.
SQL: SELECT * FROM `hs_fashion` ORDER BY id LIMIT 0,12   [ RunTime:0.001000s ]

[ 2016-05-19T16:46:22+08:00 ] 127.0.0.1 /Home/Fashion/ajaxfashion.html?p=7
INFO: [ app_begin ] --START--
INFO: Run Behavior\ReadHtmlCacheBehavior [ RunTime:0.002000s ]
INFO: [ app_begin ] --END-- [ RunTime:0.003000s ]
NOTIC: [8] A session had already been started - ignoring session_start() C:\wamp\www\project\ThinkPHP\Common\functions.php 第 1190 行.
SQL: SHOW COLUMNS FROM `hs_fashion` [ RunTime:0.007000s ]
NOTIC: [8] Undefined variable: _GEt C:\wamp\www\project\web\Home\Controller\FashionController.class.php 第 49 行.
SQL: SELECT * FROM `hs_fashion` ORDER BY id LIMIT 0,12   [ RunTime:0.001000s ]

[ 2016-05-19T16:46:22+08:00 ] 127.0.0.1 /Home/Fashion/ajaxfashion.html?p=8
INFO: [ app_begin ] --START--
INFO: Run Behavior\ReadHtmlCacheBehavior [ RunTime:0.002000s ]
INFO: [ app_begin ] --END-- [ RunTime:0.005001s ]
NOTIC: [8] A session had already been started - ignoring session_start() C:\wamp\www\project\ThinkPHP\Common\functions.php 第 1190 行.
SQL: SHOW COLUMNS FROM `hs_fashion` [ RunTime:0.014001s ]
NOTIC: [8] Undefined variable: _GEt C:\wamp\www\project\web\Home\Controller\FashionController.class.php 第 49 行.
SQL: SELECT * FROM `hs_fashion` ORDER BY id LIMIT 0,12   [ RunTime:0.001000s ]

[ 2016-05-19T16:46:23+08:00 ] 127.0.0.1 /Home/Fashion/ajaxfashion.html?p=9
INFO: [ app_begin ] --START--
INFO: Run Behavior\ReadHtmlCacheBehavior [ RunTime:0.004001s ]
INFO: [ app_begin ] --END-- [ RunTime:0.010001s ]
NOTIC: [8] A session had already been started - ignoring session_start() C:\wamp\www\project\ThinkPHP\Common\functions.php 第 1190 行.
SQL: SHOW COLUMNS FROM `hs_fashion` [ RunTime:0.014000s ]
NOTIC: [8] Undefined variable: _GEt C:\wamp\www\project\web\Home\Controller\FashionController.class.php 第 49 行.
SQL: SELECT * FROM `hs_fashion` ORDER BY id LIMIT 0,12   [ RunTime:0.002000s ]

[ 2016-05-19T16:46:24+08:00 ] 127.0.0.1 /Home/Fashion/ajaxfashion.html?p=10
INFO: [ app_begin ] --START--
INFO: Run Behavior\ReadHtmlCacheBehavior [ RunTime:0.002000s ]
INFO: [ app_begin ] --END-- [ RunTime:0.002000s ]
NOTIC: [8] A session had already been started - ignoring session_start() C:\wamp\www\project\ThinkPHP\Common\functions.php 第 1190 行.
SQL: SHOW COLUMNS FROM `hs_fashion` [ RunTime:0.007001s ]
NOTIC: [8] Undefined variable: _GEt C:\wamp\www\project\web\Home\Controller\FashionController.class.php 第 49 行.
SQL: SELECT * FROM `hs_fashion` ORDER BY id LIMIT 0,12   [ RunTime:0.001000s ]

[ 2016-05-19T16:46:25+08:00 ] 127.0.0.1 /Home/Fashion/ajaxfashion.html?p=11
INFO: [ app_begin ] --START--
INFO: Run Behavior\ReadHtmlCacheBehavior [ RunTime:0.006000s ]
INFO: [ app_begin ] --END-- [ RunTime:0.012001s ]
NOTIC: [8] A session had already been started - ignoring session_start() C:\wamp\www\project\ThinkPHP\Common\functions.php 第 1190 行.
SQL: SHOW COLUMNS FROM `hs_fashion` [ RunTime:0.016001s ]
NOTIC: [8] Undefined variable: _GEt C:\wamp\www\project\web\Home\Controller\FashionController.class.php 第 49 行.
SQL: SELECT * FROM `hs_fashion` ORDER BY id LIMIT 0,12   [ RunTime:0.002000s ]

[ 2016-05-19T16:48:27+08:00 ] 127.0.0.1 /Home/Fashion/ajaxfashion.html?p=1
INFO: [ app_begin ] --START--
INFO: Run Behavior\ReadHtmlCacheBehavior [ RunTime:0.001000s ]
INFO: [ app_begin ] --END-- [ RunTime:0.002000s ]
NOTIC: [8] A session had already been started - ignoring session_start() C:\wamp\www\project\ThinkPHP\Common\functions.php 第 1190 行.
SQL: SHOW COLUMNS FROM `hs_fashion` [ RunTime:0.007000s ]
NOTIC: [8] Undefined variable: _GEt C:\wamp\www\project\web\Home\Controller\FashionController.class.php 第 49 行.
SQL: SELECT * FROM `hs_fashion` ORDER BY id LIMIT 0,12   [ RunTime:0.001000s ]

[ 2016-05-19T16:48:29+08:00 ] 127.0.0.1 /Home/Fashion/ajaxfashion.html?p=2
INFO: [ app_begin ] --START--
INFO: Run Behavior\ReadHtmlCacheBehavior [ RunTime:0.008000s ]
INFO: [ app_begin ] --END-- [ RunTime:0.009000s ]
NOTIC: [8] A session had already been started - ignoring session_start() C:\wamp\www\project\ThinkPHP\Common\functions.php 第 1190 行.
SQL: SHOW COLUMNS FROM `hs_fashion` [ RunTime:0.007001s ]
NOTIC: [8] Undefined variable: _GEt C:\wamp\www\project\web\Home\Controller\FashionController.class.php 第 49 行.
SQL: SELECT * FROM `hs_fashion` ORDER BY id LIMIT 0,12   [ RunTime:0.001000s ]

[ 2016-05-19T16:49:06+08:00 ] 127.0.0.1 /Home/Fashion/ajaxfashion.html?p=1
INFO: [ app_begin ] --START--
INFO: Run Behavior\ReadHtmlCacheBehavior [ RunTime:0.002001s ]
INFO: [ app_begin ] --END-- [ RunTime:0.009001s ]
NOTIC: [8] A session had already been started - ignoring session_start() C:\wamp\www\project\ThinkPHP\Common\functions.php 第 1190 行.
SQL: SHOW COLUMNS FROM `hs_fashion` [ RunTime:0.009001s ]
NOTIC: [8] Undefined variable: _GEt C:\wamp\www\project\web\Home\Controller\FashionController.class.php 第 49 行.
SQL: SELECT * FROM `hs_fashion` ORDER BY id LIMIT 0,12   [ RunTime:0.002000s ]

[ 2016-05-19T16:49:15+08:00 ] 127.0.0.1 /Home/Fashion/ajaxfashion.html?p=1
INFO: [ app_begin ] --START--
INFO: Run Behavior\ReadHtmlCacheBehavior [ RunTime:0.002000s ]
INFO: [ app_begin ] --END-- [ RunTime:0.002000s ]
NOTIC: [8] A session had already been started - ignoring session_start() C:\wamp\www\project\ThinkPHP\Common\functions.php 第 1190 行.
SQL: SHOW COLUMNS FROM `hs_fashion` [ RunTime:0.007000s ]
NOTIC: [8] Undefined variable: _GEt C:\wamp\www\project\web\Home\Controller\FashionController.class.php 第 49 行.
SQL: SELECT * FROM `hs_fashion` ORDER BY id LIMIT 0,12   [ RunTime:0.001000s ]

[ 2016-05-19T16:49:17+08:00 ] 127.0.0.1 /Home/Fashion/ajaxfashion.html?p=2
INFO: [ app_begin ] --START--
INFO: Run Behavior\ReadHtmlCacheBehavior [ RunTime:0.003000s ]
INFO: [ app_begin ] --END-- [ RunTime:0.005000s ]
NOTIC: [8] A session had already been started - ignoring session_start() C:\wamp\www\project\ThinkPHP\Common\functions.php 第 1190 行.
SQL: SHOW COLUMNS FROM `hs_fashion` [ RunTime:0.022002s ]
NOTIC: [8] Undefined variable: _GEt C:\wamp\www\project\web\Home\Controller\FashionController.class.php 第 49 行.
SQL: SELECT * FROM `hs_fashion` ORDER BY id LIMIT 0,12   [ RunTime:0.007000s ]

[ 2016-05-19T18:01:11+08:00 ] 127.0.0.1 /Home/Fashion/ajaxfashion.html?p=1
INFO: [ app_begin ] --START--
INFO: Run Behavior\ReadHtmlCacheBehavior [ RunTime:0.002001s ]
INFO: [ app_begin ] --END-- [ RunTime:0.004001s ]
NOTIC: [8] A session had already been started - ignoring session_start() C:\wamp\www\project\ThinkPHP\Common\functions.php 第 1190 行.
SQL: SHOW COLUMNS FROM `hs_fashion` [ RunTime:0.015001s ]
NOTIC: [8] Undefined variable: _GEt C:\wamp\www\project\web\Home\Controller\FashionController.class.php 第 49 行.
SQL: SELECT * FROM `hs_fashion` ORDER BY id LIMIT 0,12   [ RunTime:0.001000s ]

[ 2016-05-19T18:01:13+08:00 ] 127.0.0.1 /Home/Fashion/ajaxfashion.html?p=2
INFO: [ app_begin ] --START--
INFO: Run Behavior\ReadHtmlCacheBehavior [ RunTime:0.001000s ]
INFO: [ app_begin ] --END-- [ RunTime:0.002000s ]
NOTIC: [8] A session had already been started - ignoring session_start() C:\wamp\www\project\ThinkPHP\Common\functions.php 第 1190 行.
SQL: SHOW COLUMNS FROM `hs_fashion` [ RunTime:0.007000s ]
NOTIC: [8] Undefined variable: _GEt C:\wamp\www\project\web\Home\Controller\FashionController.class.php 第 49 行.
SQL: SELECT * FROM `hs_fashion` ORDER BY id LIMIT 0,12   [ RunTime:0.004000s ]

[ 2016-05-19T18:01:16+08:00 ] 127.0.0.1 /Home/Fashion/Admin/Fashion/msg/id/5
ERR: 非法操作:Admin

[ 2016-05-19T18:01:39+08:00 ] 127.0.0.1 /Home/Fashion/Admin/Fashion/msg/id/5
ERR: 非法操作:Admin

[ 2016-05-19T18:01:43+08:00 ] 127.0.0.1 /Home/Fashion/ajaxfashion.html?p=1
INFO: [ app_begin ] --START--
INFO: Run Behavior\ReadHtmlCacheBehavior [ RunTime:0.001000s ]
INFO: [ app_begin ] --END-- [ RunTime:0.002000s ]
NOTIC: [8] A session had already been started - ignoring session_start() C:\wamp\www\project\ThinkPHP\Common\functions.php 第 1190 行.
SQL: SHOW COLUMNS FROM `hs_fashion` [ RunTime:0.008001s ]
NOTIC: [8] Undefined variable: _GEt C:\wamp\www\project\web\Home\Controller\FashionController.class.php 第 49 行.
SQL: SELECT * FROM `hs_fashion` ORDER BY id LIMIT 0,12   [ RunTime:0.000000s ]

[ 2016-05-19T18:01:43+08:00 ] 127.0.0.1 /Home/Fashion/ajaxfashion.html?p=2
INFO: [ app_begin ] --START--
INFO: Run Behavior\ReadHtmlCacheBehavior [ RunTime:0.001000s ]
INFO: [ app_begin ] --END-- [ RunTime:0.002000s ]
NOTIC: [8] A session had already been started - ignoring session_start() C:\wamp\www\project\ThinkPHP\Common\functions.php 第 1190 行.
SQL: SHOW COLUMNS FROM `hs_fashion` [ RunTime:0.005000s ]
NOTIC: [8] Undefined variable: _GEt C:\wamp\www\project\web\Home\Controller\FashionController.class.php 第 49 行.
SQL: SELECT * FROM `hs_fashion` ORDER BY id LIMIT 0,12   [ RunTime:0.000000s ]

[ 2016-05-19T18:01:51+08:00 ] 127.0.0.1 /Home/Fashion/ajaxfashion.html?p=1
INFO: [ app_begin ] --START--
INFO: Run Behavior\ReadHtmlCacheBehavior [ RunTime:0.003000s ]
INFO: [ app_begin ] --END-- [ RunTime:0.004000s ]
NOTIC: [8] A session had already been started - ignoring session_start() C:\wamp\www\project\ThinkPHP\Common\functions.php 第 1190 行.
SQL: SHOW COLUMNS FROM `hs_fashion` [ RunTime:0.011000s ]
NOTIC: [8] Undefined variable: _GEt C:\wamp\www\project\web\Home\Controller\FashionController.class.php 第 49 行.
SQL: SELECT * FROM `hs_fashion` ORDER BY id LIMIT 0,12   [ RunTime:0.001000s ]

[ 2016-05-19T18:01:56+08:00 ] 127.0.0.1 /Home/Fashion/Home/Fashion/msg/id/2
ERR: 非法操作:Home

[ 2016-05-19T18:02:10+08:00 ] 127.0.0.1 /Home/Fashion/ajaxfashion.html?p=1
INFO: [ app_begin ] --START--
INFO: Run Behavior\ReadHtmlCacheBehavior [ RunTime:0.002000s ]
INFO: [ app_begin ] --END-- [ RunTime:0.002000s ]
NOTIC: [8] A session had already been started - ignoring session_start() C:\wamp\www\project\ThinkPHP\Common\functions.php 第 1190 行.
SQL: SHOW COLUMNS FROM `hs_fashion` [ RunTime:0.007001s ]
NOTIC: [8] Undefined variable: _GEt C:\wamp\www\project\web\Home\Controller\FashionController.class.php 第 49 行.
SQL: SELECT * FROM `hs_fashion` ORDER BY id LIMIT 0,12   [ RunTime:0.001000s ]

[ 2016-05-19T18:02:37+08:00 ] 127.0.0.1 /Home/Fashion/ajaxfashion.html?p=1
INFO: [ app_begin ] --START--
INFO: Run Behavior\ReadHtmlCacheBehavior [ RunTime:0.001000s ]
INFO: [ app_begin ] --END-- [ RunTime:0.002000s ]
NOTIC: [8] A session had already been started - ignoring session_start() C:\wamp\www\project\ThinkPHP\Common\functions.php 第 1190 行.
SQL: SHOW COLUMNS FROM `hs_fashion` [ RunTime:0.005001s ]
NOTIC: [8] Undefined variable: _GEt C:\wamp\www\project\web\Home\Controller\FashionController.class.php 第 49 行.
SQL: SELECT * FROM `hs_fashion` ORDER BY id LIMIT 0,12   [ RunTime:0.001000s ]

[ 2016-05-19T18:05:22+08:00 ] 127.0.0.1 /Home/Fashion/ajaxfashion.html?p=1
INFO: [ app_begin ] --START--
INFO: Run Behavior\ReadHtmlCacheBehavior [ RunTime:0.001000s ]
INFO: [ app_begin ] --END-- [ RunTime:0.003000s ]
NOTIC: [8] A session had already been started - ignoring session_start() C:\wamp\www\project\ThinkPHP\Common\functions.php 第 1190 行.
SQL: SHOW COLUMNS FROM `hs_fashion` [ RunTime:0.008000s ]
NOTIC: [8] Undefined variable: _GEt C:\wamp\www\project\web\Home\Controller\FashionController.class.php 第 49 行.
SQL: SELECT * FROM `hs_fashion` ORDER BY id LIMIT 0,12   [ RunTime:0.001000s ]

[ 2016-05-19T18:05:22+08:00 ] 127.0.0.1 /Home/Fashion/ajaxfashion.html?p=2
INFO: [ app_begin ] --START--
INFO: Run Behavior\ReadHtmlCacheBehavior [ RunTime:0.002000s ]
INFO: [ app_begin ] --END-- [ RunTime:0.002000s ]
NOTIC: [8] A session had already been started - ignoring session_start() C:\wamp\www\project\ThinkPHP\Common\functions.php 第 1190 行.
SQL: SHOW COLUMNS FROM `hs_fashion` [ RunTime:0.006000s ]
NOTIC: [8] Undefined variable: _GEt C:\wamp\www\project\web\Home\Controller\FashionController.class.php 第 49 行.
SQL: SELECT * FROM `hs_fashion` ORDER BY id LIMIT 0,12   [ RunTime:0.001000s ]

[ 2016-05-19T18:05:25+08:00 ] 127.0.0.1 /Home/Fashion/ajaxfashion.html?p=1
INFO: [ app_begin ] --START--
INFO: Run Behavior\ReadHtmlCacheBehavior [ RunTime:0.002000s ]
INFO: [ app_begin ] --END-- [ RunTime:0.003000s ]
NOTIC: [8] A session had already been started - ignoring session_start() C:\wamp\www\project\ThinkPHP\Common\functions.php 第 1190 行.
SQL: SHOW COLUMNS FROM `hs_fashion` [ RunTime:0.006000s ]
NOTIC: [8] Undefined variable: _GEt C:\wamp\www\project\web\Home\Controller\FashionController.class.php 第 49 行.
SQL: SELECT * FROM `hs_fashion` ORDER BY id LIMIT 0,12   [ RunTime:0.001000s ]

[ 2016-05-19T18:06:04+08:00 ] 127.0.0.1 /Home/Fashion/ajaxfashion.html?p=1
INFO: [ app_begin ] --START--
INFO: Run Behavior\ReadHtmlCacheBehavior [ RunTime:0.004000s ]
INFO: [ app_begin ] --END-- [ RunTime:0.007000s ]
NOTIC: [8] A session had already been started - ignoring session_start() C:\wamp\www\project\ThinkPHP\Common\functions.php 第 1190 行.
SQL: SHOW COLUMNS FROM `hs_fashion` [ RunTime:0.006000s ]
NOTIC: [8] Undefined variable: _GEt C:\wamp\www\project\web\Home\Controller\FashionController.class.php 第 49 行.
SQL: SELECT * FROM `hs_fashion` ORDER BY id LIMIT 0,12   [ RunTime:0.001000s ]

[ 2016-05-19T18:06:09+08:00 ] 127.0.0.1 /Home/Fashion/ajaxfashion.html?p=1
INFO: [ app_begin ] --START--
INFO: Run Behavior\ReadHtmlCacheBehavior [ RunTime:0.001000s ]
INFO: [ app_begin ] --END-- [ RunTime:0.003000s ]
NOTIC: [8] A session had already been started - ignoring session_start() C:\wamp\www\project\ThinkPHP\Common\functions.php 第 1190 行.
SQL: SHOW COLUMNS FROM `hs_fashion` [ RunTime:0.010000s ]
NOTIC: [8] Undefined variable: _GEt C:\wamp\www\project\web\Home\Controller\FashionController.class.php 第 49 行.
SQL: SELECT * FROM `hs_fashion` ORDER BY id LIMIT 0,12   [ RunTime:0.002001s ]

[ 2016-05-19T18:06:09+08:00 ] 127.0.0.1 /Home/Fashion/ajaxfashion.html?p=2
INFO: [ app_begin ] --START--
INFO: Run Behavior\ReadHtmlCacheBehavior [ RunTime:0.001000s ]
INFO: [ app_begin ] --END-- [ RunTime:0.003000s ]
NOTIC: [8] A session had already been started - ignoring session_start() C:\wamp\www\project\ThinkPHP\Common\functions.php 第 1190 行.
SQL: SHOW COLUMNS FROM `hs_fashion` [ RunTime:0.006000s ]
NOTIC: [8] Undefined variable: _GEt C:\wamp\www\project\web\Home\Controller\FashionController.class.php 第 49 行.
SQL: SELECT * FROM `hs_fashion` ORDER BY id LIMIT 0,12   [ RunTime:0.000000s ]

[ 2016-05-19T18:07:54+08:00 ] 127.0.0.1 /Home/Fashion/ajaxfashion.html?p=1
INFO: [ app_begin ] --START--
INFO: Run Behavior\ReadHtmlCacheBehavior [ RunTime:0.001000s ]
INFO: [ app_begin ] --END-- [ RunTime:0.002000s ]
NOTIC: [8] A session had already been started - ignoring session_start() C:\wamp\www\project\ThinkPHP\Common\functions.php 第 1190 行.
SQL: SHOW COLUMNS FROM `hs_fashion` [ RunTime:0.007001s ]
NOTIC: [8] Undefined variable: _GEt C:\wamp\www\project\web\Home\Controller\FashionController.class.php 第 49 行.
SQL: SELECT * FROM `hs_fashion` ORDER BY id LIMIT 0,12   [ RunTime:0.001000s ]

[ 2016-05-19T18:07:54+08:00 ] 127.0.0.1 /Home/Fashion/ajaxfashion.html?p=2
INFO: [ app_begin ] --START--
INFO: Run Behavior\ReadHtmlCacheBehavior [ RunTime:0.001000s ]
INFO: [ app_begin ] --END-- [ RunTime:0.001000s ]
NOTIC: [8] A session had already been started - ignoring session_start() C:\wamp\www\project\ThinkPHP\Common\functions.php 第 1190 行.
SQL: SHOW COLUMNS FROM `hs_fashion` [ RunTime:0.017001s ]
NOTIC: [8] Undefined variable: _GEt C:\wamp\www\project\web\Home\Controller\FashionController.class.php 第 49 行.
SQL: SELECT * FROM `hs_fashion` ORDER BY id LIMIT 0,12   [ RunTime:0.000000s ]

[ 2016-05-19T18:08:01+08:00 ] 127.0.0.1 /Home/Fashion/ajaxfashion.html?p=1
INFO: [ app_begin ] --START--
INFO: Run Behavior\ReadHtmlCacheBehavior [ RunTime:0.002000s ]
INFO: [ app_begin ] --END-- [ RunTime:0.004000s ]
NOTIC: [8] A session had already been started - ignoring session_start() C:\wamp\www\project\ThinkPHP\Common\functions.php 第 1190 行.
SQL: SHOW COLUMNS FROM `hs_fashion` [ RunTime:0.009001s ]
NOTIC: [8] Undefined variable: _GEt C:\wamp\www\project\web\Home\Controller\FashionController.class.php 第 49 行.
SQL: SELECT * FROM `hs_fashion` ORDER BY id LIMIT 0,12   [ RunTime:0.002000s ]

[ 2016-05-19T18:08:03+08:00 ] 127.0.0.1 /Home/Fashion/ajaxfashion.html?p=2
INFO: [ app_begin ] --START--
INFO: Run Behavior\ReadHtmlCacheBehavior [ RunTime:0.003000s ]
INFO: [ app_begin ] --END-- [ RunTime:0.006001s ]
NOTIC: [8] A session had already been started - ignoring session_start() C:\wamp\www\project\ThinkPHP\Common\functions.php 第 1190 行.
SQL: SHOW COLUMNS FROM `hs_fashion` [ RunTime:0.029002s ]
NOTIC: [8] Undefined variable: _GEt C:\wamp\www\project\web\Home\Controller\FashionController.class.php 第 49 行.
SQL: SELECT * FROM `hs_fashion` ORDER BY id LIMIT 0,12   [ RunTime:0.001000s ]

[ 2016-05-19T18:20:24+08:00 ] 127.0.0.1 /Home/Fashion/ajaxfashion.html?p=1
INFO: [ app_begin ] --START--
INFO: Run Behavior\ReadHtmlCacheBehavior [ RunTime:0.002000s ]
INFO: [ app_begin ] --END-- [ RunTime:0.004000s ]
NOTIC: [8] A session had already been started - ignoring session_start() C:\wamp\www\project\ThinkPHP\Common\functions.php 第 1190 行.
SQL: SHOW COLUMNS FROM `hs_fashion` [ RunTime:0.008001s ]
NOTIC: [8] Undefined variable: _GEt C:\wamp\www\project\web\Home\Controller\FashionController.class.php 第 49 行.
SQL: SELECT * FROM `hs_fashion` ORDER BY id LIMIT 0,12   [ RunTime:0.002000s ]

[ 2016-05-19T18:20:24+08:00 ] 127.0.0.1 /Home/Fashion/ajaxfashion.html?p=2
INFO: [ app_begin ] --START--
INFO: Run Behavior\ReadHtmlCacheBehavior [ RunTime:0.003001s ]
INFO: [ app_begin ] --END-- [ RunTime:0.004001s ]
NOTIC: [8] A session had already been started - ignoring session_start() C:\wamp\www\project\ThinkPHP\Common\functions.php 第 1190 行.
SQL: SHOW COLUMNS FROM `hs_fashion` [ RunTime:0.019001s ]
NOTIC: [8] Undefined variable: _GEt C:\wamp\www\project\web\Home\Controller\FashionController.class.php 第 49 行.
SQL: SELECT * FROM `hs_fashion` ORDER BY id LIMIT 0,12   [ RunTime:0.001000s ]

[ 2016-05-19T19:25:20+08:00 ] 127.0.0.1 /Home/Fashion/ajaxfashion.html?p=1
INFO: [ app_begin ] --START--
INFO: Run Behavior\ReadHtmlCacheBehavior [ RunTime:0.003000s ]
INFO: [ app_begin ] --END-- [ RunTime:0.004000s ]
NOTIC: [8] A session had already been started - ignoring session_start() C:\wamp\www\project\ThinkPHP\Common\functions.php 第 1190 行.
SQL: SHOW COLUMNS FROM `hs_fashion` [ RunTime:0.009001s ]
NOTIC: [8] Undefined variable: _GEt C:\wamp\www\project\web\Home\Controller\FashionController.class.php 第 49 行.
SQL: SELECT * FROM `hs_fashion` ORDER BY id LIMIT 0,12   [ RunTime:0.001000s ]

[ 2016-05-19T19:25:27+08:00 ] 127.0.0.1 /Home/Fashion/ajaxfashion.html?p=2
INFO: [ app_begin ] --START--
INFO: Run Behavior\ReadHtmlCacheBehavior [ RunTime:0.003000s ]
INFO: [ app_begin ] --END-- [ RunTime:0.005000s ]
NOTIC: [8] A session had already been started - ignoring session_start() C:\wamp\www\project\ThinkPHP\Common\functions.php 第 1190 行.
SQL: SHOW COLUMNS FROM `hs_fashion` [ RunTime:0.014001s ]
NOTIC: [8] Undefined variable: _GEt C:\wamp\www\project\web\Home\Controller\FashionController.class.php 第 49 行.
SQL: SELECT * FROM `hs_fashion` ORDER BY id LIMIT 0,12   [ RunTime:0.002000s ]

[ 2016-05-19T19:25:45+08:00 ] 127.0.0.1 /Home/Fashion/ajaxfashion.html?p=1
INFO: [ app_begin ] --START--
INFO: Run Behavior\ReadHtmlCacheBehavior [ RunTime:0.001000s ]
INFO: [ app_begin ] --END-- [ RunTime:0.003000s ]
NOTIC: [8] A session had already been started - ignoring session_start() C:\wamp\www\project\ThinkPHP\Common\functions.php 第 1190 行.
SQL: SHOW COLUMNS FROM `hs_fashion` [ RunTime:0.008001s ]
NOTIC: [8] Undefined variable: _GEt C:\wamp\www\project\web\Home\Controller\FashionController.class.php 第 49 行.
SQL: SELECT * FROM `hs_fashion` ORDER BY id LIMIT 0,12   [ RunTime:0.003000s ]

[ 2016-05-19T19:25:54+08:00 ] 127.0.0.1 /Home/Fashion/ajaxfashion.html?p=1
INFO: [ app_begin ] --START--
INFO: Run Behavior\ReadHtmlCacheBehavior [ RunTime:0.002000s ]
INFO: [ app_begin ] --END-- [ RunTime:0.003000s ]
NOTIC: [8] A session had already been started - ignoring session_start() C:\wamp\www\project\ThinkPHP\Common\functions.php 第 1190 行.
SQL: SHOW COLUMNS FROM `hs_fashion` [ RunTime:0.008000s ]
NOTIC: [8] Undefined variable: _GEt C:\wamp\www\project\web\Home\Controller\FashionController.class.php 第 49 行.
SQL: SELECT * FROM `hs_fashion` ORDER BY id LIMIT 0,12   [ RunTime:0.002000s ]

[ 2016-05-19T19:25:56+08:00 ] 127.0.0.1 /Home/Fashion/ajaxfashion.html?p=2
INFO: [ app_begin ] --START--
INFO: Run Behavior\ReadHtmlCacheBehavior [ RunTime:0.002000s ]
INFO: [ app_begin ] --END-- [ RunTime:0.003000s ]
NOTIC: [8] A session had already been started - ignoring session_start() C:\wamp\www\project\ThinkPHP\Common\functions.php 第 1190 行.
SQL: SHOW COLUMNS FROM `hs_fashion` [ RunTime:0.022002s ]
NOTIC: [8] Undefined variable: _GEt C:\wamp\www\project\web\Home\Controller\FashionController.class.php 第 49 行.
SQL: SELECT * FROM `hs_fashion` ORDER BY id LIMIT 0,12   [ RunTime:0.001000s ]

[ 2016-05-19T19:26:17+08:00 ] 127.0.0.1 /Home/Fashion/ajaxfashion.html?p=1
INFO: [ app_begin ] --START--
INFO: Run Behavior\ReadHtmlCacheBehavior [ RunTime:0.002000s ]
INFO: [ app_begin ] --END-- [ RunTime:0.003000s ]
NOTIC: [8] A session had already been started - ignoring session_start() C:\wamp\www\project\ThinkPHP\Common\functions.php 第 1190 行.
SQL: SHOW COLUMNS FROM `hs_fashion` [ RunTime:0.007001s ]
NOTIC: [8] Undefined variable: _GEt C:\wamp\www\project\web\Home\Controller\FashionController.class.php 第 49 行.
SQL: SELECT * FROM `hs_fashion` ORDER BY id LIMIT 0,12   [ RunTime:0.001000s ]

[ 2016-05-19T19:26:19+08:00 ] 127.0.0.1 /Home/Fashion/ajaxfashion.html?p=2
INFO: [ app_begin ] --START--
INFO: Run Behavior\ReadHtmlCacheBehavior [ RunTime:0.001000s ]
INFO: [ app_begin ] --END-- [ RunTime:0.002000s ]
NOTIC: [8] A session had already been started - ignoring session_start() C:\wamp\www\project\ThinkPHP\Common\functions.php 第 1190 行.
SQL: SHOW COLUMNS FROM `hs_fashion` [ RunTime:0.015001s ]
NOTIC: [8] Undefined variable: _GEt C:\wamp\www\project\web\Home\Controller\FashionController.class.php 第 49 行.
SQL: SELECT * FROM `hs_fashion` ORDER BY id LIMIT 0,12   [ RunTime:0.001000s ]

[ 2016-05-19T19:26:20+08:00 ] 127.0.0.1 /Home/Fashion/ajaxfashion.html?p=3
INFO: [ app_begin ] --START--
INFO: Run Behavior\ReadHtmlCacheBehavior [ RunTime:0.004000s ]
INFO: [ app_begin ] --END-- [ RunTime:0.010001s ]
NOTIC: [8] A session had already been started - ignoring session_start() C:\wamp\www\project\ThinkPHP\Common\functions.php 第 1190 行.
SQL: SHOW COLUMNS FROM `hs_fashion` [ RunTime:0.013001s ]
NOTIC: [8] Undefined variable: _GEt C:\wamp\www\project\web\Home\Controller\FashionController.class.php 第 49 行.
SQL: SELECT * FROM `hs_fashion` ORDER BY id LIMIT 0,12   [ RunTime:0.002000s ]

[ 2016-05-19T19:27:53+08:00 ] 127.0.0.1 /Home/Fashion/ajaxfashion.html?p=1
INFO: [ app_begin ] --START--
INFO: Run Behavior\ReadHtmlCacheBehavior [ RunTime:0.005000s ]
INFO: [ app_begin ] --END-- [ RunTime:0.008000s ]
NOTIC: [8] A session had already been started - ignoring session_start() C:\wamp\www\project\ThinkPHP\Common\functions.php 第 1190 行.
SQL: SHOW COLUMNS FROM `hs_fashion` [ RunTime:0.008000s ]
NOTIC: [8] Undefined variable: _GEt C:\wamp\www\project\web\Home\Controller\FashionController.class.php 第 49 行.
SQL: SELECT * FROM `hs_fashion` ORDER BY id LIMIT 0,12   [ RunTime:0.001001s ]

[ 2016-05-19T19:28:56+08:00 ] 127.0.0.1 /Home/Fashion/ajaxfashion.html?p=1
INFO: [ app_begin ] --START--
INFO: Run Behavior\ReadHtmlCacheBehavior [ RunTime:0.005000s ]
INFO: [ app_begin ] --END-- [ RunTime:0.006000s ]
NOTIC: [8] A session had already been started - ignoring session_start() C:\wamp\www\project\ThinkPHP\Common\functions.php 第 1190 行.
SQL: SHOW COLUMNS FROM `hs_fashion` [ RunTime:0.008000s ]
NOTIC: [8] Undefined variable: _GEt C:\wamp\www\project\web\Home\Controller\FashionController.class.php 第 49 行.
SQL: SELECT * FROM `hs_fashion` ORDER BY id LIMIT 0,12   [ RunTime:0.000000s ]

[ 2016-05-19T19:29:15+08:00 ] 127.0.0.1 /Home/Fashion/ajaxfashion.html?p=1
INFO: [ app_begin ] --START--
INFO: Run Behavior\ReadHtmlCacheBehavior [ RunTime:0.005001s ]
INFO: [ app_begin ] --END-- [ RunTime:0.006001s ]
NOTIC: [8] A session had already been started - ignoring session_start() C:\wamp\www\project\ThinkPHP\Common\functions.php 第 1190 行.
SQL: SHOW COLUMNS FROM `hs_fashion` [ RunTime:0.008001s ]
NOTIC: [8] Undefined variable: _GEt C:\wamp\www\project\web\Home\Controller\FashionController.class.php 第 49 行.
SQL: SELECT * FROM `hs_fashion` ORDER BY id LIMIT 0,12   [ RunTime:0.002000s ]

[ 2016-05-19T20:51:37+08:00 ] 127.0.0.1 /Home/Fashion/ajaxfashion.html?p=1
INFO: [ app_begin ] --START--
INFO: Run Behavior\ReadHtmlCacheBehavior [ RunTime:0.001000s ]
INFO: [ app_begin ] --END-- [ RunTime:0.002000s ]
NOTIC: [8] A session had already been started - ignoring session_start() C:\wamp\www\project\ThinkPHP\Common\functions.php 第 1190 行.
SQL: SHOW COLUMNS FROM `hs_fashion` [ RunTime:0.024001s ]
NOTIC: [8] Undefined variable: _GEt C:\wamp\www\project\web\Home\Controller\FashionController.class.php 第 49 行.
SQL: SELECT * FROM `hs_fashion` ORDER BY id LIMIT 0,12   [ RunTime:0.001000s ]

[ 2016-05-19T22:58:38+08:00 ] 127.0.0.1 /Home/Fashion/ajaxfashion.html?p=2
INFO: [ app_begin ] --START--
INFO: Run Behavior\ReadHtmlCacheBehavior [ RunTime:0.003000s ]
INFO: [ app_begin ] --END-- [ RunTime:0.005000s ]
NOTIC: [8] A session had already been started - ignoring session_start() C:\wamp\www\project\ThinkPHP\Common\functions.php 第 1190 行.
SQL: SHOW COLUMNS FROM `hs_fashion` [ RunTime:0.010001s ]
NOTIC: [8] Undefined variable: _GEt C:\wamp\www\project\web\Home\Controller\FashionController.class.php 第 49 行.
SQL: SELECT * FROM `hs_fashion` ORDER BY id LIMIT 0,12   [ RunTime:0.001000s ]

[ 2016-05-19T22:58:40+08:00 ] 127.0.0.1 /Home/Fashion/ajaxfashion.html?p=3
INFO: [ app_begin ] --START--
INFO: Run Behavior\ReadHtmlCacheBehavior [ RunTime:0.004001s ]
INFO: [ app_begin ] --END-- [ RunTime:0.007001s ]
NOTIC: [8] A session had already been started - ignoring session_start() C:\wamp\www\project\ThinkPHP\Common\functions.php 第 1190 行.
SQL: SHOW COLUMNS FROM `hs_fashion` [ RunTime:0.041002s ]
NOTIC: [8] Undefined variable: _GEt C:\wamp\www\project\web\Home\Controller\FashionController.class.php 第 49 行.
SQL: SELECT * FROM `hs_fashion` ORDER BY id LIMIT 0,12   [ RunTime:0.002000s ]

[ 2016-05-19T22:59:35+08:00 ] 127.0.0.1 /Home/Fashion/ajaxfashion.html?p=1
INFO: [ app_begin ] --START--
INFO: Run Behavior\ReadHtmlCacheBehavior [ RunTime:0.002000s ]
INFO: [ app_begin ] --END-- [ RunTime:0.004000s ]
NOTIC: [8] A session had already been started - ignoring session_start() C:\wamp\www\project\ThinkPHP\Common\functions.php 第 1190 行.
SQL: SHOW COLUMNS FROM `hs_fashion` [ RunTime:0.006000s ]
NOTIC: [8] Undefined variable: _GEt C:\wamp\www\project\web\Home\Controller\FashionController.class.php 第 49 行.
SQL: SELECT * FROM `hs_fashion` ORDER BY id LIMIT 0,12   [ RunTime:0.001000s ]

[ 2016-05-19T22:59:37+08:00 ] 127.0.0.1 /Home/Fashion/ajaxfashion.html?p=2
INFO: [ app_begin ] --START--
INFO: Run Behavior\ReadHtmlCacheBehavior [ RunTime:0.011001s ]
INFO: [ app_begin ] --END-- [ RunTime:0.013001s ]
NOTIC: [8] A session had already been started - ignoring session_start() C:\wamp\www\project\ThinkPHP\Common\functions.php 第 1190 行.
SQL: SHOW COLUMNS FROM `hs_fashion` [ RunTime:0.010000s ]
NOTIC: [8] Undefined variable: _GEt C:\wamp\www\project\web\Home\Controller\FashionController.class.php 第 49 行.
SQL: SELECT * FROM `hs_fashion` ORDER BY id LIMIT 0,12   [ RunTime:0.002000s ]

