[ 2016-05-24T18:13:46+08:00 ] 127.0.0.1 /Home/Fashion/ajaxfashion.html?p=1
INFO: [ app_begin ] --START--
INFO: Run Behavior\ReadHtmlCacheBehavior [ RunTime:0.002000s ]
INFO: [ app_begin ] --END-- [ RunTime:0.003000s ]
NOTIC: [8] A session had already been started - ignoring session_start() C:\wamp\www\project\ThinkPHP\Common\functions.php 第 1190 行.
SQL: SHOW COLUMNS FROM `hs_fashion` [ RunTime:0.014001s ]
SQL: SELECT * FROM `hs_fashion` ORDER BY id LIMIT 0,6   [ RunTime:0.001000s ]
INFO: [ app_end ] --START--
INFO: Run Behavior\ShowPageTraceBehavior [ RunTime:0.002000s ]
INFO: [ app_end ] --END-- [ RunTime:0.002000s ]

[ 2016-05-24T18:13:48+08:00 ] 127.0.0.1 /Home/Fashion/ajaxfashion.html?p=2
INFO: [ app_begin ] --START--
INFO: Run Behavior\ReadHtmlCacheBehavior [ RunTime:0.002000s ]
INFO: [ app_begin ] --END-- [ RunTime:0.003000s ]
NOTIC: [8] A session had already been started - ignoring session_start() C:\wamp\www\project\ThinkPHP\Common\functions.php 第 1190 行.
SQL: SHOW COLUMNS FROM `hs_fashion` [ RunTime:0.039002s ]
SQL: SELECT * FROM `hs_fashion` ORDER BY id LIMIT 6,6   [ RunTime:0.000000s ]
INFO: [ app_end ] --START--
INFO: Run Behavior\ShowPageTraceBehavior [ RunTime:0.001000s ]
INFO: [ app_end ] --END-- [ RunTime:0.002001s ]

[ 2016-05-24T18:13:49+08:00 ] 127.0.0.1 /Home/Fashion/ajaxfashion.html?p=3
INFO: [ app_begin ] --START--
INFO: Run Behavior\ReadHtmlCacheBehavior [ RunTime:0.002000s ]
INFO: [ app_begin ] --END-- [ RunTime:0.005001s ]
NOTIC: [8] A session had already been started - ignoring session_start() C:\wamp\www\project\ThinkPHP\Common\functions.php 第 1190 行.
SQL: SHOW COLUMNS FROM `hs_fashion` [ RunTime:0.007001s ]
SQL: SELECT * FROM `hs_fashion` ORDER BY id LIMIT 12,6   [ RunTime:0.007000s ]
INFO: [ app_end ] --START--
INFO: Run Behavior\ShowPageTraceBehavior [ RunTime:0.003000s ]
INFO: [ app_end ] --END-- [ RunTime:0.005001s ]

[ 2016-05-24T18:13:49+08:00 ] 127.0.0.1 /Home/Fashion/ajaxfashion.html?p=4
INFO: [ app_begin ] --START--
INFO: Run Behavior\ReadHtmlCacheBehavior [ RunTime:0.004000s ]
INFO: [ app_begin ] --END-- [ RunTime:0.012001s ]
NOTIC: [8] A session had already been started - ignoring session_start() C:\wamp\www\project\ThinkPHP\Common\functions.php 第 1190 行.
SQL: SHOW COLUMNS FROM `hs_fashion` [ RunTime:0.020001s ]
SQL: SELECT * FROM `hs_fashion` ORDER BY id LIMIT 18,6   [ RunTime:0.001000s ]
INFO: [ app_end ] --START--
INFO: Run Behavior\ShowPageTraceBehavior [ RunTime:0.004000s ]
INFO: [ app_end ] --END-- [ RunTime:0.004000s ]

[ 2016-05-24T18:13:49+08:00 ] 127.0.0.1 /Home/Fashion/ajaxfashion.html?p=5
INFO: [ app_begin ] --START--
INFO: Run Behavior\ReadHtmlCacheBehavior [ RunTime:0.011001s ]
INFO: [ app_begin ] --END-- [ RunTime:0.015001s ]
NOTIC: [8] A session had already been started - ignoring session_start() C:\wamp\www\project\ThinkPHP\Common\functions.php 第 1190 行.
SQL: SHOW COLUMNS FROM `hs_fashion` [ RunTime:0.016001s ]
SQL: SELECT * FROM `hs_fashion` ORDER BY id LIMIT 24,6   [ RunTime:0.002000s ]
INFO: [ app_end ] --START--
INFO: Run Behavior\ShowPageTraceBehavior [ RunTime:0.006000s ]
INFO: [ app_end ] --END-- [ RunTime:0.007000s ]

[ 2016-05-24T18:13:50+08:00 ] 127.0.0.1 /Home/Fashion/ajaxfashion.html?p=6
INFO: [ app_begin ] --START--
INFO: Run Behavior\ReadHtmlCacheBehavior [ RunTime:0.002000s ]
INFO: [ app_begin ] --END-- [ RunTime:0.003000s ]
NOTIC: [8] A session had already been started - ignoring session_start() C:\wamp\www\project\ThinkPHP\Common\functions.php 第 1190 行.
SQL: SHOW COLUMNS FROM `hs_fashion` [ RunTime:0.007001s ]
SQL: SELECT * FROM `hs_fashion` ORDER BY id LIMIT 30,6   [ RunTime:0.001000s ]
INFO: [ app_end ] --START--
INFO: Run Behavior\ShowPageTraceBehavior [ RunTime:0.001000s ]
INFO: [ app_end ] --END-- [ RunTime:0.003000s ]

[ 2016-05-24T18:13:50+08:00 ] 127.0.0.1 /Home/Fashion/ajaxfashion.html?p=7
INFO: [ app_begin ] --START--
INFO: Run Behavior\ReadHtmlCacheBehavior [ RunTime:0.003000s ]
INFO: [ app_begin ] --END-- [ RunTime:0.005000s ]
NOTIC: [8] A session had already been started - ignoring session_start() C:\wamp\www\project\ThinkPHP\Common\functions.php 第 1190 行.
SQL: SHOW COLUMNS FROM `hs_fashion` [ RunTime:0.015001s ]
SQL: SELECT * FROM `hs_fashion` ORDER BY id LIMIT 36,6   [ RunTime:0.001000s ]
INFO: [ app_end ] --START--
INFO: Run Behavior\ShowPageTraceBehavior [ RunTime:0.003001s ]
INFO: [ app_end ] --END-- [ RunTime:0.004001s ]

[ 2016-05-24T18:13:50+08:00 ] 127.0.0.1 /Home/Fashion/ajaxfashion.html?p=8
INFO: [ app_begin ] --START--
INFO: Run Behavior\ReadHtmlCacheBehavior [ RunTime:0.003000s ]
INFO: [ app_begin ] --END-- [ RunTime:0.006000s ]
NOTIC: [8] A session had already been started - ignoring session_start() C:\wamp\www\project\ThinkPHP\Common\functions.php 第 1190 行.
SQL: SHOW COLUMNS FROM `hs_fashion` [ RunTime:0.013001s ]
SQL: SELECT * FROM `hs_fashion` ORDER BY id LIMIT 42,6   [ RunTime:0.001000s ]
INFO: [ app_end ] --START--
INFO: Run Behavior\ShowPageTraceBehavior [ RunTime:0.003001s ]
INFO: [ app_end ] --END-- [ RunTime:0.004001s ]

[ 2016-05-24T18:13:55+08:00 ] 127.0.0.1 /Home/Fashion/ajaxfashion.html?p=9
INFO: [ app_begin ] --START--
INFO: Run Behavior\ReadHtmlCacheBehavior [ RunTime:0.005001s ]
INFO: [ app_begin ] --END-- [ RunTime:0.013001s ]
NOTIC: [8] A session had already been started - ignoring session_start() C:\wamp\www\project\ThinkPHP\Common\functions.php 第 1190 行.
SQL: SHOW COLUMNS FROM `hs_fashion` [ RunTime:0.018001s ]
SQL: SELECT * FROM `hs_fashion` ORDER BY id LIMIT 48,6   [ RunTime:0.002000s ]
INFO: [ app_end ] --START--
INFO: Run Behavior\ShowPageTraceBehavior [ RunTime:0.003000s ]
INFO: [ app_end ] --END-- [ RunTime:0.004000s ]

[ 2016-05-24T18:13:56+08:00 ] 127.0.0.1 /Home/Fashion/ajaxfashion.html?p=10
INFO: [ app_begin ] --START--
INFO: Run Behavior\ReadHtmlCacheBehavior [ RunTime:0.004000s ]
INFO: [ app_begin ] --END-- [ RunTime:0.006000s ]
NOTIC: [8] A session had already been started - ignoring session_start() C:\wamp\www\project\ThinkPHP\Common\functions.php 第 1190 行.
SQL: SHOW COLUMNS FROM `hs_fashion` [ RunTime:0.015001s ]
SQL: SELECT * FROM `hs_fashion` ORDER BY id LIMIT 54,6   [ RunTime:0.001000s ]
INFO: [ app_end ] --START--
INFO: Run Behavior\ShowPageTraceBehavior [ RunTime:0.004000s ]
INFO: [ app_end ] --END-- [ RunTime:0.004000s ]

[ 2016-05-24T18:13:56+08:00 ] 127.0.0.1 /Home/Fashion/ajaxfashion.html?p=11
INFO: [ app_begin ] --START--
INFO: Run Behavior\ReadHtmlCacheBehavior [ RunTime:0.002000s ]
INFO: [ app_begin ] --END-- [ RunTime:0.003001s ]
NOTIC: [8] A session had already been started - ignoring session_start() C:\wamp\www\project\ThinkPHP\Common\functions.php 第 1190 行.
SQL: SHOW COLUMNS FROM `hs_fashion` [ RunTime:0.007001s ]
SQL: SELECT * FROM `hs_fashion` ORDER BY id LIMIT 60,6   [ RunTime:0.001000s ]
INFO: [ app_end ] --START--
INFO: Run Behavior\ShowPageTraceBehavior [ RunTime:0.004000s ]
INFO: [ app_end ] --END-- [ RunTime:0.004000s ]

[ 2016-05-24T18:13:56+08:00 ] 127.0.0.1 /Home/Fashion/ajaxfashion.html?p=12
INFO: [ app_begin ] --START--
INFO: Run Behavior\ReadHtmlCacheBehavior [ RunTime:0.002000s ]
INFO: [ app_begin ] --END-- [ RunTime:0.003000s ]
NOTIC: [8] A session had already been started - ignoring session_start() C:\wamp\www\project\ThinkPHP\Common\functions.php 第 1190 行.
SQL: SHOW COLUMNS FROM `hs_fashion` [ RunTime:0.010001s ]
SQL: SELECT * FROM `hs_fashion` ORDER BY id LIMIT 66,6   [ RunTime:0.000000s ]
INFO: [ app_end ] --START--
INFO: Run Behavior\ShowPageTraceBehavior [ RunTime:0.002000s ]
INFO: [ app_end ] --END-- [ RunTime:0.002000s ]

[ 2016-05-24T18:13:56+08:00 ] 127.0.0.1 /Home/Fashion/ajaxfashion.html?p=13
INFO: [ app_begin ] --START--
INFO: Run Behavior\ReadHtmlCacheBehavior [ RunTime:0.001000s ]
INFO: [ app_begin ] --END-- [ RunTime:0.003000s ]
NOTIC: [8] A session had already been started - ignoring session_start() C:\wamp\www\project\ThinkPHP\Common\functions.php 第 1190 行.
SQL: SHOW COLUMNS FROM `hs_fashion` [ RunTime:0.008000s ]
SQL: SELECT * FROM `hs_fashion` ORDER BY id LIMIT 72,6   [ RunTime:0.001000s ]
INFO: [ app_end ] --START--
INFO: Run Behavior\ShowPageTraceBehavior [ RunTime:0.002000s ]
INFO: [ app_end ] --END-- [ RunTime:0.002000s ]

[ 2016-05-24T18:13:58+08:00 ] 127.0.0.1 /Home/Fashion/ajaxfashion.html?p=14
INFO: [ app_begin ] --START--
INFO: Run Behavior\ReadHtmlCacheBehavior [ RunTime:0.004000s ]
INFO: [ app_begin ] --END-- [ RunTime:0.006000s ]
NOTIC: [8] A session had already been started - ignoring session_start() C:\wamp\www\project\ThinkPHP\Common\functions.php 第 1190 行.
SQL: SHOW COLUMNS FROM `hs_fashion` [ RunTime:0.008000s ]
SQL: SELECT * FROM `hs_fashion` ORDER BY id LIMIT 78,6   [ RunTime:0.001000s ]
INFO: [ app_end ] --START--
INFO: Run Behavior\ShowPageTraceBehavior [ RunTime:0.001000s ]
INFO: [ app_end ] --END-- [ RunTime:0.002000s ]

[ 2016-05-24T18:14:04+08:00 ] 127.0.0.1 /Home/Fashion/ajaxfashion.html?p=1
INFO: [ app_begin ] --START--
INFO: Run Behavior\ReadHtmlCacheBehavior [ RunTime:0.002000s ]
INFO: [ app_begin ] --END-- [ RunTime:0.004000s ]
NOTIC: [8] A session had already been started - ignoring session_start() C:\wamp\www\project\ThinkPHP\Common\functions.php 第 1190 行.
SQL: SHOW COLUMNS FROM `hs_fashion` [ RunTime:0.011000s ]
SQL: SELECT * FROM `hs_fashion` ORDER BY id LIMIT 0,6   [ RunTime:0.004001s ]
INFO: [ app_end ] --START--
INFO: Run Behavior\ShowPageTraceBehavior [ RunTime:0.001000s ]
INFO: [ app_end ] --END-- [ RunTime:0.003000s ]

[ 2016-05-24T18:14:08+08:00 ] 127.0.0.1 /Home/Fashion/ajaxfashion.html?p=1
INFO: [ app_begin ] --START--
INFO: Run Behavior\ReadHtmlCacheBehavior [ RunTime:0.007000s ]
INFO: [ app_begin ] --END-- [ RunTime:0.011000s ]
NOTIC: [8] A session had already been started - ignoring session_start() C:\wamp\www\project\ThinkPHP\Common\functions.php 第 1190 行.
SQL: SHOW COLUMNS FROM `hs_fashion` [ RunTime:0.014001s ]
SQL: SELECT * FROM `hs_fashion` ORDER BY id LIMIT 0,6   [ RunTime:0.001000s ]
INFO: [ app_end ] --START--
INFO: Run Behavior\ShowPageTraceBehavior [ RunTime:0.002000s ]
INFO: [ app_end ] --END-- [ RunTime:0.002000s ]

[ 2016-05-24T18:14:10+08:00 ] 127.0.0.1 /Home/Fashion/ajaxfashion.html?p=2
INFO: [ app_begin ] --START--
INFO: Run Behavior\ReadHtmlCacheBehavior [ RunTime:0.004000s ]
INFO: [ app_begin ] --END-- [ RunTime:0.009001s ]
NOTIC: [8] A session had already been started - ignoring session_start() C:\wamp\www\project\ThinkPHP\Common\functions.php 第 1190 行.
SQL: SHOW COLUMNS FROM `hs_fashion` [ RunTime:0.014001s ]
SQL: SELECT * FROM `hs_fashion` ORDER BY id LIMIT 6,6   [ RunTime:0.001000s ]
INFO: [ app_end ] --START--
INFO: Run Behavior\ShowPageTraceBehavior [ RunTime:0.003000s ]
INFO: [ app_end ] --END-- [ RunTime:0.004001s ]

[ 2016-05-24T18:14:11+08:00 ] 127.0.0.1 /Home/Fashion/ajaxfashion.html?p=3
INFO: [ app_begin ] --START--
INFO: Run Behavior\ReadHtmlCacheBehavior [ RunTime:0.005000s ]
INFO: [ app_begin ] --END-- [ RunTime:0.006000s ]
NOTIC: [8] A session had already been started - ignoring session_start() C:\wamp\www\project\ThinkPHP\Common\functions.php 第 1190 行.
SQL: SHOW COLUMNS FROM `hs_fashion` [ RunTime:0.012001s ]
SQL: SELECT * FROM `hs_fashion` ORDER BY id LIMIT 12,6   [ RunTime:0.001000s ]
INFO: [ app_end ] --START--
INFO: Run Behavior\ShowPageTraceBehavior [ RunTime:0.002000s ]
INFO: [ app_end ] --END-- [ RunTime:0.002000s ]

[ 2016-05-24T18:14:11+08:00 ] 127.0.0.1 /Home/Fashion/ajaxfashion.html?p=4
INFO: [ app_begin ] --START--
INFO: Run Behavior\ReadHtmlCacheBehavior [ RunTime:0.003001s ]
INFO: [ app_begin ] --END-- [ RunTime:0.007001s ]
NOTIC: [8] A session had already been started - ignoring session_start() C:\wamp\www\project\ThinkPHP\Common\functions.php 第 1190 行.
SQL: SHOW COLUMNS FROM `hs_fashion` [ RunTime:0.009001s ]
SQL: SELECT * FROM `hs_fashion` ORDER BY id LIMIT 18,6   [ RunTime:0.001000s ]
INFO: [ app_end ] --START--
INFO: Run Behavior\ShowPageTraceBehavior [ RunTime:0.002000s ]
INFO: [ app_end ] --END-- [ RunTime:0.002000s ]

[ 2016-05-24T18:14:15+08:00 ] 127.0.0.1 /Home/Fashion/ajaxfashion.html?p=1
INFO: [ app_begin ] --START--
INFO: Run Behavior\ReadHtmlCacheBehavior [ RunTime:0.004000s ]
INFO: [ app_begin ] --END-- [ RunTime:0.008001s ]
NOTIC: [8] A session had already been started - ignoring session_start() C:\wamp\www\project\ThinkPHP\Common\functions.php 第 1190 行.
SQL: SHOW COLUMNS FROM `hs_fashion` [ RunTime:0.020001s ]
SQL: SELECT * FROM `hs_fashion` ORDER BY id LIMIT 0,6   [ RunTime:0.001000s ]
INFO: [ app_end ] --START--
INFO: Run Behavior\ShowPageTraceBehavior [ RunTime:0.004000s ]
INFO: [ app_end ] --END-- [ RunTime:0.005000s ]

[ 2016-05-24T18:14:16+08:00 ] 127.0.0.1 /Home/Fashion/ajaxfashion.html?p=2
INFO: [ app_begin ] --START--
INFO: Run Behavior\ReadHtmlCacheBehavior [ RunTime:0.007001s ]
INFO: [ app_begin ] --END-- [ RunTime:0.009001s ]
NOTIC: [8] A session had already been started - ignoring session_start() C:\wamp\www\project\ThinkPHP\Common\functions.php 第 1190 行.
SQL: SHOW COLUMNS FROM `hs_fashion` [ RunTime:0.018001s ]
SQL: SELECT * FROM `hs_fashion` ORDER BY id LIMIT 6,6   [ RunTime:0.001000s ]
INFO: [ app_end ] --START--
INFO: Run Behavior\ShowPageTraceBehavior [ RunTime:0.001000s ]
INFO: [ app_end ] --END-- [ RunTime:0.001000s ]

[ 2016-05-24T18:14:23+08:00 ] 127.0.0.1 /Home/Fashion/ajaxfashion.html?p=1
INFO: [ app_begin ] --START--
INFO: Run Behavior\ReadHtmlCacheBehavior [ RunTime:0.003000s ]
INFO: [ app_begin ] --END-- [ RunTime:0.005000s ]
NOTIC: [8] A session had already been started - ignoring session_start() C:\wamp\www\project\ThinkPHP\Common\functions.php 第 1190 行.
SQL: SHOW COLUMNS FROM `hs_fashion` [ RunTime:0.011001s ]
SQL: SELECT * FROM `hs_fashion` ORDER BY id LIMIT 0,6   [ RunTime:0.001000s ]
INFO: [ app_end ] --START--
INFO: Run Behavior\ShowPageTraceBehavior [ RunTime:0.002000s ]
INFO: [ app_end ] --END-- [ RunTime:0.003000s ]

[ 2016-05-24T18:14:23+08:00 ] 127.0.0.1 /Home/Fashion/ajaxfashion.html?p=2
INFO: [ app_begin ] --START--
INFO: Run Behavior\ReadHtmlCacheBehavior [ RunTime:0.002000s ]
INFO: [ app_begin ] --END-- [ RunTime:0.004000s ]
NOTIC: [8] A session had already been started - ignoring session_start() C:\wamp\www\project\ThinkPHP\Common\functions.php 第 1190 行.
SQL: SHOW COLUMNS FROM `hs_fashion` [ RunTime:0.007000s ]
SQL: SELECT * FROM `hs_fashion` ORDER BY id LIMIT 6,6   [ RunTime:0.001001s ]
INFO: [ app_end ] --START--
INFO: Run Behavior\ShowPageTraceBehavior [ RunTime:0.002000s ]
INFO: [ app_end ] --END-- [ RunTime:0.002000s ]

[ 2016-05-24T18:14:27+08:00 ] 127.0.0.1 /Home/Fashion/ajaxfashion.html?p=3
INFO: [ app_begin ] --START--
INFO: Run Behavior\ReadHtmlCacheBehavior [ RunTime:0.002000s ]
INFO: [ app_begin ] --END-- [ RunTime:0.005000s ]
NOTIC: [8] A session had already been started - ignoring session_start() C:\wamp\www\project\ThinkPHP\Common\functions.php 第 1190 行.
SQL: SHOW COLUMNS FROM `hs_fashion` [ RunTime:0.007000s ]
SQL: SELECT * FROM `hs_fashion` ORDER BY id LIMIT 12,6   [ RunTime:0.001000s ]
INFO: [ app_end ] --START--
INFO: Run Behavior\ShowPageTraceBehavior [ RunTime:0.002001s ]
INFO: [ app_end ] --END-- [ RunTime:0.002001s ]

[ 2016-05-24T18:23:28+08:00 ] 127.0.0.1 /Home/Fashion/ajaxfashion.html?p=1
INFO: [ app_begin ] --START--
INFO: Run Behavior\ReadHtmlCacheBehavior [ RunTime:0.002000s ]
INFO: [ app_begin ] --END-- [ RunTime:0.003000s ]
NOTIC: [8] A session had already been started - ignoring session_start() C:\wamp\www\project\ThinkPHP\Common\functions.php 第 1190 行.
SQL: SHOW COLUMNS FROM `hs_fashion` [ RunTime:0.031002s ]
SQL: SELECT * FROM `hs_fashion` ORDER BY id LIMIT 0,6   [ RunTime:0.001000s ]
INFO: [ app_end ] --START--
INFO: Run Behavior\ShowPageTraceBehavior [ RunTime:0.002000s ]
INFO: [ app_end ] --END-- [ RunTime:0.002000s ]

[ 2016-05-24T18:25:58+08:00 ] 127.0.0.1 /Home/Fashion/mag
ERR: 非法操作:mag

[ 2016-05-24T18:32:07+08:00 ] 127.0.0.1 /Home/View/Fashion/msg.html
ERR: 无法加载控制器:View

[ 2016-05-24T18:33:07+08:00 ] 127.0.0.1 /Home/Fashion/ajaxfashion.html?p=1
INFO: [ app_begin ] --START--
INFO: Run Behavior\ReadHtmlCacheBehavior [ RunTime:0.001000s ]
INFO: [ app_begin ] --END-- [ RunTime:0.003000s ]
NOTIC: [8] A session had already been started - ignoring session_start() C:\wamp\www\project\ThinkPHP\Common\functions.php 第 1190 行.
SQL: SHOW COLUMNS FROM `hs_fashion` [ RunTime:0.010000s ]
SQL: SELECT * FROM `hs_fashion` ORDER BY id LIMIT 0,6   [ RunTime:0.001000s ]
INFO: [ app_end ] --START--
INFO: Run Behavior\ShowPageTraceBehavior [ RunTime:0.002001s ]
INFO: [ app_end ] --END-- [ RunTime:0.002001s ]

[ 2016-05-24T18:35:36+08:00 ] 127.0.0.1 /Home/Fashion/ajaxfashion.html?p=1
INFO: [ app_begin ] --START--
INFO: Run Behavior\ReadHtmlCacheBehavior [ RunTime:0.001000s ]
INFO: [ app_begin ] --END-- [ RunTime:0.003000s ]
NOTIC: [8] A session had already been started - ignoring session_start() C:\wamp\www\project\ThinkPHP\Common\functions.php 第 1190 行.
SQL: SHOW COLUMNS FROM `hs_fashion` [ RunTime:0.008000s ]
SQL: SELECT * FROM `hs_fashion` ORDER BY id LIMIT 0,6   [ RunTime:0.001000s ]
INFO: [ app_end ] --START--
INFO: Run Behavior\ShowPageTraceBehavior [ RunTime:0.002000s ]
INFO: [ app_end ] --END-- [ RunTime:0.002000s ]

[ 2016-05-24T18:35:38+08:00 ] 127.0.0.1 /Home/Fashion/ajaxfashion.html?p=2
INFO: [ app_begin ] --START--
INFO: Run Behavior\ReadHtmlCacheBehavior [ RunTime:0.003000s ]
INFO: [ app_begin ] --END-- [ RunTime:0.006001s ]
NOTIC: [8] A session had already been started - ignoring session_start() C:\wamp\www\project\ThinkPHP\Common\functions.php 第 1190 行.
SQL: SHOW COLUMNS FROM `hs_fashion` [ RunTime:0.015001s ]
SQL: SELECT * FROM `hs_fashion` ORDER BY id LIMIT 6,6   [ RunTime:0.002000s ]
INFO: [ app_end ] --START--
INFO: Run Behavior\ShowPageTraceBehavior [ RunTime:0.003000s ]
INFO: [ app_end ] --END-- [ RunTime:0.004000s ]

[ 2016-05-24T18:36:02+08:00 ] 127.0.0.1 /Home/view/Fashion/msg/id/2
ERR: 无法加载控制器:View

[ 2016-05-24T18:43:04+08:00 ] 127.0.0.1 /Home/view/Fashion/msg/id/2
ERR: 无法加载控制器:View

[ 2016-05-24T18:43:11+08:00 ] 127.0.0.1 /Home/Fashion/ajaxfashion.html?p=1
INFO: [ app_begin ] --START--
INFO: Run Behavior\ReadHtmlCacheBehavior [ RunTime:0.001001s ]
INFO: [ app_begin ] --END-- [ RunTime:0.003001s ]
NOTIC: [8] A session had already been started - ignoring session_start() C:\wamp\www\project\ThinkPHP\Common\functions.php 第 1190 行.
SQL: SHOW COLUMNS FROM `hs_fashion` [ RunTime:0.008000s ]
SQL: SELECT * FROM `hs_fashion` ORDER BY id LIMIT 0,6   [ RunTime:0.001000s ]
INFO: [ app_end ] --START--
INFO: Run Behavior\ShowPageTraceBehavior [ RunTime:0.002001s ]
INFO: [ app_end ] --END-- [ RunTime:0.002001s ]

[ 2016-05-24T18:43:46+08:00 ] 127.0.0.1 /Home/Fashion/msg.html/id/2
ERR: 非法操作:msg.html

[ 2016-05-24T18:44:56+08:00 ] 127.0.0.1 /Home/Fashion/msg.html/id/2
ERR: 非法操作:msg.html

[ 2016-05-24T18:45:00+08:00 ] 127.0.0.1 /Home/Fashion/ajaxfashion.html?p=1
INFO: [ app_begin ] --START--
INFO: Run Behavior\ReadHtmlCacheBehavior [ RunTime:0.001000s ]
INFO: [ app_begin ] --END-- [ RunTime:0.002000s ]
NOTIC: [8] A session had already been started - ignoring session_start() C:\wamp\www\project\ThinkPHP\Common\functions.php 第 1190 行.
SQL: SHOW COLUMNS FROM `hs_fashion` [ RunTime:0.011000s ]
SQL: SELECT * FROM `hs_fashion` ORDER BY id LIMIT 0,6   [ RunTime:0.001000s ]
INFO: [ app_end ] --START--
INFO: Run Behavior\ShowPageTraceBehavior [ RunTime:0.001000s ]
INFO: [ app_end ] --END-- [ RunTime:0.002000s ]

[ 2016-05-24T18:50:18+08:00 ] 127.0.0.1 /Home/Fashion/ajaxfashion.html?p=1
INFO: [ app_begin ] --START--
INFO: Run Behavior\ReadHtmlCacheBehavior [ RunTime:0.001000s ]
INFO: [ app_begin ] --END-- [ RunTime:0.003000s ]
NOTIC: [8] A session had already been started - ignoring session_start() C:\wamp\www\project\ThinkPHP\Common\functions.php 第 1190 行.
SQL: SHOW COLUMNS FROM `hs_fashion` [ RunTime:0.012001s ]
SQL: SELECT * FROM `hs_fashion` ORDER BY id LIMIT 0,6   [ RunTime:0.002000s ]
INFO: [ app_end ] --START--
INFO: Run Behavior\ShowPageTraceBehavior [ RunTime:0.002000s ]
INFO: [ app_end ] --END-- [ RunTime:0.002000s ]

[ 2016-05-24T18:50:20+08:00 ] 127.0.0.1 /Home/msg/id/1
ERR: 无法加载控制器:Msg

[ 2016-05-24T18:50:29+08:00 ] 127.0.0.1 /Home/Fashion/ajaxfashion.html?p=1
INFO: [ app_begin ] --START--
INFO: Run Behavior\ReadHtmlCacheBehavior [ RunTime:0.002001s ]
INFO: [ app_begin ] --END-- [ RunTime:0.003001s ]
NOTIC: [8] A session had already been started - ignoring session_start() C:\wamp\www\project\ThinkPHP\Common\functions.php 第 1190 行.
SQL: SHOW COLUMNS FROM `hs_fashion` [ RunTime:0.008001s ]
SQL: SELECT * FROM `hs_fashion` ORDER BY id LIMIT 0,6   [ RunTime:0.001000s ]
INFO: [ app_end ] --START--
INFO: Run Behavior\ShowPageTraceBehavior [ RunTime:0.001000s ]
INFO: [ app_end ] --END-- [ RunTime:0.002000s ]

[ 2016-05-24T18:50:33+08:00 ] 127.0.0.1 /Home/msg/id/1
ERR: 无法加载控制器:Msg

[ 2016-05-24T18:50:36+08:00 ] 127.0.0.1 /Home/Fashion/ajaxfashion.html?p=1
INFO: [ app_begin ] --START--
INFO: Run Behavior\ReadHtmlCacheBehavior [ RunTime:0.001000s ]
INFO: [ app_begin ] --END-- [ RunTime:0.002000s ]
NOTIC: [8] A session had already been started - ignoring session_start() C:\wamp\www\project\ThinkPHP\Common\functions.php 第 1190 行.
SQL: SHOW COLUMNS FROM `hs_fashion` [ RunTime:0.015001s ]
SQL: SELECT * FROM `hs_fashion` ORDER BY id LIMIT 0,6   [ RunTime:0.001000s ]
INFO: [ app_end ] --START--
INFO: Run Behavior\ShowPageTraceBehavior [ RunTime:0.002000s ]
INFO: [ app_end ] --END-- [ RunTime:0.002000s ]

[ 2016-05-24T18:50:42+08:00 ] 127.0.0.1 /Home/Fashion/ajaxfashion.html?p=1
INFO: [ app_begin ] --START--
INFO: Run Behavior\ReadHtmlCacheBehavior [ RunTime:0.001000s ]
INFO: [ app_begin ] --END-- [ RunTime:0.002000s ]
NOTIC: [8] A session had already been started - ignoring session_start() C:\wamp\www\project\ThinkPHP\Common\functions.php 第 1190 行.
SQL: SHOW COLUMNS FROM `hs_fashion` [ RunTime:0.007000s ]
SQL: SELECT * FROM `hs_fashion` ORDER BY id LIMIT 0,6   [ RunTime:0.001000s ]
INFO: [ app_end ] --START--
INFO: Run Behavior\ShowPageTraceBehavior [ RunTime:0.001000s ]
INFO: [ app_end ] --END-- [ RunTime:0.002000s ]

[ 2016-05-24T18:50:53+08:00 ] 127.0.0.1 /Home/Fashion/ajaxfashion.html?p=1
INFO: [ app_begin ] --START--
INFO: Run Behavior\ReadHtmlCacheBehavior [ RunTime:0.002000s ]
INFO: [ app_begin ] --END-- [ RunTime:0.003000s ]
NOTIC: [8] A session had already been started - ignoring session_start() C:\wamp\www\project\ThinkPHP\Common\functions.php 第 1190 行.
SQL: SHOW COLUMNS FROM `hs_fashion` [ RunTime:0.007000s ]
SQL: SELECT * FROM `hs_fashion` ORDER BY id LIMIT 0,6   [ RunTime:0.000000s ]
INFO: [ app_end ] --START--
INFO: Run Behavior\ShowPageTraceBehavior [ RunTime:0.003000s ]
INFO: [ app_end ] --END-- [ RunTime:0.003000s ]

[ 2016-05-24T18:51:14+08:00 ] 127.0.0.1 /Home/Fashion/ajaxfashion.html?p=1
INFO: [ app_begin ] --START--
INFO: Run Behavior\ReadHtmlCacheBehavior [ RunTime:0.002000s ]
INFO: [ app_begin ] --END-- [ RunTime:0.005000s ]
NOTIC: [8] A session had already been started - ignoring session_start() C:\wamp\www\project\ThinkPHP\Common\functions.php 第 1190 行.
SQL: SHOW COLUMNS FROM `hs_fashion` [ RunTime:0.016001s ]
SQL: SELECT * FROM `hs_fashion` ORDER BY id LIMIT 0,6   [ RunTime:0.002000s ]
INFO: [ app_end ] --START--
INFO: Run Behavior\ShowPageTraceBehavior [ RunTime:0.005000s ]
INFO: [ app_end ] --END-- [ RunTime:0.006000s ]

[ 2016-05-24T18:51:26+08:00 ] 127.0.0.1 /Home/Feedback/Admin/Index/index
ERR: 非法操作:Admin

[ 2016-05-24T18:54:08+08:00 ] 127.0.0.1 /Home/Index/Admin/Index/index
ERR: 非法操作:Admin

[ 2016-05-24T18:54:35+08:00 ] 127.0.0.1 /Home/Fashion/ajaxfashion.html?p=1
INFO: [ app_begin ] --START--
INFO: Run Behavior\ReadHtmlCacheBehavior [ RunTime:0.001001s ]
INFO: [ app_begin ] --END-- [ RunTime:0.002001s ]
NOTIC: [8] A session had already been started - ignoring session_start() C:\wamp\www\project\ThinkPHP\Common\functions.php 第 1190 行.
SQL: SHOW COLUMNS FROM `hs_fashion` [ RunTime:0.007000s ]
SQL: SELECT * FROM `hs_fashion` ORDER BY id LIMIT 0,6   [ RunTime:0.001000s ]
INFO: [ app_end ] --START--
INFO: Run Behavior\ShowPageTraceBehavior [ RunTime:0.002000s ]
INFO: [ app_end ] --END-- [ RunTime:0.002000s ]

[ 2016-05-24T20:52:30+08:00 ] 127.0.0.1 /Home/Fashion/ajaxfashion.html?p=1
INFO: [ app_begin ] --START--
INFO: Run Behavior\ReadHtmlCacheBehavior [ RunTime:0.003000s ]
INFO: [ app_begin ] --END-- [ RunTime:0.005000s ]
NOTIC: [8] A session had already been started - ignoring session_start() C:\wamp\www\project\ThinkPHP\Common\functions.php 第 1190 行.
SQL: SHOW COLUMNS FROM `hs_fashion` [ RunTime:0.023001s ]
SQL: SELECT * FROM `hs_fashion` ORDER BY id LIMIT 0,6   [ RunTime:0.001000s ]
INFO: [ app_end ] --START--
INFO: Run Behavior\ShowPageTraceBehavior [ RunTime:0.003000s ]
INFO: [ app_end ] --END-- [ RunTime:0.004000s ]

[ 2016-05-24T20:52:37+08:00 ] 127.0.0.1 /Home/Fashion/ajaxfashion.html?p=1
INFO: [ app_begin ] --START--
INFO: Run Behavior\ReadHtmlCacheBehavior [ RunTime:0.002000s ]
INFO: [ app_begin ] --END-- [ RunTime:0.003000s ]
NOTIC: [8] A session had already been started - ignoring session_start() C:\wamp\www\project\ThinkPHP\Common\functions.php 第 1190 行.
SQL: SHOW COLUMNS FROM `hs_fashion` [ RunTime:0.020002s ]
SQL: SELECT * FROM `hs_fashion` ORDER BY id LIMIT 0,6   [ RunTime:0.001000s ]
INFO: [ app_end ] --START--
INFO: Run Behavior\ShowPageTraceBehavior [ RunTime:0.010001s ]
INFO: [ app_end ] --END-- [ RunTime:0.010001s ]

[ 2016-05-24T20:52:56+08:00 ] 127.0.0.1 /Home/Fashion/ajaxfashion.html?p=2
INFO: [ app_begin ] --START--
INFO: Run Behavior\ReadHtmlCacheBehavior [ RunTime:0.001000s ]
INFO: [ app_begin ] --END-- [ RunTime:0.002000s ]
NOTIC: [8] A session had already been started - ignoring session_start() C:\wamp\www\project\ThinkPHP\Common\functions.php 第 1190 行.
SQL: SHOW COLUMNS FROM `hs_fashion` [ RunTime:0.031001s ]
SQL: SELECT * FROM `hs_fashion` ORDER BY id LIMIT 6,6   [ RunTime:0.000000s ]
INFO: [ app_end ] --START--
INFO: Run Behavior\ShowPageTraceBehavior [ RunTime:0.001001s ]
INFO: [ app_end ] --END-- [ RunTime:0.002001s ]

[ 2016-05-24T20:57:11+08:00 ] 127.0.0.1 /Home/Fashion/ajaxfashion.html?p=1
INFO: [ app_begin ] --START--
INFO: Run Behavior\ReadHtmlCacheBehavior [ RunTime:0.002000s ]
INFO: [ app_begin ] --END-- [ RunTime:0.003000s ]
NOTIC: [8] A session had already been started - ignoring session_start() C:\wamp\www\project\ThinkPHP\Common\functions.php 第 1190 行.
SQL: SHOW COLUMNS FROM `hs_fashion` [ RunTime:0.027001s ]
SQL: SELECT * FROM `hs_fashion` ORDER BY id LIMIT 0,6   [ RunTime:0.002000s ]
INFO: [ app_end ] --START--
INFO: Run Behavior\ShowPageTraceBehavior [ RunTime:0.002000s ]
INFO: [ app_end ] --END-- [ RunTime:0.002000s ]

[ 2016-05-24T20:57:12+08:00 ] 127.0.0.1 /Home/Fashion/ajaxfashion.html?p=2
INFO: [ app_begin ] --START--
INFO: Run Behavior\ReadHtmlCacheBehavior [ RunTime:0.001000s ]
INFO: [ app_begin ] --END-- [ RunTime:0.002000s ]
NOTIC: [8] A session had already been started - ignoring session_start() C:\wamp\www\project\ThinkPHP\Common\functions.php 第 1190 行.
SQL: SHOW COLUMNS FROM `hs_fashion` [ RunTime:0.009001s ]
SQL: SELECT * FROM `hs_fashion` ORDER BY id LIMIT 6,6   [ RunTime:0.001000s ]
INFO: [ app_end ] --START--
INFO: Run Behavior\ShowPageTraceBehavior [ RunTime:0.001000s ]
INFO: [ app_end ] --END-- [ RunTime:0.002000s ]

[ 2016-05-24T20:57:13+08:00 ] 127.0.0.1 /Home/Fashion/ajaxfashion.html?p=3
INFO: [ app_begin ] --START--
INFO: Run Behavior\ReadHtmlCacheBehavior [ RunTime:0.003000s ]
INFO: [ app_begin ] --END-- [ RunTime:0.006000s ]
NOTIC: [8] A session had already been started - ignoring session_start() C:\wamp\www\project\ThinkPHP\Common\functions.php 第 1190 行.
SQL: SHOW COLUMNS FROM `hs_fashion` [ RunTime:0.035002s ]
SQL: SELECT * FROM `hs_fashion` ORDER BY id LIMIT 12,6   [ RunTime:0.001000s ]
INFO: [ app_end ] --START--
INFO: Run Behavior\ShowPageTraceBehavior [ RunTime:0.003000s ]
INFO: [ app_end ] --END-- [ RunTime:0.004000s ]

[ 2016-05-24T20:57:14+08:00 ] 127.0.0.1 /Home/Fashion/ajaxfashion.html?p=4
INFO: [ app_begin ] --START--
INFO: Run Behavior\ReadHtmlCacheBehavior [ RunTime:0.003000s ]
INFO: [ app_begin ] --END-- [ RunTime:0.005000s ]
NOTIC: [8] A session had already been started - ignoring session_start() C:\wamp\www\project\ThinkPHP\Common\functions.php 第 1190 行.
SQL: SHOW COLUMNS FROM `hs_fashion` [ RunTime:0.015001s ]
SQL: SELECT * FROM `hs_fashion` ORDER BY id LIMIT 18,6   [ RunTime:0.002000s ]
INFO: [ app_end ] --START--
INFO: Run Behavior\ShowPageTraceBehavior [ RunTime:0.001000s ]
INFO: [ app_end ] --END-- [ RunTime:0.002001s ]

[ 2016-05-24T20:57:16+08:00 ] 127.0.0.1 /Home/Fashion/ajaxfashion.html?p=1
INFO: [ app_begin ] --START--
INFO: Run Behavior\ReadHtmlCacheBehavior [ RunTime:0.001000s ]
INFO: [ app_begin ] --END-- [ RunTime:0.002000s ]
NOTIC: [8] A session had already been started - ignoring session_start() C:\wamp\www\project\ThinkPHP\Common\functions.php 第 1190 行.
SQL: SHOW COLUMNS FROM `hs_fashion` [ RunTime:0.006000s ]
SQL: SELECT * FROM `hs_fashion` ORDER BY id LIMIT 0,6   [ RunTime:0.000000s ]
INFO: [ app_end ] --START--
INFO: Run Behavior\ShowPageTraceBehavior [ RunTime:0.001000s ]
INFO: [ app_end ] --END-- [ RunTime:0.001000s ]

[ 2016-05-24T20:57:17+08:00 ] 127.0.0.1 /Home/Fashion/ajaxfashion.html?p=2
INFO: [ app_begin ] --START--
INFO: Run Behavior\ReadHtmlCacheBehavior [ RunTime:0.003000s ]
INFO: [ app_begin ] --END-- [ RunTime:0.004000s ]
NOTIC: [8] A session had already been started - ignoring session_start() C:\wamp\www\project\ThinkPHP\Common\functions.php 第 1190 行.
SQL: SHOW COLUMNS FROM `hs_fashion` [ RunTime:0.032002s ]
SQL: SELECT * FROM `hs_fashion` ORDER BY id LIMIT 6,6   [ RunTime:0.002000s ]
INFO: [ app_end ] --START--
INFO: Run Behavior\ShowPageTraceBehavior [ RunTime:0.002000s ]
INFO: [ app_end ] --END-- [ RunTime:0.002000s ]

[ 2016-05-24T21:11:30+08:00 ] 127.0.0.1 /Home/Fashion/ajaxfashion.html?p=1
INFO: [ app_begin ] --START--
INFO: Run Behavior\ReadHtmlCacheBehavior [ RunTime:0.002001s ]
INFO: [ app_begin ] --END-- [ RunTime:0.003001s ]
NOTIC: [8] A session had already been started - ignoring session_start() C:\wamp\www\project\ThinkPHP\Common\functions.php 第 1190 行.
SQL: SHOW COLUMNS FROM `hs_fashion` [ RunTime:0.008000s ]
SQL: SELECT * FROM `hs_fashion` ORDER BY id LIMIT 0,6   [ RunTime:0.000000s ]
INFO: [ app_end ] --START--
INFO: Run Behavior\ShowPageTraceBehavior [ RunTime:0.002000s ]
INFO: [ app_end ] --END-- [ RunTime:0.002000s ]

[ 2016-05-24T21:11:31+08:00 ] 127.0.0.1 /Home/Fashion/ajaxfashion.html?p=2
INFO: [ app_begin ] --START--
INFO: Run Behavior\ReadHtmlCacheBehavior [ RunTime:0.002000s ]
INFO: [ app_begin ] --END-- [ RunTime:0.003000s ]
NOTIC: [8] A session had already been started - ignoring session_start() C:\wamp\www\project\ThinkPHP\Common\functions.php 第 1190 行.
SQL: SHOW COLUMNS FROM `hs_fashion` [ RunTime:0.014000s ]
SQL: SELECT * FROM `hs_fashion` ORDER BY id LIMIT 6,6   [ RunTime:0.000000s ]
INFO: [ app_end ] --START--
INFO: Run Behavior\ShowPageTraceBehavior [ RunTime:0.001000s ]
INFO: [ app_end ] --END-- [ RunTime:0.001000s ]

