[ 2016-05-30T08:44:30+08:00 ] 127.0.0.1 /Home/Fashion/ajaxfashion.html?p=1
INFO: [ app_begin ] --START--
INFO: Run Behavior\ReadHtmlCacheBehavior [ RunTime:0.002000s ]
INFO: [ app_begin ] --END-- [ RunTime:0.003000s ]
NOTIC: [8] A session had already been started - ignoring session_start() C:\wamp\www\project\ThinkPHP\Common\functions.php 第 1190 行.
SQL: SHOW COLUMNS FROM `hs_fashion` [ RunTime:0.008000s ]
SQL: SELECT * FROM `hs_fashion` ORDER BY id LIMIT 0,6   [ RunTime:0.008000s ]
INFO: [ app_end ] --START--
INFO: Run Behavior\ShowPageTraceBehavior [ RunTime:0.001000s ]
INFO: [ app_end ] --END-- [ RunTime:0.002000s ]

[ 2016-05-30T08:44:44+08:00 ] 127.0.0.1 /Home/Fashion/ajaxfashion.html?p=1
INFO: [ app_begin ] --START--
INFO: Run Behavior\ReadHtmlCacheBehavior [ RunTime:0.001000s ]
INFO: [ app_begin ] --END-- [ RunTime:0.002000s ]
NOTIC: [8] A session had already been started - ignoring session_start() C:\wamp\www\project\ThinkPHP\Common\functions.php 第 1190 行.
SQL: SHOW COLUMNS FROM `hs_fashion` [ RunTime:0.005000s ]
SQL: SELECT * FROM `hs_fashion` ORDER BY id LIMIT 0,6   [ RunTime:0.001000s ]
INFO: [ app_end ] --START--
INFO: Run Behavior\ShowPageTraceBehavior [ RunTime:0.002000s ]
INFO: [ app_end ] --END-- [ RunTime:0.002000s ]

[ 2016-05-30T08:44:58+08:00 ] 127.0.0.1 /Home/Fashion/ajaxfashion.html?p=1
INFO: [ app_begin ] --START--
INFO: Run Behavior\ReadHtmlCacheBehavior [ RunTime:0.002000s ]
INFO: [ app_begin ] --END-- [ RunTime:0.003000s ]
NOTIC: [8] A session had already been started - ignoring session_start() C:\wamp\www\project\ThinkPHP\Common\functions.php 第 1190 行.
SQL: SHOW COLUMNS FROM `hs_fashion` [ RunTime:0.009000s ]
SQL: SELECT * FROM `hs_fashion` ORDER BY id LIMIT 0,6   [ RunTime:0.001000s ]
INFO: [ app_end ] --START--
INFO: Run Behavior\ShowPageTraceBehavior [ RunTime:0.003000s ]
INFO: [ app_end ] --END-- [ RunTime:0.003000s ]

[ 2016-05-30T08:45:03+08:00 ] 127.0.0.1 /Home/Fashion/ajaxfashion.html?p=2
INFO: [ app_begin ] --START--
INFO: Run Behavior\ReadHtmlCacheBehavior [ RunTime:0.001000s ]
INFO: [ app_begin ] --END-- [ RunTime:0.002000s ]
NOTIC: [8] A session had already been started - ignoring session_start() C:\wamp\www\project\ThinkPHP\Common\functions.php 第 1190 行.
SQL: SHOW COLUMNS FROM `hs_fashion` [ RunTime:0.009001s ]
SQL: SELECT * FROM `hs_fashion` ORDER BY id LIMIT 6,6   [ RunTime:0.001000s ]
INFO: [ app_end ] --START--
INFO: Run Behavior\ShowPageTraceBehavior [ RunTime:0.001000s ]
INFO: [ app_end ] --END-- [ RunTime:0.002000s ]

[ 2016-05-30T08:45:06+08:00 ] 127.0.0.1 /Home/Fashion/ajaxfashion.html?p=3
INFO: [ app_begin ] --START--
INFO: Run Behavior\ReadHtmlCacheBehavior [ RunTime:0.008000s ]
INFO: [ app_begin ] --END-- [ RunTime:0.009000s ]
NOTIC: [8] A session had already been started - ignoring session_start() C:\wamp\www\project\ThinkPHP\Common\functions.php 第 1190 行.
SQL: SHOW COLUMNS FROM `hs_fashion` [ RunTime:0.012001s ]
SQL: SELECT * FROM `hs_fashion` ORDER BY id LIMIT 12,6   [ RunTime:0.002000s ]
INFO: [ app_end ] --START--
INFO: Run Behavior\ShowPageTraceBehavior [ RunTime:0.003000s ]
INFO: [ app_end ] --END-- [ RunTime:0.003000s ]

[ 2016-05-30T08:45:06+08:00 ] 127.0.0.1 /Home/Fashion/ajaxfashion.html?p=4
INFO: [ app_begin ] --START--
INFO: Run Behavior\ReadHtmlCacheBehavior [ RunTime:0.001000s ]
INFO: [ app_begin ] --END-- [ RunTime:0.002000s ]
NOTIC: [8] A session had already been started - ignoring session_start() C:\wamp\www\project\ThinkPHP\Common\functions.php 第 1190 行.
SQL: SHOW COLUMNS FROM `hs_fashion` [ RunTime:0.012000s ]
SQL: SELECT * FROM `hs_fashion` ORDER BY id LIMIT 18,6   [ RunTime:0.000000s ]
INFO: [ app_end ] --START--
INFO: Run Behavior\ShowPageTraceBehavior [ RunTime:0.001000s ]
INFO: [ app_end ] --END-- [ RunTime:0.001000s ]

[ 2016-05-30T08:45:06+08:00 ] 127.0.0.1 /Home/Fashion/ajaxfashion.html?p=5
INFO: [ app_begin ] --START--
INFO: Run Behavior\ReadHtmlCacheBehavior [ RunTime:0.001000s ]
INFO: [ app_begin ] --END-- [ RunTime:0.001000s ]
NOTIC: [8] A session had already been started - ignoring session_start() C:\wamp\www\project\ThinkPHP\Common\functions.php 第 1190 行.
SQL: SHOW COLUMNS FROM `hs_fashion` [ RunTime:0.005001s ]
SQL: SELECT * FROM `hs_fashion` ORDER BY id LIMIT 24,6   [ RunTime:0.000000s ]
INFO: [ app_end ] --START--
INFO: Run Behavior\ShowPageTraceBehavior [ RunTime:0.003000s ]
INFO: [ app_end ] --END-- [ RunTime:0.003000s ]

[ 2016-05-30T08:45:06+08:00 ] 127.0.0.1 /Home/Fashion/ajaxfashion.html?p=6
INFO: [ app_begin ] --START--
INFO: Run Behavior\ReadHtmlCacheBehavior [ RunTime:0.001000s ]
INFO: [ app_begin ] --END-- [ RunTime:0.002000s ]
NOTIC: [8] A session had already been started - ignoring session_start() C:\wamp\www\project\ThinkPHP\Common\functions.php 第 1190 行.
SQL: SHOW COLUMNS FROM `hs_fashion` [ RunTime:0.004001s ]
SQL: SELECT * FROM `hs_fashion` ORDER BY id LIMIT 30,6   [ RunTime:0.001000s ]
INFO: [ app_end ] --START--
INFO: Run Behavior\ShowPageTraceBehavior [ RunTime:0.001000s ]
INFO: [ app_end ] --END-- [ RunTime:0.001000s ]

[ 2016-05-30T08:47:52+08:00 ] 127.0.0.1 /Home/Goods/ajax.html?p=1
INFO: [ app_begin ] --START--
INFO: Run Behavior\ReadHtmlCacheBehavior [ RunTime:0.001000s ]
INFO: [ app_begin ] --END-- [ RunTime:0.002000s ]
NOTIC: [8] A session had already been started - ignoring session_start() C:\wamp\www\project\ThinkPHP\Common\functions.php 第 1190 行.
SQL: SHOW COLUMNS FROM `hs_goods` [ RunTime:0.009000s ]
SQL: SELECT * FROM `hs_goods` ORDER BY id LIMIT 0,4   [ RunTime:0.001001s ]

[ 2016-05-30T08:47:54+08:00 ] 127.0.0.1 /Home/Goods/ajax.html?p=2
INFO: [ app_begin ] --START--
INFO: Run Behavior\ReadHtmlCacheBehavior [ RunTime:0.003001s ]
INFO: [ app_begin ] --END-- [ RunTime:0.005001s ]
NOTIC: [8] A session had already been started - ignoring session_start() C:\wamp\www\project\ThinkPHP\Common\functions.php 第 1190 行.
SQL: SHOW COLUMNS FROM `hs_goods` [ RunTime:0.016001s ]
SQL: SELECT * FROM `hs_goods` ORDER BY id LIMIT 4,4   [ RunTime:0.006001s ]

[ 2016-05-30T08:48:13+08:00 ] 127.0.0.1 /Home/Goods/ajax.html?p=3
INFO: [ app_begin ] --START--
INFO: Run Behavior\ReadHtmlCacheBehavior [ RunTime:0.004001s ]
INFO: [ app_begin ] --END-- [ RunTime:0.006001s ]
NOTIC: [8] A session had already been started - ignoring session_start() C:\wamp\www\project\ThinkPHP\Common\functions.php 第 1190 行.
SQL: SHOW COLUMNS FROM `hs_goods` [ RunTime:0.014001s ]
SQL: SELECT * FROM `hs_goods` ORDER BY id LIMIT 8,4   [ RunTime:0.001000s ]

[ 2016-05-30T08:48:14+08:00 ] 127.0.0.1 /Home/Goods/ajax.html?p=4
INFO: [ app_begin ] --START--
INFO: Run Behavior\ReadHtmlCacheBehavior [ RunTime:0.003001s ]
INFO: [ app_begin ] --END-- [ RunTime:0.004001s ]
NOTIC: [8] A session had already been started - ignoring session_start() C:\wamp\www\project\ThinkPHP\Common\functions.php 第 1190 行.
SQL: SHOW COLUMNS FROM `hs_goods` [ RunTime:0.019001s ]
SQL: SELECT * FROM `hs_goods` ORDER BY id LIMIT 12,4   [ RunTime:0.002000s ]

[ 2016-05-30T08:52:08+08:00 ] 127.0.0.1 /Home/Goods/ajax.html?p=1
INFO: [ app_begin ] --START--
INFO: Run Behavior\ReadHtmlCacheBehavior [ RunTime:0.001000s ]
INFO: [ app_begin ] --END-- [ RunTime:0.002000s ]
NOTIC: [8] A session had already been started - ignoring session_start() C:\wamp\www\project\ThinkPHP\Common\functions.php 第 1190 行.
SQL: SHOW COLUMNS FROM `hs_goods` [ RunTime:0.007000s ]
SQL: SELECT * FROM `hs_goods` ORDER BY id LIMIT 0,4   [ RunTime:0.001000s ]

[ 2016-05-30T08:52:09+08:00 ] 127.0.0.1 /Home/Goods/ajax.html?p=2
INFO: [ app_begin ] --START--
INFO: Run Behavior\ReadHtmlCacheBehavior [ RunTime:0.001000s ]
INFO: [ app_begin ] --END-- [ RunTime:0.003000s ]
NOTIC: [8] A session had already been started - ignoring session_start() C:\wamp\www\project\ThinkPHP\Common\functions.php 第 1190 行.
SQL: SHOW COLUMNS FROM `hs_goods` [ RunTime:0.021001s ]
SQL: SELECT * FROM `hs_goods` ORDER BY id LIMIT 4,4   [ RunTime:0.001000s ]

[ 2016-05-30T08:52:11+08:00 ] 127.0.0.1 /Home/Goods/ajax.html?p=3
INFO: [ app_begin ] --START--
INFO: Run Behavior\ReadHtmlCacheBehavior [ RunTime:0.002000s ]
INFO: [ app_begin ] --END-- [ RunTime:0.005000s ]
NOTIC: [8] A session had already been started - ignoring session_start() C:\wamp\www\project\ThinkPHP\Common\functions.php 第 1190 行.
SQL: SHOW COLUMNS FROM `hs_goods` [ RunTime:0.017001s ]
SQL: SELECT * FROM `hs_goods` ORDER BY id LIMIT 8,4   [ RunTime:0.002000s ]

[ 2016-05-30T08:56:25+08:00 ] 127.0.0.1 /Home/Goods/ajax.html?p=4
INFO: [ app_begin ] --START--
INFO: Run Behavior\ReadHtmlCacheBehavior [ RunTime:0.004000s ]
INFO: [ app_begin ] --END-- [ RunTime:0.005000s ]
NOTIC: [8] A session had already been started - ignoring session_start() C:\wamp\www\project\ThinkPHP\Common\functions.php 第 1190 行.
SQL: SHOW COLUMNS FROM `hs_goods` [ RunTime:0.019001s ]
SQL: SELECT * FROM `hs_goods` ORDER BY id LIMIT 12,4   [ RunTime:0.003001s ]

[ 2016-05-30T08:56:28+08:00 ] 127.0.0.1 /Home/Goods/ajax.html?p=5
INFO: [ app_begin ] --START--
INFO: Run Behavior\ReadHtmlCacheBehavior [ RunTime:0.003000s ]
INFO: [ app_begin ] --END-- [ RunTime:0.005000s ]
NOTIC: [8] A session had already been started - ignoring session_start() C:\wamp\www\project\ThinkPHP\Common\functions.php 第 1190 行.
SQL: SHOW COLUMNS FROM `hs_goods` [ RunTime:0.018001s ]
SQL: SELECT * FROM `hs_goods` ORDER BY id LIMIT 16,4   [ RunTime:0.002001s ]

[ 2016-05-30T08:56:29+08:00 ] 127.0.0.1 /Home/Goods/ajax.html?p=6
INFO: [ app_begin ] --START--
INFO: Run Behavior\ReadHtmlCacheBehavior [ RunTime:0.003000s ]
INFO: [ app_begin ] --END-- [ RunTime:0.005000s ]
NOTIC: [8] A session had already been started - ignoring session_start() C:\wamp\www\project\ThinkPHP\Common\functions.php 第 1190 行.
SQL: SHOW COLUMNS FROM `hs_goods` [ RunTime:0.015001s ]
SQL: SELECT * FROM `hs_goods` ORDER BY id LIMIT 20,4   [ RunTime:0.002000s ]

[ 2016-05-30T08:56:40+08:00 ] 127.0.0.1 /Home/Goods/ajax.html?p=7
INFO: [ app_begin ] --START--
INFO: Run Behavior\ReadHtmlCacheBehavior [ RunTime:0.003000s ]
INFO: [ app_begin ] --END-- [ RunTime:0.006000s ]
NOTIC: [8] A session had already been started - ignoring session_start() C:\wamp\www\project\ThinkPHP\Common\functions.php 第 1190 行.
SQL: SHOW COLUMNS FROM `hs_goods` [ RunTime:0.017001s ]
SQL: SELECT * FROM `hs_goods` ORDER BY id LIMIT 24,4   [ RunTime:0.001000s ]

[ 2016-05-30T08:56:41+08:00 ] 127.0.0.1 /Home/Goods/ajax.html?p=8
INFO: [ app_begin ] --START--
INFO: Run Behavior\ReadHtmlCacheBehavior [ RunTime:0.004001s ]
INFO: [ app_begin ] --END-- [ RunTime:0.006001s ]
NOTIC: [8] A session had already been started - ignoring session_start() C:\wamp\www\project\ThinkPHP\Common\functions.php 第 1190 行.
SQL: SHOW COLUMNS FROM `hs_goods` [ RunTime:0.016001s ]
SQL: SELECT * FROM `hs_goods` ORDER BY id LIMIT 28,4   [ RunTime:0.002001s ]

[ 2016-05-30T09:23:27+08:00 ] 127.0.0.1 /Home/Goods/ajax.html?p=1
INFO: [ app_begin ] --START--
INFO: Run Behavior\ReadHtmlCacheBehavior [ RunTime:0.001000s ]
INFO: [ app_begin ] --END-- [ RunTime:0.005000s ]
NOTIC: [8] A session had already been started - ignoring session_start() C:\wamp\www\project\ThinkPHP\Common\functions.php 第 1190 行.
SQL: SHOW COLUMNS FROM `hs_goods` [ RunTime:0.021001s ]
SQL: SELECT * FROM `hs_goods` ORDER BY id LIMIT 0,4   [ RunTime:0.001000s ]

[ 2016-05-30T09:23:28+08:00 ] 127.0.0.1 /Home/Goods/ajax.html?p=2
INFO: [ app_begin ] --START--
INFO: Run Behavior\ReadHtmlCacheBehavior [ RunTime:0.003000s ]
INFO: [ app_begin ] --END-- [ RunTime:0.005000s ]
NOTIC: [8] A session had already been started - ignoring session_start() C:\wamp\www\project\ThinkPHP\Common\functions.php 第 1190 行.
SQL: SHOW COLUMNS FROM `hs_goods` [ RunTime:0.014001s ]
SQL: SELECT * FROM `hs_goods` ORDER BY id LIMIT 4,4   [ RunTime:0.001001s ]

[ 2016-05-30T09:23:34+08:00 ] 127.0.0.1 /Home/Goods/ajax.html?p=1
INFO: [ app_begin ] --START--
INFO: Run Behavior\ReadHtmlCacheBehavior [ RunTime:0.002000s ]
INFO: [ app_begin ] --END-- [ RunTime:0.003001s ]
NOTIC: [8] A session had already been started - ignoring session_start() C:\wamp\www\project\ThinkPHP\Common\functions.php 第 1190 行.
SQL: SHOW COLUMNS FROM `hs_goods` [ RunTime:0.008000s ]
SQL: SELECT * FROM `hs_goods` ORDER BY id LIMIT 0,4   [ RunTime:0.001000s ]

[ 2016-05-30T09:23:35+08:00 ] 127.0.0.1 /Home/Goods/ajax.html?p=2
INFO: [ app_begin ] --START--
INFO: Run Behavior\ReadHtmlCacheBehavior [ RunTime:0.001001s ]
INFO: [ app_begin ] --END-- [ RunTime:0.002001s ]
NOTIC: [8] A session had already been started - ignoring session_start() C:\wamp\www\project\ThinkPHP\Common\functions.php 第 1190 行.
SQL: SHOW COLUMNS FROM `hs_goods` [ RunTime:0.005000s ]
SQL: SELECT * FROM `hs_goods` ORDER BY id LIMIT 4,4   [ RunTime:0.000000s ]

[ 2016-05-30T09:23:38+08:00 ] 127.0.0.1 /Home/Goods/ajax.html?p=1
INFO: [ app_begin ] --START--
INFO: Run Behavior\ReadHtmlCacheBehavior [ RunTime:0.002000s ]
INFO: [ app_begin ] --END-- [ RunTime:0.003000s ]
NOTIC: [8] A session had already been started - ignoring session_start() C:\wamp\www\project\ThinkPHP\Common\functions.php 第 1190 行.
SQL: SHOW COLUMNS FROM `hs_goods` [ RunTime:0.007000s ]
SQL: SELECT * FROM `hs_goods` ORDER BY id LIMIT 0,4   [ RunTime:0.001000s ]

[ 2016-05-30T09:23:38+08:00 ] 127.0.0.1 /Home/Goods/ajax.html?p=2
INFO: [ app_begin ] --START--
INFO: Run Behavior\ReadHtmlCacheBehavior [ RunTime:0.001000s ]
INFO: [ app_begin ] --END-- [ RunTime:0.001000s ]
NOTIC: [8] A session had already been started - ignoring session_start() C:\wamp\www\project\ThinkPHP\Common\functions.php 第 1190 行.
SQL: SHOW COLUMNS FROM `hs_goods` [ RunTime:0.005000s ]
SQL: SELECT * FROM `hs_goods` ORDER BY id LIMIT 4,4   [ RunTime:0.000000s ]

[ 2016-05-30T09:23:40+08:00 ] 127.0.0.1 /Home/Goods/ajax.html?p=3
INFO: [ app_begin ] --START--
INFO: Run Behavior\ReadHtmlCacheBehavior [ RunTime:0.003000s ]
INFO: [ app_begin ] --END-- [ RunTime:0.005000s ]
NOTIC: [8] A session had already been started - ignoring session_start() C:\wamp\www\project\ThinkPHP\Common\functions.php 第 1190 行.
SQL: SHOW COLUMNS FROM `hs_goods` [ RunTime:0.018001s ]
SQL: SELECT * FROM `hs_goods` ORDER BY id LIMIT 8,4   [ RunTime:0.004000s ]

[ 2016-05-30T09:25:08+08:00 ] 127.0.0.1 /Home/Goods/ajax.html?p=1
INFO: [ app_begin ] --START--
INFO: Run Behavior\ReadHtmlCacheBehavior [ RunTime:0.001000s ]
INFO: [ app_begin ] --END-- [ RunTime:0.003000s ]
NOTIC: [8] A session had already been started - ignoring session_start() C:\wamp\www\project\ThinkPHP\Common\functions.php 第 1190 行.
SQL: SHOW COLUMNS FROM `hs_goods` [ RunTime:0.012001s ]
SQL: SELECT * FROM `hs_goods` ORDER BY id LIMIT 0,4   [ RunTime:0.001000s ]

[ 2016-05-30T09:25:10+08:00 ] 127.0.0.1 /Home/Goods/ajax.html?p=2
INFO: [ app_begin ] --START--
INFO: Run Behavior\ReadHtmlCacheBehavior [ RunTime:0.003000s ]
INFO: [ app_begin ] --END-- [ RunTime:0.005000s ]
NOTIC: [8] A session had already been started - ignoring session_start() C:\wamp\www\project\ThinkPHP\Common\functions.php 第 1190 行.
SQL: SHOW COLUMNS FROM `hs_goods` [ RunTime:0.018001s ]
SQL: SELECT * FROM `hs_goods` ORDER BY id LIMIT 4,4   [ RunTime:0.003000s ]

[ 2016-05-30T09:25:18+08:00 ] 127.0.0.1 /Home/Goods/ajax.html?p=1
INFO: [ app_begin ] --START--
INFO: Run Behavior\ReadHtmlCacheBehavior [ RunTime:0.001000s ]
INFO: [ app_begin ] --END-- [ RunTime:0.002001s ]
NOTIC: [8] A session had already been started - ignoring session_start() C:\wamp\www\project\ThinkPHP\Common\functions.php 第 1190 行.
SQL: SHOW COLUMNS FROM `hs_goods` [ RunTime:0.025001s ]
SQL: SELECT * FROM `hs_goods` ORDER BY id LIMIT 0,4   [ RunTime:0.001000s ]

[ 2016-05-30T09:25:19+08:00 ] 127.0.0.1 /Home/Goods/ajax.html?p=2
INFO: [ app_begin ] --START--
INFO: Run Behavior\ReadHtmlCacheBehavior [ RunTime:0.001000s ]
INFO: [ app_begin ] --END-- [ RunTime:0.001000s ]
NOTIC: [8] A session had already been started - ignoring session_start() C:\wamp\www\project\ThinkPHP\Common\functions.php 第 1190 行.
SQL: SHOW COLUMNS FROM `hs_goods` [ RunTime:0.006000s ]
SQL: SELECT * FROM `hs_goods` ORDER BY id LIMIT 4,4   [ RunTime:0.009000s ]

[ 2016-05-30T09:25:32+08:00 ] 127.0.0.1 /Home/Goods/ajax.html?p=3
INFO: [ app_begin ] --START--
INFO: Run Behavior\ReadHtmlCacheBehavior [ RunTime:0.003000s ]
INFO: [ app_begin ] --END-- [ RunTime:0.005001s ]
NOTIC: [8] A session had already been started - ignoring session_start() C:\wamp\www\project\ThinkPHP\Common\functions.php 第 1190 行.
SQL: SHOW COLUMNS FROM `hs_goods` [ RunTime:0.018001s ]
SQL: SELECT * FROM `hs_goods` ORDER BY id LIMIT 8,4   [ RunTime:0.002000s ]

[ 2016-05-30T09:25:33+08:00 ] 127.0.0.1 /Home/Goods/ajax.html?p=4
INFO: [ app_begin ] --START--
INFO: Run Behavior\ReadHtmlCacheBehavior [ RunTime:0.001000s ]
INFO: [ app_begin ] --END-- [ RunTime:0.002000s ]
NOTIC: [8] A session had already been started - ignoring session_start() C:\wamp\www\project\ThinkPHP\Common\functions.php 第 1190 行.
SQL: SHOW COLUMNS FROM `hs_goods` [ RunTime:0.007001s ]
SQL: SELECT * FROM `hs_goods` ORDER BY id LIMIT 12,4   [ RunTime:0.001000s ]

[ 2016-05-30T09:25:59+08:00 ] 127.0.0.1 /Home/Goods/ajax.html?p=1
INFO: [ app_begin ] --START--
INFO: Run Behavior\ReadHtmlCacheBehavior [ RunTime:0.002001s ]
INFO: [ app_begin ] --END-- [ RunTime:0.003001s ]
NOTIC: [8] A session had already been started - ignoring session_start() C:\wamp\www\project\ThinkPHP\Common\functions.php 第 1190 行.
SQL: SHOW COLUMNS FROM `hs_goods` [ RunTime:0.008000s ]
SQL: SELECT * FROM `hs_goods` ORDER BY id LIMIT 0,4   [ RunTime:0.001000s ]

[ 2016-05-30T09:26:00+08:00 ] 127.0.0.1 /Home/Goods/ajax.html?p=2
INFO: [ app_begin ] --START--
INFO: Run Behavior\ReadHtmlCacheBehavior [ RunTime:0.003000s ]
INFO: [ app_begin ] --END-- [ RunTime:0.005000s ]
NOTIC: [8] A session had already been started - ignoring session_start() C:\wamp\www\project\ThinkPHP\Common\functions.php 第 1190 行.
SQL: SHOW COLUMNS FROM `hs_goods` [ RunTime:0.014001s ]
SQL: SELECT * FROM `hs_goods` ORDER BY id LIMIT 4,4   [ RunTime:0.001000s ]

[ 2016-05-30T09:30:22+08:00 ] 127.0.0.1 /Home/Orderaddress/ajaxdel.html?id=6
INFO: [ app_begin ] --START--
INFO: Run Behavior\ReadHtmlCacheBehavior [ RunTime:0.002000s ]
INFO: [ app_begin ] --END-- [ RunTime:0.005000s ]
NOTIC: [8] A session had already been started - ignoring session_start() C:\wamp\www\project\ThinkPHP\Common\functions.php 第 1190 行.
SQL: SHOW COLUMNS FROM `hs_order_address` [ RunTime:0.015001s ]
SQL: DELETE FROM `hs_order_address` WHERE `id` = 6 [ RunTime:0.018001s ]
INFO: [ app_end ] --START--
INFO: Run Behavior\ShowPageTraceBehavior [ RunTime:0.003000s ]
INFO: [ app_end ] --END-- [ RunTime:0.004000s ]

[ 2016-05-30T09:30:24+08:00 ] 127.0.0.1 /Home/Orderaddress/ajaxdel.html?id=5
INFO: [ app_begin ] --START--
INFO: Run Behavior\ReadHtmlCacheBehavior [ RunTime:0.003000s ]
INFO: [ app_begin ] --END-- [ RunTime:0.006000s ]
NOTIC: [8] A session had already been started - ignoring session_start() C:\wamp\www\project\ThinkPHP\Common\functions.php 第 1190 行.
SQL: SHOW COLUMNS FROM `hs_order_address` [ RunTime:0.015000s ]
SQL: DELETE FROM `hs_order_address` WHERE `id` = 5 [ RunTime:0.003000s ]
INFO: [ app_end ] --START--
INFO: Run Behavior\ShowPageTraceBehavior [ RunTime:0.003000s ]
INFO: [ app_end ] --END-- [ RunTime:0.004000s ]

[ 2016-05-30T09:30:26+08:00 ] 127.0.0.1 /Home/Orderaddress/ajaxdel.html?id=4
INFO: [ app_begin ] --START--
INFO: Run Behavior\ReadHtmlCacheBehavior [ RunTime:0.001000s ]
INFO: [ app_begin ] --END-- [ RunTime:0.002000s ]
NOTIC: [8] A session had already been started - ignoring session_start() C:\wamp\www\project\ThinkPHP\Common\functions.php 第 1190 行.
SQL: SHOW COLUMNS FROM `hs_order_address` [ RunTime:0.006000s ]
SQL: DELETE FROM `hs_order_address` WHERE `id` = 4 [ RunTime:0.002000s ]
INFO: [ app_end ] --START--
INFO: Run Behavior\ShowPageTraceBehavior [ RunTime:0.003000s ]
INFO: [ app_end ] --END-- [ RunTime:0.004000s ]

[ 2016-05-30T09:31:45+08:00 ] 127.0.0.1 /Home/Orderaddress/amend.html?id=7
INFO: [ app_begin ] --START--
INFO: Run Behavior\ReadHtmlCacheBehavior [ RunTime:0.003000s ]
INFO: [ app_begin ] --END-- [ RunTime:0.006000s ]
NOTIC: [8] A session had already been started - ignoring session_start() C:\wamp\www\project\ThinkPHP\Common\functions.php 第 1190 行.
SQL: SHOW COLUMNS FROM `hs_order_address` [ RunTime:0.013001s ]
SQL: UPDATE `hs_order_address` SET `default`=1 WHERE ( user_id="10" ) [ RunTime:0.004001s ]
SQL: UPDATE `hs_order_address` SET `default`=0 WHERE ( id="7" ) [ RunTime:0.002000s ]
INFO: [ app_end ] --START--
INFO: Run Behavior\ShowPageTraceBehavior [ RunTime:0.004000s ]
INFO: [ app_end ] --END-- [ RunTime:0.004000s ]

[ 2016-05-30T09:31:45+08:00 ] 127.0.0.1 /Home/Orderaddress/amend.html?id=7
INFO: [ app_begin ] --START--
INFO: Run Behavior\ReadHtmlCacheBehavior [ RunTime:0.003000s ]
INFO: [ app_begin ] --END-- [ RunTime:0.005000s ]
NOTIC: [8] A session had already been started - ignoring session_start() C:\wamp\www\project\ThinkPHP\Common\functions.php 第 1190 行.
SQL: SHOW COLUMNS FROM `hs_order_address` [ RunTime:0.013001s ]
SQL: UPDATE `hs_order_address` SET `default`=1 WHERE ( user_id="10" ) [ RunTime:0.003000s ]
SQL: UPDATE `hs_order_address` SET `default`=0 WHERE ( id="7" ) [ RunTime:0.002000s ]
INFO: [ app_end ] --START--
INFO: Run Behavior\ShowPageTraceBehavior [ RunTime:0.003000s ]
INFO: [ app_end ] --END-- [ RunTime:0.003000s ]

[ 2016-05-30T09:32:05+08:00 ] 127.0.0.1 /Home/Goods/ajax.html?p=1
INFO: [ app_begin ] --START--
INFO: Run Behavior\ReadHtmlCacheBehavior [ RunTime:0.001000s ]
INFO: [ app_begin ] --END-- [ RunTime:0.003001s ]
NOTIC: [8] A session had already been started - ignoring session_start() C:\wamp\www\project\ThinkPHP\Common\functions.php 第 1190 行.
SQL: SHOW COLUMNS FROM `hs_goods` [ RunTime:0.007001s ]
SQL: SELECT * FROM `hs_goods` ORDER BY id LIMIT 0,4   [ RunTime:0.001000s ]

[ 2016-05-30T09:32:06+08:00 ] 127.0.0.1 /Home/Goods/ajax.html?p=2
INFO: [ app_begin ] --START--
INFO: Run Behavior\ReadHtmlCacheBehavior [ RunTime:0.003001s ]
INFO: [ app_begin ] --END-- [ RunTime:0.005001s ]
NOTIC: [8] A session had already been started - ignoring session_start() C:\wamp\www\project\ThinkPHP\Common\functions.php 第 1190 行.
SQL: SHOW COLUMNS FROM `hs_goods` [ RunTime:0.017001s ]
SQL: SELECT * FROM `hs_goods` ORDER BY id LIMIT 4,4   [ RunTime:0.001000s ]

[ 2016-05-30T09:33:15+08:00 ] 127.0.0.1 /Home/Orderaddress/amend.html?id=9
INFO: [ app_begin ] --START--
INFO: Run Behavior\ReadHtmlCacheBehavior [ RunTime:0.003000s ]
INFO: [ app_begin ] --END-- [ RunTime:0.005001s ]
NOTIC: [8] A session had already been started - ignoring session_start() C:\wamp\www\project\ThinkPHP\Common\functions.php 第 1190 行.
SQL: SHOW COLUMNS FROM `hs_order_address` [ RunTime:0.013001s ]
SQL: UPDATE `hs_order_address` SET `default`=1 WHERE ( user_id="10" ) [ RunTime:0.003000s ]
SQL: UPDATE `hs_order_address` SET `default`=0 WHERE ( id="9" ) [ RunTime:0.002000s ]
INFO: [ app_end ] --START--
INFO: Run Behavior\ShowPageTraceBehavior [ RunTime:0.003000s ]
INFO: [ app_end ] --END-- [ RunTime:0.003000s ]

[ 2016-05-30T09:33:15+08:00 ] 127.0.0.1 /Home/Orderaddress/amend.html?id=9
INFO: [ app_begin ] --START--
INFO: Run Behavior\ReadHtmlCacheBehavior [ RunTime:0.003000s ]
INFO: [ app_begin ] --END-- [ RunTime:0.006000s ]
NOTIC: [8] A session had already been started - ignoring session_start() C:\wamp\www\project\ThinkPHP\Common\functions.php 第 1190 行.
SQL: SHOW COLUMNS FROM `hs_order_address` [ RunTime:0.013000s ]
SQL: UPDATE `hs_order_address` SET `default`=1 WHERE ( user_id="10" ) [ RunTime:0.004000s ]
SQL: UPDATE `hs_order_address` SET `default`=0 WHERE ( id="9" ) [ RunTime:0.002000s ]
INFO: [ app_end ] --START--
INFO: Run Behavior\ShowPageTraceBehavior [ RunTime:0.003000s ]
INFO: [ app_end ] --END-- [ RunTime:0.004000s ]

[ 2016-05-30T09:33:27+08:00 ] 127.0.0.1 /Home/Orderaddress/amend.html?id=8
INFO: [ app_begin ] --START--
INFO: Run Behavior\ReadHtmlCacheBehavior [ RunTime:0.002001s ]
INFO: [ app_begin ] --END-- [ RunTime:0.005001s ]
NOTIC: [8] A session had already been started - ignoring session_start() C:\wamp\www\project\ThinkPHP\Common\functions.php 第 1190 行.
SQL: SHOW COLUMNS FROM `hs_order_address` [ RunTime:0.014001s ]
SQL: UPDATE `hs_order_address` SET `default`=1 WHERE ( user_id="10" ) [ RunTime:0.003000s ]
SQL: UPDATE `hs_order_address` SET `default`=0 WHERE ( id="8" ) [ RunTime:0.002000s ]
INFO: [ app_end ] --START--
INFO: Run Behavior\ShowPageTraceBehavior [ RunTime:0.003001s ]
INFO: [ app_end ] --END-- [ RunTime:0.003001s ]

[ 2016-05-30T09:33:31+08:00 ] 127.0.0.1 /Home/Orderaddress/amend.html?id=9
INFO: [ app_begin ] --START--
INFO: Run Behavior\ReadHtmlCacheBehavior [ RunTime:0.002000s ]
INFO: [ app_begin ] --END-- [ RunTime:0.005001s ]
NOTIC: [8] A session had already been started - ignoring session_start() C:\wamp\www\project\ThinkPHP\Common\functions.php 第 1190 行.
SQL: SHOW COLUMNS FROM `hs_order_address` [ RunTime:0.013001s ]
SQL: UPDATE `hs_order_address` SET `default`=1 WHERE ( user_id="10" ) [ RunTime:0.011000s ]
SQL: UPDATE `hs_order_address` SET `default`=0 WHERE ( id="9" ) [ RunTime:0.002000s ]
INFO: [ app_end ] --START--
INFO: Run Behavior\ShowPageTraceBehavior [ RunTime:0.003000s ]
INFO: [ app_end ] --END-- [ RunTime:0.003000s ]

[ 2016-05-30T09:33:50+08:00 ] 127.0.0.1 /Home/Goods/ajax.html?p=1
INFO: [ app_begin ] --START--
INFO: Run Behavior\ReadHtmlCacheBehavior [ RunTime:0.002000s ]
INFO: [ app_begin ] --END-- [ RunTime:0.003000s ]
NOTIC: [8] A session had already been started - ignoring session_start() C:\wamp\www\project\ThinkPHP\Common\functions.php 第 1190 行.
SQL: SHOW COLUMNS FROM `hs_goods` [ RunTime:0.006000s ]
SQL: SELECT * FROM `hs_goods` ORDER BY id LIMIT 0,4   [ RunTime:0.000000s ]

[ 2016-05-30T09:33:56+08:00 ] 127.0.0.1 /Home/Cate/ajax.html?p=1&cate_id=1
INFO: [ app_begin ] --START--
INFO: Run Behavior\ReadHtmlCacheBehavior [ RunTime:0.001000s ]
INFO: [ app_begin ] --END-- [ RunTime:0.002000s ]
NOTIC: [8] A session had already been started - ignoring session_start() C:\wamp\www\project\ThinkPHP\Common\functions.php 第 1190 行.
SQL: SHOW COLUMNS FROM `hs_goods` [ RunTime:0.005000s ]
NOTIC: [2] Creating default object from empty value C:\wamp\www\project\web\Home\Controller\CateController.class.php 第 111 行.
SQL: SELECT * FROM `hs_goods` WHERE ( state=1 ) AND `cate_id` = 1 LIMIT 0,4   [ RunTime:0.001000s ]

[ 2016-05-30T09:33:58+08:00 ] 127.0.0.1 /Home/Cate/ajax.html?p=2&cate_id=1
INFO: [ app_begin ] --START--
INFO: Run Behavior\ReadHtmlCacheBehavior [ RunTime:0.003000s ]
INFO: [ app_begin ] --END-- [ RunTime:0.005000s ]
NOTIC: [8] A session had already been started - ignoring session_start() C:\wamp\www\project\ThinkPHP\Common\functions.php 第 1190 行.
SQL: SHOW COLUMNS FROM `hs_goods` [ RunTime:0.008001s ]
NOTIC: [2] Creating default object from empty value C:\wamp\www\project\web\Home\Controller\CateController.class.php 第 111 行.
SQL: SELECT * FROM `hs_goods` WHERE ( state=1 ) AND `cate_id` = 1 LIMIT 4,4   [ RunTime:0.001000s ]

[ 2016-05-30T09:34:02+08:00 ] 127.0.0.1 /Home/Cate/ajax.html?p=3&cate_id=1
INFO: [ app_begin ] --START--
INFO: Run Behavior\ReadHtmlCacheBehavior [ RunTime:0.003000s ]
INFO: [ app_begin ] --END-- [ RunTime:0.005000s ]
NOTIC: [8] A session had already been started - ignoring session_start() C:\wamp\www\project\ThinkPHP\Common\functions.php 第 1190 行.
SQL: SHOW COLUMNS FROM `hs_goods` [ RunTime:0.013001s ]
NOTIC: [2] Creating default object from empty value C:\wamp\www\project\web\Home\Controller\CateController.class.php 第 111 行.
SQL: SELECT * FROM `hs_goods` WHERE ( state=1 ) AND `cate_id` = 1 LIMIT 8,4   [ RunTime:0.002000s ]
INFO: [ app_end ] --START--
INFO: Run Behavior\ShowPageTraceBehavior [ RunTime:0.003000s ]
INFO: [ app_end ] --END-- [ RunTime:0.004000s ]

[ 2016-05-30T09:34:02+08:00 ] 127.0.0.1 /Home/Cate/ajax.html?p=4&cate_id=1
INFO: [ app_begin ] --START--
INFO: Run Behavior\ReadHtmlCacheBehavior [ RunTime:0.003000s ]
INFO: [ app_begin ] --END-- [ RunTime:0.005000s ]
NOTIC: [8] A session had already been started - ignoring session_start() C:\wamp\www\project\ThinkPHP\Common\functions.php 第 1190 行.
SQL: SHOW COLUMNS FROM `hs_goods` [ RunTime:0.027002s ]
NOTIC: [2] Creating default object from empty value C:\wamp\www\project\web\Home\Controller\CateController.class.php 第 111 行.
SQL: SELECT * FROM `hs_goods` WHERE ( state=1 ) AND `cate_id` = 1 LIMIT 12,4   [ RunTime:0.002000s ]
INFO: [ app_end ] --START--
INFO: Run Behavior\ShowPageTraceBehavior [ RunTime:0.003000s ]
INFO: [ app_end ] --END-- [ RunTime:0.005000s ]

[ 2016-05-30T09:34:03+08:00 ] 127.0.0.1 /Home/Cate/ajax.html?p=5&cate_id=1
INFO: [ app_begin ] --START--
INFO: Run Behavior\ReadHtmlCacheBehavior [ RunTime:0.003000s ]
INFO: [ app_begin ] --END-- [ RunTime:0.005000s ]
NOTIC: [8] A session had already been started - ignoring session_start() C:\wamp\www\project\ThinkPHP\Common\functions.php 第 1190 行.
SQL: SHOW COLUMNS FROM `hs_goods` [ RunTime:0.015001s ]
NOTIC: [2] Creating default object from empty value C:\wamp\www\project\web\Home\Controller\CateController.class.php 第 111 行.
SQL: SELECT * FROM `hs_goods` WHERE ( state=1 ) AND `cate_id` = 1 LIMIT 16,4   [ RunTime:0.002000s ]
INFO: [ app_end ] --START--
INFO: Run Behavior\ShowPageTraceBehavior [ RunTime:0.003001s ]
INFO: [ app_end ] --END-- [ RunTime:0.004001s ]

[ 2016-05-30T09:34:03+08:00 ] 127.0.0.1 /Home/Cate/ajax.html?p=6&cate_id=1
INFO: [ app_begin ] --START--
INFO: Run Behavior\ReadHtmlCacheBehavior [ RunTime:0.002000s ]
INFO: [ app_begin ] --END-- [ RunTime:0.005000s ]
NOTIC: [8] A session had already been started - ignoring session_start() C:\wamp\www\project\ThinkPHP\Common\functions.php 第 1190 行.
SQL: SHOW COLUMNS FROM `hs_goods` [ RunTime:0.016001s ]
NOTIC: [2] Creating default object from empty value C:\wamp\www\project\web\Home\Controller\CateController.class.php 第 111 行.
SQL: SELECT * FROM `hs_goods` WHERE ( state=1 ) AND `cate_id` = 1 LIMIT 20,4   [ RunTime:0.002000s ]
INFO: [ app_end ] --START--
INFO: Run Behavior\ShowPageTraceBehavior [ RunTime:0.002000s ]
INFO: [ app_end ] --END-- [ RunTime:0.004000s ]

[ 2016-05-30T09:34:03+08:00 ] 127.0.0.1 /Home/Cate/ajax.html?p=7&cate_id=1
INFO: [ app_begin ] --START--
INFO: Run Behavior\ReadHtmlCacheBehavior [ RunTime:0.003000s ]
INFO: [ app_begin ] --END-- [ RunTime:0.005000s ]
NOTIC: [8] A session had already been started - ignoring session_start() C:\wamp\www\project\ThinkPHP\Common\functions.php 第 1190 行.
SQL: SHOW COLUMNS FROM `hs_goods` [ RunTime:0.014001s ]
NOTIC: [2] Creating default object from empty value C:\wamp\www\project\web\Home\Controller\CateController.class.php 第 111 行.
SQL: SELECT * FROM `hs_goods` WHERE ( state=1 ) AND `cate_id` = 1 LIMIT 24,4   [ RunTime:0.002000s ]
INFO: [ app_end ] --START--
INFO: Run Behavior\ShowPageTraceBehavior [ RunTime:0.003000s ]
INFO: [ app_end ] --END-- [ RunTime:0.004000s ]

[ 2016-05-30T09:34:04+08:00 ] 127.0.0.1 /Home/Cate/ajax.html?p=8&cate_id=1
INFO: [ app_begin ] --START--
INFO: Run Behavior\ReadHtmlCacheBehavior [ RunTime:0.002000s ]
INFO: [ app_begin ] --END-- [ RunTime:0.003000s ]
NOTIC: [8] A session had already been started - ignoring session_start() C:\wamp\www\project\ThinkPHP\Common\functions.php 第 1190 行.
SQL: SHOW COLUMNS FROM `hs_goods` [ RunTime:0.007000s ]
NOTIC: [2] Creating default object from empty value C:\wamp\www\project\web\Home\Controller\CateController.class.php 第 111 行.
SQL: SELECT * FROM `hs_goods` WHERE ( state=1 ) AND `cate_id` = 1 LIMIT 28,4   [ RunTime:0.001000s ]
INFO: [ app_end ] --START--
INFO: Run Behavior\ShowPageTraceBehavior [ RunTime:0.001000s ]
INFO: [ app_end ] --END-- [ RunTime:0.001000s ]

[ 2016-05-30T09:35:20+08:00 ] 127.0.0.1 /Home/Fashion/ajaxfashion.html?p=1
INFO: [ app_begin ] --START--
INFO: Run Behavior\ReadHtmlCacheBehavior [ RunTime:0.002000s ]
INFO: [ app_begin ] --END-- [ RunTime:0.003000s ]
NOTIC: [8] A session had already been started - ignoring session_start() C:\wamp\www\project\ThinkPHP\Common\functions.php 第 1190 行.
SQL: SHOW COLUMNS FROM `hs_fashion` [ RunTime:0.011001s ]
SQL: SELECT * FROM `hs_fashion` ORDER BY id LIMIT 0,6   [ RunTime:0.003000s ]
INFO: [ app_end ] --START--
INFO: Run Behavior\ShowPageTraceBehavior [ RunTime:0.002000s ]
INFO: [ app_end ] --END-- [ RunTime:0.003000s ]

[ 2016-05-30T09:35:22+08:00 ] 127.0.0.1 /Home/Fashion/ajaxfashion.html?p=2
INFO: [ app_begin ] --START--
INFO: Run Behavior\ReadHtmlCacheBehavior [ RunTime:0.001000s ]
INFO: [ app_begin ] --END-- [ RunTime:0.003001s ]
NOTIC: [8] A session had already been started - ignoring session_start() C:\wamp\www\project\ThinkPHP\Common\functions.php 第 1190 行.
SQL: SHOW COLUMNS FROM `hs_fashion` [ RunTime:0.008000s ]
SQL: SELECT * FROM `hs_fashion` ORDER BY id LIMIT 6,6   [ RunTime:0.003000s ]
INFO: [ app_end ] --START--
INFO: Run Behavior\ShowPageTraceBehavior [ RunTime:0.001000s ]
INFO: [ app_end ] --END-- [ RunTime:0.002000s ]

[ 2016-05-30T09:35:50+08:00 ] 127.0.0.1 /Home/Fashion/ajaxfashion.html?p=1
INFO: [ app_begin ] --START--
INFO: Run Behavior\ReadHtmlCacheBehavior [ RunTime:0.002000s ]
INFO: [ app_begin ] --END-- [ RunTime:0.003000s ]
NOTIC: [8] A session had already been started - ignoring session_start() C:\wamp\www\project\ThinkPHP\Common\functions.php 第 1190 行.
SQL: SHOW COLUMNS FROM `hs_fashion` [ RunTime:0.010001s ]
SQL: SELECT * FROM `hs_fashion` ORDER BY id LIMIT 0,6   [ RunTime:0.002000s ]
INFO: [ app_end ] --START--
INFO: Run Behavior\ShowPageTraceBehavior [ RunTime:0.002000s ]
INFO: [ app_end ] --END-- [ RunTime:0.002000s ]

[ 2016-05-30T09:40:56+08:00 ] 127.0.0.1 /Home/Feedback/Home.html
ERR: 非法操作:Home

[ 2016-05-30T09:41:07+08:00 ] 127.0.0.1 /Home/Feedback/Home.html
ERR: 非法操作:Home

[ 2016-05-30T09:41:43+08:00 ] 127.0.0.1 /Home/Feedback/Home.html
ERR: 非法操作:Home

[ 2016-05-30T09:51:19+08:00 ] 127.0.0.1 /Home/Feedback/Home.html
ERR: 非法操作:Home

[ 2016-05-30T09:52:40+08:00 ] 127.0.0.1 /Home/Goods/ajax.html?p=1
INFO: [ app_begin ] --START--
INFO: Run Behavior\ReadHtmlCacheBehavior [ RunTime:0.001000s ]
INFO: [ app_begin ] --END-- [ RunTime:0.002000s ]
NOTIC: [8] A session had already been started - ignoring session_start() C:\wamp\www\project\ThinkPHP\Common\functions.php 第 1190 行.
SQL: SHOW COLUMNS FROM `hs_goods` [ RunTime:0.005000s ]
SQL: SELECT * FROM `hs_goods` ORDER BY id LIMIT 0,4   [ RunTime:0.000000s ]

[ 2016-05-30T09:52:41+08:00 ] 127.0.0.1 /Home/Goods/ajax.html?p=2
INFO: [ app_begin ] --START--
INFO: Run Behavior\ReadHtmlCacheBehavior [ RunTime:0.001000s ]
INFO: [ app_begin ] --END-- [ RunTime:0.002000s ]
NOTIC: [8] A session had already been started - ignoring session_start() C:\wamp\www\project\ThinkPHP\Common\functions.php 第 1190 行.
SQL: SHOW COLUMNS FROM `hs_goods` [ RunTime:0.006000s ]
SQL: SELECT * FROM `hs_goods` ORDER BY id LIMIT 4,4   [ RunTime:0.001000s ]

[ 2016-05-30T09:53:49+08:00 ] 127.0.0.1 /Home/Goods/ajax.html?p=1
INFO: [ app_begin ] --START--
INFO: Run Behavior\ReadHtmlCacheBehavior [ RunTime:0.001000s ]
INFO: [ app_begin ] --END-- [ RunTime:0.004000s ]
NOTIC: [8] A session had already been started - ignoring session_start() C:\wamp\www\project\ThinkPHP\Common\functions.php 第 1190 行.
SQL: SHOW COLUMNS FROM `hs_goods` [ RunTime:0.008000s ]
SQL: SELECT * FROM `hs_goods` ORDER BY id LIMIT 0,4   [ RunTime:0.001000s ]

[ 2016-05-30T09:53:51+08:00 ] 127.0.0.1 /Home/Goods/ajax.html?p=2
INFO: [ app_begin ] --START--
INFO: Run Behavior\ReadHtmlCacheBehavior [ RunTime:0.001000s ]
INFO: [ app_begin ] --END-- [ RunTime:0.002000s ]
NOTIC: [8] A session had already been started - ignoring session_start() C:\wamp\www\project\ThinkPHP\Common\functions.php 第 1190 行.
SQL: SHOW COLUMNS FROM `hs_goods` [ RunTime:0.008001s ]
SQL: SELECT * FROM `hs_goods` ORDER BY id LIMIT 4,4   [ RunTime:0.001000s ]

[ 2016-05-30T09:54:59+08:00 ] 127.0.0.1 /Home/Goods/ajax.html?p=1
INFO: [ app_begin ] --START--
INFO: Run Behavior\ReadHtmlCacheBehavior [ RunTime:0.001000s ]
INFO: [ app_begin ] --END-- [ RunTime:0.002000s ]
NOTIC: [8] A session had already been started - ignoring session_start() C:\wamp\www\project\ThinkPHP\Common\functions.php 第 1190 行.
SQL: SHOW COLUMNS FROM `hs_goods` [ RunTime:0.007001s ]
SQL: SELECT * FROM `hs_goods` ORDER BY id LIMIT 0,4   [ RunTime:0.001000s ]

[ 2016-05-30T10:13:18+08:00 ] 127.0.0.1 /Home/Orderby/%3C?php%20echo%20$pic;?%3E
ERR: 非法操作:

[ 2016-05-30T10:14:31+08:00 ] 127.0.0.1 /Home/Orderby/.$pic.
ERR: 非法操作:.$pic

[ 2016-05-30T10:14:31+08:00 ] 127.0.0.1 /Home/Orderby/.$pic.
ERR: 非法操作:.$pic

[ 2016-05-30T10:30:13+08:00 ] 127.0.0.1 /Home/Job/ajax.html
INFO: [ app_begin ] --START--
INFO: Run Behavior\ReadHtmlCacheBehavior [ RunTime:0.001000s ]
INFO: [ app_begin ] --END-- [ RunTime:0.001000s ]
NOTIC: [8] A session had already been started - ignoring session_start() C:\wamp\www\project\ThinkPHP\Common\functions.php 第 1190 行.
SQL: SHOW COLUMNS FROM `hs_job` [ RunTime:0.008001s ]
SQL: SELECT * FROM `hs_job` ORDER BY id LIMIT 0,6   [ RunTime:0.001000s ]
INFO: [ app_end ] --START--
INFO: Run Behavior\ShowPageTraceBehavior [ RunTime:0.001000s ]
INFO: [ app_end ] --END-- [ RunTime:0.002000s ]

[ 2016-05-30T10:31:05+08:00 ] 127.0.0.1 /Home/Job/ajax.html
INFO: [ app_begin ] --START--
INFO: Run Behavior\ReadHtmlCacheBehavior [ RunTime:0.002000s ]
INFO: [ app_begin ] --END-- [ RunTime:0.003000s ]
NOTIC: [8] A session had already been started - ignoring session_start() C:\wamp\www\project\ThinkPHP\Common\functions.php 第 1190 行.
SQL: SHOW COLUMNS FROM `hs_job` [ RunTime:0.006001s ]
SQL: SELECT * FROM `hs_job` ORDER BY id LIMIT 0,6   [ RunTime:0.002000s ]
INFO: [ app_end ] --START--
INFO: Run Behavior\ShowPageTraceBehavior [ RunTime:0.002000s ]
INFO: [ app_end ] --END-- [ RunTime:0.002000s ]

[ 2016-05-30T10:31:07+08:00 ] 127.0.0.1 /Home/Job/ajax.html
INFO: [ app_begin ] --START--
INFO: Run Behavior\ReadHtmlCacheBehavior [ RunTime:0.004000s ]
INFO: [ app_begin ] --END-- [ RunTime:0.007000s ]
NOTIC: [8] A session had already been started - ignoring session_start() C:\wamp\www\project\ThinkPHP\Common\functions.php 第 1190 行.
SQL: SHOW COLUMNS FROM `hs_job` [ RunTime:0.015001s ]
SQL: SELECT * FROM `hs_job` ORDER BY id LIMIT 6,6   [ RunTime:0.001000s ]
INFO: [ app_end ] --START--
INFO: Run Behavior\ShowPageTraceBehavior [ RunTime:0.005000s ]
INFO: [ app_end ] --END-- [ RunTime:0.006000s ]

[ 2016-05-30T10:31:13+08:00 ] 127.0.0.1 /Home/Job/ajax.html
INFO: [ app_begin ] --START--
INFO: Run Behavior\ReadHtmlCacheBehavior [ RunTime:0.002000s ]
INFO: [ app_begin ] --END-- [ RunTime:0.004000s ]
NOTIC: [8] A session had already been started - ignoring session_start() C:\wamp\www\project\ThinkPHP\Common\functions.php 第 1190 行.
SQL: SHOW COLUMNS FROM `hs_job` [ RunTime:0.008001s ]
SQL: SELECT * FROM `hs_job` ORDER BY id LIMIT 0,6   [ RunTime:0.001000s ]
INFO: [ app_end ] --START--
INFO: Run Behavior\ShowPageTraceBehavior [ RunTime:0.003000s ]
INFO: [ app_end ] --END-- [ RunTime:0.003000s ]

[ 2016-05-30T10:31:13+08:00 ] 127.0.0.1 /Home/Job/ajax.html
INFO: [ app_begin ] --START--
INFO: Run Behavior\ReadHtmlCacheBehavior [ RunTime:0.002000s ]
INFO: [ app_begin ] --END-- [ RunTime:0.004000s ]
NOTIC: [8] A session had already been started - ignoring session_start() C:\wamp\www\project\ThinkPHP\Common\functions.php 第 1190 行.
SQL: SHOW COLUMNS FROM `hs_job` [ RunTime:0.021001s ]
SQL: SELECT * FROM `hs_job` ORDER BY id LIMIT 6,6   [ RunTime:0.001000s ]
INFO: [ app_end ] --START--
INFO: Run Behavior\ShowPageTraceBehavior [ RunTime:0.002000s ]
INFO: [ app_end ] --END-- [ RunTime:0.003000s ]

[ 2016-05-30T10:31:14+08:00 ] 127.0.0.1 /Home/Job/ajax.html
INFO: [ app_begin ] --START--
INFO: Run Behavior\ReadHtmlCacheBehavior [ RunTime:0.002000s ]
INFO: [ app_begin ] --END-- [ RunTime:0.003000s ]
NOTIC: [8] A session had already been started - ignoring session_start() C:\wamp\www\project\ThinkPHP\Common\functions.php 第 1190 行.
SQL: SHOW COLUMNS FROM `hs_job` [ RunTime:0.005000s ]
SQL: SELECT * FROM `hs_job` ORDER BY id LIMIT 12,6   [ RunTime:0.001000s ]
INFO: [ app_end ] --START--
INFO: Run Behavior\ShowPageTraceBehavior [ RunTime:0.002000s ]
INFO: [ app_end ] --END-- [ RunTime:0.002000s ]

[ 2016-05-30T10:31:14+08:00 ] 127.0.0.1 /Home/Job/ajax.html
INFO: [ app_begin ] --START--
INFO: Run Behavior\ReadHtmlCacheBehavior [ RunTime:0.002000s ]
INFO: [ app_begin ] --END-- [ RunTime:0.006000s ]
NOTIC: [8] A session had already been started - ignoring session_start() C:\wamp\www\project\ThinkPHP\Common\functions.php 第 1190 行.
SQL: SHOW COLUMNS FROM `hs_job` [ RunTime:0.005000s ]
SQL: SELECT * FROM `hs_job` ORDER BY id LIMIT 18,6   [ RunTime:0.001000s ]
INFO: [ app_end ] --START--
INFO: Run Behavior\ShowPageTraceBehavior [ RunTime:0.002000s ]
INFO: [ app_end ] --END-- [ RunTime:0.003000s ]

[ 2016-05-30T10:31:18+08:00 ] 127.0.0.1 /Home/Recommend/ajax.html
INFO: [ app_begin ] --START--
INFO: Run Behavior\ReadHtmlCacheBehavior [ RunTime:0.003000s ]
INFO: [ app_begin ] --END-- [ RunTime:0.004000s ]
NOTIC: [8] A session had already been started - ignoring session_start() C:\wamp\www\project\ThinkPHP\Common\functions.php 第 1190 行.
SQL: SHOW COLUMNS FROM `hs_recommend` [ RunTime:0.007000s ]
SQL: SELECT * FROM `hs_recommend` ORDER BY id LIMIT 0,6   [ RunTime:0.000000s ]
INFO: [ app_end ] --START--
INFO: Run Behavior\ShowPageTraceBehavior [ RunTime:0.002000s ]
INFO: [ app_end ] --END-- [ RunTime:0.003001s ]

[ 2016-05-30T10:31:18+08:00 ] 127.0.0.1 /Home/Recommend/ajax.html
INFO: [ app_begin ] --START--
INFO: Run Behavior\ReadHtmlCacheBehavior [ RunTime:0.005001s ]
INFO: [ app_begin ] --END-- [ RunTime:0.008001s ]
NOTIC: [8] A session had already been started - ignoring session_start() C:\wamp\www\project\ThinkPHP\Common\functions.php 第 1190 行.
SQL: SHOW COLUMNS FROM `hs_recommend` [ RunTime:0.015001s ]
SQL: SELECT * FROM `hs_recommend` ORDER BY id LIMIT 6,6   [ RunTime:0.002001s ]
INFO: [ app_end ] --START--
INFO: Run Behavior\ShowPageTraceBehavior [ RunTime:0.004000s ]
INFO: [ app_end ] --END-- [ RunTime:0.006000s ]

[ 2016-05-30T10:31:28+08:00 ] 127.0.0.1 /Home/Recommend/ajaxadd.html
INFO: [ app_begin ] --START--
INFO: Run Behavior\ReadHtmlCacheBehavior [ RunTime:0.005000s ]
INFO: [ app_begin ] --END-- [ RunTime:0.008000s ]
NOTIC: [8] A session had already been started - ignoring session_start() C:\wamp\www\project\ThinkPHP\Common\functions.php 第 1190 行.
SQL: SHOW COLUMNS FROM `hs_recommendmsg` [ RunTime:0.018001s ]
SQL: INSERT INTO `hs_recommendmsg` (`recommsg`,`rmsgtime`,`recomid`) VALUES ('的话说','2016/05/30 10:31:28',1) [ RunTime:0.007000s ]
INFO: [ app_end ] --START--
INFO: Run Behavior\ShowPageTraceBehavior [ RunTime:0.003000s ]
INFO: [ app_end ] --END-- [ RunTime:0.003000s ]

[ 2016-05-30T10:31:43+08:00 ] 127.0.0.1 /Home/Goods/ajax.html?p=1
INFO: [ app_begin ] --START--
INFO: Run Behavior\ReadHtmlCacheBehavior [ RunTime:0.002000s ]
INFO: [ app_begin ] --END-- [ RunTime:0.003000s ]
NOTIC: [8] A session had already been started - ignoring session_start() C:\wamp\www\project\ThinkPHP\Common\functions.php 第 1190 行.
SQL: SHOW COLUMNS FROM `hs_goods` [ RunTime:0.008001s ]
SQL: SELECT * FROM `hs_goods` ORDER BY id LIMIT 0,4   [ RunTime:0.001000s ]

[ 2016-05-30T10:31:45+08:00 ] 127.0.0.1 /Home/Goods/ajax.html?p=2
INFO: [ app_begin ] --START--
INFO: Run Behavior\ReadHtmlCacheBehavior [ RunTime:0.005001s ]
INFO: [ app_begin ] --END-- [ RunTime:0.006001s ]
NOTIC: [8] A session had already been started - ignoring session_start() C:\wamp\www\project\ThinkPHP\Common\functions.php 第 1190 行.
SQL: SHOW COLUMNS FROM `hs_goods` [ RunTime:0.082005s ]
SQL: SELECT * FROM `hs_goods` ORDER BY id LIMIT 4,4   [ RunTime:0.002000s ]

[ 2016-05-30T10:31:55+08:00 ] 127.0.0.1 /Home/Recommend/ajax.html
INFO: [ app_begin ] --START--
INFO: Run Behavior\ReadHtmlCacheBehavior [ RunTime:0.002000s ]
INFO: [ app_begin ] --END-- [ RunTime:0.004000s ]
NOTIC: [8] A session had already been started - ignoring session_start() C:\wamp\www\project\ThinkPHP\Common\functions.php 第 1190 行.
SQL: SHOW COLUMNS FROM `hs_recommend` [ RunTime:0.007001s ]
SQL: SELECT * FROM `hs_recommend` ORDER BY id LIMIT 0,6   [ RunTime:0.000000s ]
INFO: [ app_end ] --START--
INFO: Run Behavior\ShowPageTraceBehavior [ RunTime:0.002000s ]
INFO: [ app_end ] --END-- [ RunTime:0.002000s ]

[ 2016-05-30T10:32:01+08:00 ] 127.0.0.1 /Home/Recommend/ajax.html
INFO: [ app_begin ] --START--
INFO: Run Behavior\ReadHtmlCacheBehavior [ RunTime:0.001000s ]
INFO: [ app_begin ] --END-- [ RunTime:0.003000s ]
NOTIC: [8] A session had already been started - ignoring session_start() C:\wamp\www\project\ThinkPHP\Common\functions.php 第 1190 行.
SQL: SHOW COLUMNS FROM `hs_recommend` [ RunTime:0.006000s ]
SQL: SELECT * FROM `hs_recommend` ORDER BY id LIMIT 0,6   [ RunTime:0.001000s ]
INFO: [ app_end ] --START--
INFO: Run Behavior\ShowPageTraceBehavior [ RunTime:0.001001s ]
INFO: [ app_end ] --END-- [ RunTime:0.002001s ]

[ 2016-05-30T10:32:05+08:00 ] 127.0.0.1 /Home/Job/ajax.html
INFO: [ app_begin ] --START--
INFO: Run Behavior\ReadHtmlCacheBehavior [ RunTime:0.002000s ]
INFO: [ app_begin ] --END-- [ RunTime:0.003000s ]
NOTIC: [8] A session had already been started - ignoring session_start() C:\wamp\www\project\ThinkPHP\Common\functions.php 第 1190 行.
SQL: SHOW COLUMNS FROM `hs_job` [ RunTime:0.007000s ]
SQL: SELECT * FROM `hs_job` ORDER BY id LIMIT 0,6   [ RunTime:0.001000s ]
INFO: [ app_end ] --START--
INFO: Run Behavior\ShowPageTraceBehavior [ RunTime:0.003000s ]
INFO: [ app_end ] --END-- [ RunTime:0.003000s ]

[ 2016-05-30T10:32:07+08:00 ] 127.0.0.1 /Home/Job/ajax.html
INFO: [ app_begin ] --START--
INFO: Run Behavior\ReadHtmlCacheBehavior [ RunTime:0.002000s ]
INFO: [ app_begin ] --END-- [ RunTime:0.004001s ]
NOTIC: [8] A session had already been started - ignoring session_start() C:\wamp\www\project\ThinkPHP\Common\functions.php 第 1190 行.
SQL: SHOW COLUMNS FROM `hs_job` [ RunTime:0.008001s ]
SQL: SELECT * FROM `hs_job` ORDER BY id LIMIT 6,6   [ RunTime:0.001000s ]
INFO: [ app_end ] --START--
INFO: Run Behavior\ShowPageTraceBehavior [ RunTime:0.002000s ]
INFO: [ app_end ] --END-- [ RunTime:0.003000s ]

[ 2016-05-30T10:32:11+08:00 ] 127.0.0.1 /Home/Recommend/ajax.html
INFO: [ app_begin ] --START--
INFO: Run Behavior\ReadHtmlCacheBehavior [ RunTime:0.003000s ]
INFO: [ app_begin ] --END-- [ RunTime:0.005000s ]
NOTIC: [8] A session had already been started - ignoring session_start() C:\wamp\www\project\ThinkPHP\Common\functions.php 第 1190 行.
SQL: SHOW COLUMNS FROM `hs_recommend` [ RunTime:0.007000s ]
SQL: SELECT * FROM `hs_recommend` ORDER BY id LIMIT 0,6   [ RunTime:0.001000s ]
INFO: [ app_end ] --START--
INFO: Run Behavior\ShowPageTraceBehavior [ RunTime:0.003001s ]
INFO: [ app_end ] --END-- [ RunTime:0.003001s ]

[ 2016-05-30T10:32:12+08:00 ] 127.0.0.1 /Home/Recommend/ajax.html
INFO: [ app_begin ] --START--
INFO: Run Behavior\ReadHtmlCacheBehavior [ RunTime:0.005000s ]
INFO: [ app_begin ] --END-- [ RunTime:0.008001s ]
NOTIC: [8] A session had already been started - ignoring session_start() C:\wamp\www\project\ThinkPHP\Common\functions.php 第 1190 行.
SQL: SHOW COLUMNS FROM `hs_recommend` [ RunTime:0.028001s ]
SQL: SELECT * FROM `hs_recommend` ORDER BY id LIMIT 6,6   [ RunTime:0.001000s ]
INFO: [ app_end ] --START--
INFO: Run Behavior\ShowPageTraceBehavior [ RunTime:0.005000s ]
INFO: [ app_end ] --END-- [ RunTime:0.005000s ]

