[ 2016-05-28T12:28:09+08:00 ] 127.0.0.1 /Home/Fashion/ajaxfashion.html?p=1
INFO: [ app_begin ] --START--
INFO: Run Behavior\ReadHtmlCacheBehavior [ RunTime:0.001000s ]
INFO: [ app_begin ] --END-- [ RunTime:0.002000s ]
NOTIC: [8] A session had already been started - ignoring session_start() C:\wamp\www\project\ThinkPHP\Common\functions.php 第 1190 行.
SQL: SHOW COLUMNS FROM `hs_fashion` [ RunTime:0.007001s ]
SQL: SELECT * FROM `hs_fashion` ORDER BY id LIMIT 0,6   [ RunTime:0.001000s ]
INFO: [ app_end ] --START--
INFO: Run Behavior\ShowPageTraceBehavior [ RunTime:0.001000s ]
INFO: [ app_end ] --END-- [ RunTime:0.001000s ]

[ 2016-05-28T12:28:10+08:00 ] 127.0.0.1 /Home/Fashion/ajaxfashion.html?p=2
INFO: [ app_begin ] --START--
INFO: Run Behavior\ReadHtmlCacheBehavior [ RunTime:0.002000s ]
INFO: [ app_begin ] --END-- [ RunTime:0.003000s ]
NOTIC: [8] A session had already been started - ignoring session_start() C:\wamp\www\project\ThinkPHP\Common\functions.php 第 1190 行.
SQL: SHOW COLUMNS FROM `hs_fashion` [ RunTime:0.040003s ]
SQL: SELECT * FROM `hs_fashion` ORDER BY id LIMIT 6,6   [ RunTime:0.001000s ]
INFO: [ app_end ] --START--
INFO: Run Behavior\ShowPageTraceBehavior [ RunTime:0.001000s ]
INFO: [ app_end ] --END-- [ RunTime:0.002000s ]

[ 2016-05-28T12:28:15+08:00 ] 127.0.0.1 /Home/Fashion/ajaxfashion.html?p=3
INFO: [ app_begin ] --START--
INFO: Run Behavior\ReadHtmlCacheBehavior [ RunTime:0.001000s ]
INFO: [ app_begin ] --END-- [ RunTime:0.005000s ]
NOTIC: [8] A session had already been started - ignoring session_start() C:\wamp\www\project\ThinkPHP\Common\functions.php 第 1190 行.
SQL: SHOW COLUMNS FROM `hs_fashion` [ RunTime:0.006000s ]
SQL: SELECT * FROM `hs_fashion` ORDER BY id LIMIT 12,6   [ RunTime:0.000000s ]
INFO: [ app_end ] --START--
INFO: Run Behavior\ShowPageTraceBehavior [ RunTime:0.001000s ]
INFO: [ app_end ] --END-- [ RunTime:0.002000s ]

[ 2016-05-28T12:28:15+08:00 ] 127.0.0.1 /Home/Fashion/ajaxfashion.html?p=4
INFO: [ app_begin ] --START--
INFO: Run Behavior\ReadHtmlCacheBehavior [ RunTime:0.003000s ]
INFO: [ app_begin ] --END-- [ RunTime:0.004001s ]
NOTIC: [8] A session had already been started - ignoring session_start() C:\wamp\www\project\ThinkPHP\Common\functions.php 第 1190 行.
SQL: SHOW COLUMNS FROM `hs_fashion` [ RunTime:0.010000s ]
SQL: SELECT * FROM `hs_fashion` ORDER BY id LIMIT 18,6   [ RunTime:0.001000s ]
INFO: [ app_end ] --START--
INFO: Run Behavior\ShowPageTraceBehavior [ RunTime:0.002000s ]
INFO: [ app_end ] --END-- [ RunTime:0.002000s ]

[ 2016-05-28T12:31:41+08:00 ] 127.0.0.1 /Home/Fashion/ajaxfashion.html?p=1
INFO: [ app_begin ] --START--
INFO: Run Behavior\ReadHtmlCacheBehavior [ RunTime:0.009001s ]
INFO: [ app_begin ] --END-- [ RunTime:0.010001s ]
NOTIC: [8] A session had already been started - ignoring session_start() C:\wamp\www\project\ThinkPHP\Common\functions.php 第 1190 行.
SQL: SHOW COLUMNS FROM `hs_fashion` [ RunTime:0.008001s ]
SQL: SELECT * FROM `hs_fashion` ORDER BY id LIMIT 0,6   [ RunTime:0.001000s ]
INFO: [ app_end ] --START--
INFO: Run Behavior\ShowPageTraceBehavior [ RunTime:0.002000s ]
INFO: [ app_end ] --END-- [ RunTime:0.002000s ]

[ 2016-05-28T12:32:13+08:00 ] 127.0.0.1 /Home/Fashion/ajaxfashion.html?p=2
INFO: [ app_begin ] --START--
INFO: Run Behavior\ReadHtmlCacheBehavior [ RunTime:0.002000s ]
INFO: [ app_begin ] --END-- [ RunTime:0.003000s ]
NOTIC: [8] A session had already been started - ignoring session_start() C:\wamp\www\project\ThinkPHP\Common\functions.php 第 1190 行.
SQL: SHOW COLUMNS FROM `hs_fashion` [ RunTime:0.007000s ]
SQL: SELECT * FROM `hs_fashion` ORDER BY id LIMIT 6,6   [ RunTime:0.001000s ]
INFO: [ app_end ] --START--
INFO: Run Behavior\ShowPageTraceBehavior [ RunTime:0.002000s ]
INFO: [ app_end ] --END-- [ RunTime:0.002000s ]

[ 2016-05-28T12:38:39+08:00 ] 127.0.0.1 /Home/Fashion/ajaxfashion.html?p=1
INFO: [ app_begin ] --START--
INFO: Run Behavior\ReadHtmlCacheBehavior [ RunTime:0.001000s ]
INFO: [ app_begin ] --END-- [ RunTime:0.002000s ]
NOTIC: [8] A session had already been started - ignoring session_start() C:\wamp\www\project\ThinkPHP\Common\functions.php 第 1190 行.
SQL: SHOW COLUMNS FROM `hs_fashion` [ RunTime:0.012001s ]
SQL: SELECT * FROM `hs_fashion` ORDER BY id LIMIT 0,6   [ RunTime:0.003000s ]
INFO: [ app_end ] --START--
INFO: Run Behavior\ShowPageTraceBehavior [ RunTime:0.002000s ]
INFO: [ app_end ] --END-- [ RunTime:0.002000s ]

[ 2016-05-28T12:38:40+08:00 ] 127.0.0.1 /Home/Fashion/ajaxfashion.html?p=2
INFO: [ app_begin ] --START--
INFO: Run Behavior\ReadHtmlCacheBehavior [ RunTime:0.020001s ]
INFO: [ app_begin ] --END-- [ RunTime:0.023001s ]
NOTIC: [8] A session had already been started - ignoring session_start() C:\wamp\www\project\ThinkPHP\Common\functions.php 第 1190 行.
SQL: SHOW COLUMNS FROM `hs_fashion` [ RunTime:0.019001s ]
SQL: SELECT * FROM `hs_fashion` ORDER BY id LIMIT 6,6   [ RunTime:0.001001s ]
INFO: [ app_end ] --START--
INFO: Run Behavior\ShowPageTraceBehavior [ RunTime:0.002000s ]
INFO: [ app_end ] --END-- [ RunTime:0.002000s ]

[ 2016-05-28T12:38:42+08:00 ] 127.0.0.1 /Home/Fashion/ajaxfashion.html?p=3
INFO: [ app_begin ] --START--
INFO: Run Behavior\ReadHtmlCacheBehavior [ RunTime:0.002000s ]
INFO: [ app_begin ] --END-- [ RunTime:0.004000s ]
NOTIC: [8] A session had already been started - ignoring session_start() C:\wamp\www\project\ThinkPHP\Common\functions.php 第 1190 行.
SQL: SHOW COLUMNS FROM `hs_fashion` [ RunTime:0.008000s ]
SQL: SELECT * FROM `hs_fashion` ORDER BY id LIMIT 12,6   [ RunTime:0.001000s ]
INFO: [ app_end ] --START--
INFO: Run Behavior\ShowPageTraceBehavior [ RunTime:0.002000s ]
INFO: [ app_end ] --END-- [ RunTime:0.002000s ]

[ 2016-05-28T12:38:42+08:00 ] 127.0.0.1 /Home/Fashion/ajaxfashion.html?p=4
INFO: [ app_begin ] --START--
INFO: Run Behavior\ReadHtmlCacheBehavior [ RunTime:0.005001s ]
INFO: [ app_begin ] --END-- [ RunTime:0.006001s ]
NOTIC: [8] A session had already been started - ignoring session_start() C:\wamp\www\project\ThinkPHP\Common\functions.php 第 1190 行.
SQL: SHOW COLUMNS FROM `hs_fashion` [ RunTime:0.008001s ]
SQL: SELECT * FROM `hs_fashion` ORDER BY id LIMIT 18,6   [ RunTime:0.001000s ]
INFO: [ app_end ] --START--
INFO: Run Behavior\ShowPageTraceBehavior [ RunTime:0.002000s ]
INFO: [ app_end ] --END-- [ RunTime:0.002000s ]

[ 2016-05-28T12:38:43+08:00 ] 127.0.0.1 /Home/Fashion/ajaxfashion.html?p=5
INFO: [ app_begin ] --START--
INFO: Run Behavior\ReadHtmlCacheBehavior [ RunTime:0.002001s ]
INFO: [ app_begin ] --END-- [ RunTime:0.005001s ]
NOTIC: [8] A session had already been started - ignoring session_start() C:\wamp\www\project\ThinkPHP\Common\functions.php 第 1190 行.
SQL: SHOW COLUMNS FROM `hs_fashion` [ RunTime:0.008001s ]
SQL: SELECT * FROM `hs_fashion` ORDER BY id LIMIT 24,6   [ RunTime:0.000000s ]
INFO: [ app_end ] --START--
INFO: Run Behavior\ShowPageTraceBehavior [ RunTime:0.001000s ]
INFO: [ app_end ] --END-- [ RunTime:0.002000s ]

[ 2016-05-28T12:38:43+08:00 ] 127.0.0.1 /Home/Fashion/ajaxfashion.html?p=6
INFO: [ app_begin ] --START--
INFO: Run Behavior\ReadHtmlCacheBehavior [ RunTime:0.003001s ]
INFO: [ app_begin ] --END-- [ RunTime:0.004001s ]
NOTIC: [8] A session had already been started - ignoring session_start() C:\wamp\www\project\ThinkPHP\Common\functions.php 第 1190 行.
SQL: SHOW COLUMNS FROM `hs_fashion` [ RunTime:0.008000s ]
SQL: SELECT * FROM `hs_fashion` ORDER BY id LIMIT 30,6   [ RunTime:0.000000s ]
INFO: [ app_end ] --START--
INFO: Run Behavior\ShowPageTraceBehavior [ RunTime:0.001000s ]
INFO: [ app_end ] --END-- [ RunTime:0.002000s ]

[ 2016-05-28T12:38:43+08:00 ] 127.0.0.1 /Home/Fashion/ajaxfashion.html?p=7
INFO: [ app_begin ] --START--
INFO: Run Behavior\ReadHtmlCacheBehavior [ RunTime:0.002000s ]
INFO: [ app_begin ] --END-- [ RunTime:0.003000s ]
NOTIC: [8] A session had already been started - ignoring session_start() C:\wamp\www\project\ThinkPHP\Common\functions.php 第 1190 行.
SQL: SHOW COLUMNS FROM `hs_fashion` [ RunTime:0.011000s ]
SQL: SELECT * FROM `hs_fashion` ORDER BY id LIMIT 36,6   [ RunTime:0.004000s ]
INFO: [ app_end ] --START--
INFO: Run Behavior\ShowPageTraceBehavior [ RunTime:0.002000s ]
INFO: [ app_end ] --END-- [ RunTime:0.002000s ]

[ 2016-05-28T12:41:04+08:00 ] 127.0.0.1 /Home/Fashion/ajaxfashion.html?p=1
INFO: [ app_begin ] --START--
INFO: Run Behavior\ReadHtmlCacheBehavior [ RunTime:0.001000s ]
INFO: [ app_begin ] --END-- [ RunTime:0.002000s ]
NOTIC: [8] A session had already been started - ignoring session_start() C:\wamp\www\project\ThinkPHP\Common\functions.php 第 1190 行.
SQL: SHOW COLUMNS FROM `hs_fashion` [ RunTime:0.007000s ]
SQL: SELECT * FROM `hs_fashion` ORDER BY id LIMIT 0,6   [ RunTime:0.001001s ]
INFO: [ app_end ] --START--
INFO: Run Behavior\ShowPageTraceBehavior [ RunTime:0.002000s ]
INFO: [ app_end ] --END-- [ RunTime:0.002000s ]

[ 2016-05-28T12:41:04+08:00 ] 127.0.0.1 /Home/Fashion/ajaxfashion.html?p=2
INFO: [ app_begin ] --START--
INFO: Run Behavior\ReadHtmlCacheBehavior [ RunTime:0.003000s ]
INFO: [ app_begin ] --END-- [ RunTime:0.005001s ]
NOTIC: [8] A session had already been started - ignoring session_start() C:\wamp\www\project\ThinkPHP\Common\functions.php 第 1190 行.
SQL: SHOW COLUMNS FROM `hs_fashion` [ RunTime:0.016001s ]
SQL: SELECT * FROM `hs_fashion` ORDER BY id LIMIT 6,6   [ RunTime:0.002000s ]
INFO: [ app_end ] --START--
INFO: Run Behavior\ShowPageTraceBehavior [ RunTime:0.003000s ]
INFO: [ app_end ] --END-- [ RunTime:0.004000s ]

[ 2016-05-28T12:41:31+08:00 ] 127.0.0.1 /Home/Fashion/ajaxfashion.html?p=1
INFO: [ app_begin ] --START--
INFO: Run Behavior\ReadHtmlCacheBehavior [ RunTime:0.001000s ]
INFO: [ app_begin ] --END-- [ RunTime:0.003001s ]
NOTIC: [8] A session had already been started - ignoring session_start() C:\wamp\www\project\ThinkPHP\Common\functions.php 第 1190 行.
SQL: SHOW COLUMNS FROM `hs_fashion` [ RunTime:0.006001s ]
SQL: SELECT * FROM `hs_fashion` ORDER BY id LIMIT 0,6   [ RunTime:0.013000s ]
INFO: [ app_end ] --START--
INFO: Run Behavior\ShowPageTraceBehavior [ RunTime:0.001001s ]
INFO: [ app_end ] --END-- [ RunTime:0.001001s ]

[ 2016-05-28T12:43:30+08:00 ] 127.0.0.1 /Home/Fashion/ajaxfashion.html?p=1
INFO: [ app_begin ] --START--
INFO: Run Behavior\ReadHtmlCacheBehavior [ RunTime:0.002000s ]
INFO: [ app_begin ] --END-- [ RunTime:0.003000s ]
NOTIC: [8] A session had already been started - ignoring session_start() C:\wamp\www\project\ThinkPHP\Common\functions.php 第 1190 行.
SQL: SHOW COLUMNS FROM `hs_fashion` [ RunTime:0.008001s ]
SQL: SELECT * FROM `hs_fashion` ORDER BY id LIMIT 0,6   [ RunTime:0.002000s ]
INFO: [ app_end ] --START--
INFO: Run Behavior\ShowPageTraceBehavior [ RunTime:0.002000s ]
INFO: [ app_end ] --END-- [ RunTime:0.002000s ]

[ 2016-05-28T12:43:31+08:00 ] 127.0.0.1 /Home/Fashion/ajaxfashion.html?p=2
INFO: [ app_begin ] --START--
INFO: Run Behavior\ReadHtmlCacheBehavior [ RunTime:0.003001s ]
INFO: [ app_begin ] --END-- [ RunTime:0.006001s ]
NOTIC: [8] A session had already been started - ignoring session_start() C:\wamp\www\project\ThinkPHP\Common\functions.php 第 1190 行.
SQL: SHOW COLUMNS FROM `hs_fashion` [ RunTime:0.042002s ]
SQL: SELECT * FROM `hs_fashion` ORDER BY id LIMIT 6,6   [ RunTime:0.002000s ]
INFO: [ app_end ] --START--
INFO: Run Behavior\ShowPageTraceBehavior [ RunTime:0.003000s ]
INFO: [ app_end ] --END-- [ RunTime:0.004000s ]

[ 2016-05-28T12:50:33+08:00 ] 127.0.0.1 /Home/Fashion/ajaxfashion.html?p=1
INFO: [ app_begin ] --START--
INFO: Run Behavior\ReadHtmlCacheBehavior [ RunTime:0.009000s ]
INFO: [ app_begin ] --END-- [ RunTime:0.010000s ]
NOTIC: [8] A session had already been started - ignoring session_start() C:\wamp\www\project\ThinkPHP\Common\functions.php 第 1190 行.
SQL: SHOW COLUMNS FROM `hs_fashion` [ RunTime:0.028002s ]
SQL: SELECT * FROM `hs_fashion` ORDER BY id LIMIT 0,6   [ RunTime:0.001000s ]
INFO: [ app_end ] --START--
INFO: Run Behavior\ShowPageTraceBehavior [ RunTime:0.002000s ]
INFO: [ app_end ] --END-- [ RunTime:0.002000s ]

[ 2016-05-28T12:50:52+08:00 ] 127.0.0.1 /Home/Fashion/ajaxfashion.html?p=1
INFO: [ app_begin ] --START--
INFO: Run Behavior\ReadHtmlCacheBehavior [ RunTime:0.001001s ]
INFO: [ app_begin ] --END-- [ RunTime:0.003001s ]
NOTIC: [8] A session had already been started - ignoring session_start() C:\wamp\www\project\ThinkPHP\Common\functions.php 第 1190 行.
SQL: SHOW COLUMNS FROM `hs_fashion` [ RunTime:0.008000s ]
SQL: SELECT * FROM `hs_fashion` ORDER BY id LIMIT 0,6   [ RunTime:0.005001s ]
INFO: [ app_end ] --START--
INFO: Run Behavior\ShowPageTraceBehavior [ RunTime:0.002000s ]
INFO: [ app_end ] --END-- [ RunTime:0.002000s ]

[ 2016-05-28T13:17:26+08:00 ] 127.0.0.1 /Home/Fashion/ajaxfashion.html?p=1
INFO: [ app_begin ] --START--
INFO: Run Behavior\ReadHtmlCacheBehavior [ RunTime:0.001000s ]
INFO: [ app_begin ] --END-- [ RunTime:0.002000s ]
NOTIC: [8] A session had already been started - ignoring session_start() C:\wamp\www\project\ThinkPHP\Common\functions.php 第 1190 行.
SQL: SHOW COLUMNS FROM `hs_fashion` [ RunTime:0.017001s ]
SQL: SELECT * FROM `hs_fashion` ORDER BY id LIMIT 0,6   [ RunTime:0.000000s ]
INFO: [ app_end ] --START--
INFO: Run Behavior\ShowPageTraceBehavior [ RunTime:0.002000s ]
INFO: [ app_end ] --END-- [ RunTime:0.002000s ]

[ 2016-05-28T13:17:30+08:00 ] 127.0.0.1 /Home/Fashion/ajaxfashion.html?p=2
INFO: [ app_begin ] --START--
INFO: Run Behavior\ReadHtmlCacheBehavior [ RunTime:0.005000s ]
INFO: [ app_begin ] --END-- [ RunTime:0.008000s ]
NOTIC: [8] A session had already been started - ignoring session_start() C:\wamp\www\project\ThinkPHP\Common\functions.php 第 1190 行.
SQL: SHOW COLUMNS FROM `hs_fashion` [ RunTime:0.020001s ]
SQL: SELECT * FROM `hs_fashion` ORDER BY id LIMIT 6,6   [ RunTime:0.000000s ]
INFO: [ app_end ] --START--
INFO: Run Behavior\ShowPageTraceBehavior [ RunTime:0.002000s ]
INFO: [ app_end ] --END-- [ RunTime:0.002000s ]

[ 2016-05-28T13:17:32+08:00 ] 127.0.0.1 /Home/Fashion/ajaxfashion.html?p=3
INFO: [ app_begin ] --START--
INFO: Run Behavior\ReadHtmlCacheBehavior [ RunTime:0.006000s ]
INFO: [ app_begin ] --END-- [ RunTime:0.008000s ]
NOTIC: [8] A session had already been started - ignoring session_start() C:\wamp\www\project\ThinkPHP\Common\functions.php 第 1190 行.
SQL: SHOW COLUMNS FROM `hs_fashion` [ RunTime:0.074004s ]
SQL: SELECT * FROM `hs_fashion` ORDER BY id LIMIT 12,6   [ RunTime:0.003000s ]
INFO: [ app_end ] --START--
INFO: Run Behavior\ShowPageTraceBehavior [ RunTime:0.004001s ]
INFO: [ app_end ] --END-- [ RunTime:0.006001s ]

[ 2016-05-28T13:17:34+08:00 ] 127.0.0.1 /Home/Fashion/ajaxfashion.html?p=4
INFO: [ app_begin ] --START--
INFO: Run Behavior\ReadHtmlCacheBehavior [ RunTime:0.004000s ]
INFO: [ app_begin ] --END-- [ RunTime:0.005000s ]
NOTIC: [8] A session had already been started - ignoring session_start() C:\wamp\www\project\ThinkPHP\Common\functions.php 第 1190 行.
SQL: SHOW COLUMNS FROM `hs_fashion` [ RunTime:0.006000s ]
SQL: SELECT * FROM `hs_fashion` ORDER BY id LIMIT 18,6   [ RunTime:0.002000s ]
INFO: [ app_end ] --START--
INFO: Run Behavior\ShowPageTraceBehavior [ RunTime:0.002000s ]
INFO: [ app_end ] --END-- [ RunTime:0.002000s ]

[ 2016-05-28T13:29:02+08:00 ] 127.0.0.1 /Home/Fashion/ajaxfashion.html?p=1
INFO: [ app_begin ] --START--
INFO: Run Behavior\ReadHtmlCacheBehavior [ RunTime:0.002000s ]
INFO: [ app_begin ] --END-- [ RunTime:0.003000s ]
NOTIC: [8] A session had already been started - ignoring session_start() C:\wamp\www\project\ThinkPHP\Common\functions.php 第 1190 行.
SQL: SHOW COLUMNS FROM `hs_fashion` [ RunTime:0.021001s ]
SQL: SELECT * FROM `hs_fashion` ORDER BY id LIMIT 0,6   [ RunTime:0.002000s ]
INFO: [ app_end ] --START--
INFO: Run Behavior\ShowPageTraceBehavior [ RunTime:0.003000s ]
INFO: [ app_end ] --END-- [ RunTime:0.003000s ]

[ 2016-05-28T13:29:03+08:00 ] 127.0.0.1 /Home/Fashion/ajaxfashion.html?p=2
INFO: [ app_begin ] --START--
INFO: Run Behavior\ReadHtmlCacheBehavior [ RunTime:0.013001s ]
INFO: [ app_begin ] --END-- [ RunTime:0.014001s ]
NOTIC: [8] A session had already been started - ignoring session_start() C:\wamp\www\project\ThinkPHP\Common\functions.php 第 1190 行.
SQL: SHOW COLUMNS FROM `hs_fashion` [ RunTime:0.010000s ]
SQL: SELECT * FROM `hs_fashion` ORDER BY id LIMIT 6,6   [ RunTime:0.001000s ]
INFO: [ app_end ] --START--
INFO: Run Behavior\ShowPageTraceBehavior [ RunTime:0.003001s ]
INFO: [ app_end ] --END-- [ RunTime:0.003001s ]

[ 2016-05-28T13:29:04+08:00 ] 127.0.0.1 /Home/Fashion/ajaxfashion.html?p=3
INFO: [ app_begin ] --START--
INFO: Run Behavior\ReadHtmlCacheBehavior [ RunTime:0.005000s ]
INFO: [ app_begin ] --END-- [ RunTime:0.010001s ]
NOTIC: [8] A session had already been started - ignoring session_start() C:\wamp\www\project\ThinkPHP\Common\functions.php 第 1190 行.
SQL: SHOW COLUMNS FROM `hs_fashion` [ RunTime:0.015001s ]
SQL: SELECT * FROM `hs_fashion` ORDER BY id LIMIT 12,6   [ RunTime:0.006000s ]
INFO: [ app_end ] --START--
INFO: Run Behavior\ShowPageTraceBehavior [ RunTime:0.002001s ]
INFO: [ app_end ] --END-- [ RunTime:0.003001s ]

[ 2016-05-28T13:29:05+08:00 ] 127.0.0.1 /Home/Fashion/ajaxfashion.html?p=4
INFO: [ app_begin ] --START--
INFO: Run Behavior\ReadHtmlCacheBehavior [ RunTime:0.011001s ]
INFO: [ app_begin ] --END-- [ RunTime:0.012001s ]
NOTIC: [8] A session had already been started - ignoring session_start() C:\wamp\www\project\ThinkPHP\Common\functions.php 第 1190 行.
SQL: SHOW COLUMNS FROM `hs_fashion` [ RunTime:0.012000s ]
SQL: SELECT * FROM `hs_fashion` ORDER BY id LIMIT 18,6   [ RunTime:0.001001s ]
INFO: [ app_end ] --START--
INFO: Run Behavior\ShowPageTraceBehavior [ RunTime:0.002000s ]
INFO: [ app_end ] --END-- [ RunTime:0.003000s ]

[ 2016-05-28T13:29:39+08:00 ] 127.0.0.1 /Home/Fashion/ajaxfashion.html?p=1
INFO: [ app_begin ] --START--
INFO: Run Behavior\ReadHtmlCacheBehavior [ RunTime:0.002000s ]
INFO: [ app_begin ] --END-- [ RunTime:0.003000s ]
NOTIC: [8] A session had already been started - ignoring session_start() C:\wamp\www\project\ThinkPHP\Common\functions.php 第 1190 行.
SQL: SHOW COLUMNS FROM `hs_fashion` [ RunTime:0.016001s ]
SQL: SELECT * FROM `hs_fashion` ORDER BY id LIMIT 0,6   [ RunTime:0.002000s ]
INFO: [ app_end ] --START--
INFO: Run Behavior\ShowPageTraceBehavior [ RunTime:0.003001s ]
INFO: [ app_end ] --END-- [ RunTime:0.003001s ]

[ 2016-05-28T13:29:41+08:00 ] 127.0.0.1 /Home/Fashion/ajaxfashion.html?p=2
INFO: [ app_begin ] --START--
INFO: Run Behavior\ReadHtmlCacheBehavior [ RunTime:0.004000s ]
INFO: [ app_begin ] --END-- [ RunTime:0.005000s ]
NOTIC: [8] A session had already been started - ignoring session_start() C:\wamp\www\project\ThinkPHP\Common\functions.php 第 1190 行.
SQL: SHOW COLUMNS FROM `hs_fashion` [ RunTime:0.005000s ]
SQL: SELECT * FROM `hs_fashion` ORDER BY id LIMIT 6,6   [ RunTime:0.000000s ]
INFO: [ app_end ] --START--
INFO: Run Behavior\ShowPageTraceBehavior [ RunTime:0.002000s ]
INFO: [ app_end ] --END-- [ RunTime:0.003000s ]

[ 2016-05-28T13:29:41+08:00 ] 127.0.0.1 /Home/Fashion/ajaxfashion.html?p=3
INFO: [ app_begin ] --START--
INFO: Run Behavior\ReadHtmlCacheBehavior [ RunTime:0.003000s ]
INFO: [ app_begin ] --END-- [ RunTime:0.003000s ]
NOTIC: [8] A session had already been started - ignoring session_start() C:\wamp\www\project\ThinkPHP\Common\functions.php 第 1190 行.
SQL: SHOW COLUMNS FROM `hs_fashion` [ RunTime:0.005000s ]
SQL: SELECT * FROM `hs_fashion` ORDER BY id LIMIT 12,6   [ RunTime:0.001000s ]
INFO: [ app_end ] --START--
INFO: Run Behavior\ShowPageTraceBehavior [ RunTime:0.002000s ]
INFO: [ app_end ] --END-- [ RunTime:0.002000s ]

[ 2016-05-28T13:29:41+08:00 ] 127.0.0.1 /Home/Fashion/ajaxfashion.html?p=4
INFO: [ app_begin ] --START--
INFO: Run Behavior\ReadHtmlCacheBehavior [ RunTime:0.002000s ]
INFO: [ app_begin ] --END-- [ RunTime:0.003000s ]
NOTIC: [8] A session had already been started - ignoring session_start() C:\wamp\www\project\ThinkPHP\Common\functions.php 第 1190 行.
SQL: SHOW COLUMNS FROM `hs_fashion` [ RunTime:0.005000s ]
SQL: SELECT * FROM `hs_fashion` ORDER BY id LIMIT 18,6   [ RunTime:0.000000s ]
INFO: [ app_end ] --START--
INFO: Run Behavior\ShowPageTraceBehavior [ RunTime:0.001000s ]
INFO: [ app_end ] --END-- [ RunTime:0.001000s ]

[ 2016-05-28T13:29:59+08:00 ] 127.0.0.1 /Home/Fashion/ajaxfashion.html?p=1
INFO: [ app_begin ] --START--
INFO: Run Behavior\ReadHtmlCacheBehavior [ RunTime:0.002000s ]
INFO: [ app_begin ] --END-- [ RunTime:0.003000s ]
NOTIC: [8] A session had already been started - ignoring session_start() C:\wamp\www\project\ThinkPHP\Common\functions.php 第 1190 行.
SQL: SHOW COLUMNS FROM `hs_fashion` [ RunTime:0.011001s ]
SQL: SELECT * FROM `hs_fashion` ORDER BY id LIMIT 0,6   [ RunTime:0.001000s ]
INFO: [ app_end ] --START--
INFO: Run Behavior\ShowPageTraceBehavior [ RunTime:0.002000s ]
INFO: [ app_end ] --END-- [ RunTime:0.003000s ]

[ 2016-05-28T13:30:38+08:00 ] 127.0.0.1 /Home/Fashion/ajaxfashion.html?p=1
INFO: [ app_begin ] --START--
INFO: Run Behavior\ReadHtmlCacheBehavior [ RunTime:0.001000s ]
INFO: [ app_begin ] --END-- [ RunTime:0.002000s ]
NOTIC: [8] A session had already been started - ignoring session_start() C:\wamp\www\project\ThinkPHP\Common\functions.php 第 1190 行.
SQL: SHOW COLUMNS FROM `hs_fashion` [ RunTime:0.005001s ]
SQL: SELECT * FROM `hs_fashion` ORDER BY id LIMIT 0,6   [ RunTime:0.001000s ]
INFO: [ app_end ] --START--
INFO: Run Behavior\ShowPageTraceBehavior [ RunTime:0.001000s ]
INFO: [ app_end ] --END-- [ RunTime:0.002000s ]

[ 2016-05-28T13:30:40+08:00 ] 127.0.0.1 /Home/Fashion/ajaxfashion.html?p=2
INFO: [ app_begin ] --START--
INFO: Run Behavior\ReadHtmlCacheBehavior [ RunTime:0.002000s ]
INFO: [ app_begin ] --END-- [ RunTime:0.002000s ]
NOTIC: [8] A session had already been started - ignoring session_start() C:\wamp\www\project\ThinkPHP\Common\functions.php 第 1190 行.
SQL: SHOW COLUMNS FROM `hs_fashion` [ RunTime:0.017001s ]
SQL: SELECT * FROM `hs_fashion` ORDER BY id LIMIT 6,6   [ RunTime:0.010001s ]
INFO: [ app_end ] --START--
INFO: Run Behavior\ShowPageTraceBehavior [ RunTime:0.001000s ]
INFO: [ app_end ] --END-- [ RunTime:0.003000s ]

[ 2016-05-28T13:30:40+08:00 ] 127.0.0.1 /Home/Fashion/ajaxfashion.html?p=3
INFO: [ app_begin ] --START--
INFO: Run Behavior\ReadHtmlCacheBehavior [ RunTime:0.001000s ]
INFO: [ app_begin ] --END-- [ RunTime:0.003001s ]
NOTIC: [8] A session had already been started - ignoring session_start() C:\wamp\www\project\ThinkPHP\Common\functions.php 第 1190 行.
SQL: SHOW COLUMNS FROM `hs_fashion` [ RunTime:0.019001s ]
SQL: SELECT * FROM `hs_fashion` ORDER BY id LIMIT 12,6   [ RunTime:0.001000s ]
INFO: [ app_end ] --START--
INFO: Run Behavior\ShowPageTraceBehavior [ RunTime:0.003001s ]
INFO: [ app_end ] --END-- [ RunTime:0.003001s ]

[ 2016-05-28T13:30:41+08:00 ] 127.0.0.1 /Home/Fashion/ajaxfashion.html?p=4
INFO: [ app_begin ] --START--
INFO: Run Behavior\ReadHtmlCacheBehavior [ RunTime:0.005000s ]
INFO: [ app_begin ] --END-- [ RunTime:0.007000s ]
NOTIC: [8] A session had already been started - ignoring session_start() C:\wamp\www\project\ThinkPHP\Common\functions.php 第 1190 行.
SQL: SHOW COLUMNS FROM `hs_fashion` [ RunTime:0.022002s ]
SQL: SELECT * FROM `hs_fashion` ORDER BY id LIMIT 18,6   [ RunTime:0.001000s ]
INFO: [ app_end ] --START--
INFO: Run Behavior\ShowPageTraceBehavior [ RunTime:0.003000s ]
INFO: [ app_end ] --END-- [ RunTime:0.004000s ]

[ 2016-05-28T13:30:41+08:00 ] 127.0.0.1 /Home/Fashion/ajaxfashion.html?p=5
INFO: [ app_begin ] --START--
INFO: Run Behavior\ReadHtmlCacheBehavior [ RunTime:0.002000s ]
INFO: [ app_begin ] --END-- [ RunTime:0.003000s ]
NOTIC: [8] A session had already been started - ignoring session_start() C:\wamp\www\project\ThinkPHP\Common\functions.php 第 1190 行.
SQL: SHOW COLUMNS FROM `hs_fashion` [ RunTime:0.018001s ]
SQL: SELECT * FROM `hs_fashion` ORDER BY id LIMIT 24,6   [ RunTime:0.001000s ]
INFO: [ app_end ] --START--
INFO: Run Behavior\ShowPageTraceBehavior [ RunTime:0.001000s ]
INFO: [ app_end ] --END-- [ RunTime:0.002000s ]

[ 2016-05-28T13:30:41+08:00 ] 127.0.0.1 /Home/Fashion/ajaxfashion.html?p=6
INFO: [ app_begin ] --START--
INFO: Run Behavior\ReadHtmlCacheBehavior [ RunTime:0.002000s ]
INFO: [ app_begin ] --END-- [ RunTime:0.003000s ]
NOTIC: [8] A session had already been started - ignoring session_start() C:\wamp\www\project\ThinkPHP\Common\functions.php 第 1190 行.
SQL: SHOW COLUMNS FROM `hs_fashion` [ RunTime:0.014000s ]
SQL: SELECT * FROM `hs_fashion` ORDER BY id LIMIT 30,6   [ RunTime:0.002000s ]
INFO: [ app_end ] --START--
INFO: Run Behavior\ShowPageTraceBehavior [ RunTime:0.003000s ]
INFO: [ app_end ] --END-- [ RunTime:0.003000s ]

[ 2016-05-28T13:34:51+08:00 ] 127.0.0.1 /Home/Fashion/ajaxfashion.html?p=7
INFO: [ app_begin ] --START--
INFO: Run Behavior\ReadHtmlCacheBehavior [ RunTime:0.002000s ]
INFO: [ app_begin ] --END-- [ RunTime:0.004000s ]
NOTIC: [8] A session had already been started - ignoring session_start() C:\wamp\www\project\ThinkPHP\Common\functions.php 第 1190 行.
SQL: SHOW COLUMNS FROM `hs_fashion` [ RunTime:0.007001s ]
SQL: SELECT * FROM `hs_fashion` ORDER BY id LIMIT 36,6   [ RunTime:0.000000s ]
INFO: [ app_end ] --START--
INFO: Run Behavior\ShowPageTraceBehavior [ RunTime:0.002000s ]
INFO: [ app_end ] --END-- [ RunTime:0.003000s ]

[ 2016-05-28T13:34:52+08:00 ] 127.0.0.1 /Home/Fashion/ajaxfashion.html?p=8
INFO: [ app_begin ] --START--
INFO: Run Behavior\ReadHtmlCacheBehavior [ RunTime:0.007000s ]
INFO: [ app_begin ] --END-- [ RunTime:0.009000s ]
NOTIC: [8] A session had already been started - ignoring session_start() C:\wamp\www\project\ThinkPHP\Common\functions.php 第 1190 行.
SQL: SHOW COLUMNS FROM `hs_fashion` [ RunTime:0.097005s ]
SQL: SELECT * FROM `hs_fashion` ORDER BY id LIMIT 42,6   [ RunTime:0.002000s ]
INFO: [ app_end ] --START--
INFO: Run Behavior\ShowPageTraceBehavior [ RunTime:0.005001s ]
INFO: [ app_end ] --END-- [ RunTime:0.006001s ]

[ 2016-05-28T13:34:53+08:00 ] 127.0.0.1 /Home/Fashion/ajaxfashion.html?p=9
INFO: [ app_begin ] --START--
INFO: Run Behavior\ReadHtmlCacheBehavior [ RunTime:0.003000s ]
INFO: [ app_begin ] --END-- [ RunTime:0.004000s ]
NOTIC: [8] A session had already been started - ignoring session_start() C:\wamp\www\project\ThinkPHP\Common\functions.php 第 1190 行.
SQL: SHOW COLUMNS FROM `hs_fashion` [ RunTime:0.016001s ]
SQL: SELECT * FROM `hs_fashion` ORDER BY id LIMIT 48,6   [ RunTime:0.000000s ]
INFO: [ app_end ] --START--
INFO: Run Behavior\ShowPageTraceBehavior [ RunTime:0.003001s ]
INFO: [ app_end ] --END-- [ RunTime:0.003001s ]

[ 2016-05-28T13:39:16+08:00 ] 127.0.0.1 /Home/Fashion/ajaxfashion.html?p=1
INFO: [ app_begin ] --START--
INFO: Run Behavior\ReadHtmlCacheBehavior [ RunTime:0.001000s ]
INFO: [ app_begin ] --END-- [ RunTime:0.002000s ]
NOTIC: [8] A session had already been started - ignoring session_start() C:\wamp\www\project\ThinkPHP\Common\functions.php 第 1190 行.
SQL: SHOW COLUMNS FROM `hs_fashion` [ RunTime:0.006000s ]
SQL: SELECT * FROM `hs_fashion` ORDER BY id LIMIT 0,6   [ RunTime:0.006000s ]
INFO: [ app_end ] --START--
INFO: Run Behavior\ShowPageTraceBehavior [ RunTime:0.002000s ]
INFO: [ app_end ] --END-- [ RunTime:0.002000s ]

[ 2016-05-28T13:39:18+08:00 ] 127.0.0.1 /Home/Fashion/ajaxfashion.html?p=1
INFO: [ app_begin ] --START--
INFO: Run Behavior\ReadHtmlCacheBehavior [ RunTime:0.029001s ]
INFO: [ app_begin ] --END-- [ RunTime:0.030001s ]
NOTIC: [8] A session had already been started - ignoring session_start() C:\wamp\www\project\ThinkPHP\Common\functions.php 第 1190 行.
SQL: SHOW COLUMNS FROM `hs_fashion` [ RunTime:0.009001s ]
SQL: SELECT * FROM `hs_fashion` ORDER BY id LIMIT 0,6   [ RunTime:0.001000s ]
INFO: [ app_end ] --START--
INFO: Run Behavior\ShowPageTraceBehavior [ RunTime:0.002000s ]
INFO: [ app_end ] --END-- [ RunTime:0.002000s ]

[ 2016-05-28T13:39:20+08:00 ] 127.0.0.1 /Home/Fashion/ajaxfashion.html?p=2
INFO: [ app_begin ] --START--
INFO: Run Behavior\ReadHtmlCacheBehavior [ RunTime:0.002000s ]
INFO: [ app_begin ] --END-- [ RunTime:0.005000s ]
NOTIC: [8] A session had already been started - ignoring session_start() C:\wamp\www\project\ThinkPHP\Common\functions.php 第 1190 行.
SQL: SHOW COLUMNS FROM `hs_fashion` [ RunTime:0.010000s ]
SQL: SELECT * FROM `hs_fashion` ORDER BY id LIMIT 6,6   [ RunTime:0.001000s ]
INFO: [ app_end ] --START--
INFO: Run Behavior\ShowPageTraceBehavior [ RunTime:0.005000s ]
INFO: [ app_end ] --END-- [ RunTime:0.005000s ]

[ 2016-05-28T13:39:20+08:00 ] 127.0.0.1 /Home/Fashion/ajaxfashion.html?p=3
INFO: [ app_begin ] --START--
INFO: Run Behavior\ReadHtmlCacheBehavior [ RunTime:0.002000s ]
INFO: [ app_begin ] --END-- [ RunTime:0.003000s ]
NOTIC: [8] A session had already been started - ignoring session_start() C:\wamp\www\project\ThinkPHP\Common\functions.php 第 1190 行.
SQL: SHOW COLUMNS FROM `hs_fashion` [ RunTime:0.007001s ]
SQL: SELECT * FROM `hs_fashion` ORDER BY id LIMIT 12,6   [ RunTime:0.003000s ]
INFO: [ app_end ] --START--
INFO: Run Behavior\ShowPageTraceBehavior [ RunTime:0.002000s ]
INFO: [ app_end ] --END-- [ RunTime:0.002000s ]

[ 2016-05-28T13:39:22+08:00 ] 127.0.0.1 /Home/Fashion/ajaxfashion.html?p=4
INFO: [ app_begin ] --START--
INFO: Run Behavior\ReadHtmlCacheBehavior [ RunTime:0.002001s ]
INFO: [ app_begin ] --END-- [ RunTime:0.004001s ]
NOTIC: [8] A session had already been started - ignoring session_start() C:\wamp\www\project\ThinkPHP\Common\functions.php 第 1190 行.
SQL: SHOW COLUMNS FROM `hs_fashion` [ RunTime:0.034002s ]
SQL: SELECT * FROM `hs_fashion` ORDER BY id LIMIT 18,6   [ RunTime:0.001000s ]
INFO: [ app_end ] --START--
INFO: Run Behavior\ShowPageTraceBehavior [ RunTime:0.019001s ]
INFO: [ app_end ] --END-- [ RunTime:0.019001s ]

[ 2016-05-28T13:39:23+08:00 ] 127.0.0.1 /Home/Fashion/ajaxfashion.html?p=5
INFO: [ app_begin ] --START--
INFO: Run Behavior\ReadHtmlCacheBehavior [ RunTime:0.003001s ]
INFO: [ app_begin ] --END-- [ RunTime:0.004001s ]
NOTIC: [8] A session had already been started - ignoring session_start() C:\wamp\www\project\ThinkPHP\Common\functions.php 第 1190 行.
SQL: SHOW COLUMNS FROM `hs_fashion` [ RunTime:0.027001s ]
SQL: SELECT * FROM `hs_fashion` ORDER BY id LIMIT 24,6   [ RunTime:0.001000s ]
INFO: [ app_end ] --START--
INFO: Run Behavior\ShowPageTraceBehavior [ RunTime:0.003001s ]
INFO: [ app_end ] --END-- [ RunTime:0.003001s ]

[ 2016-05-28T13:39:24+08:00 ] 127.0.0.1 /Home/Fashion/ajaxfashion.html?p=6
INFO: [ app_begin ] --START--
INFO: Run Behavior\ReadHtmlCacheBehavior [ RunTime:0.003000s ]
INFO: [ app_begin ] --END-- [ RunTime:0.004000s ]
NOTIC: [8] A session had already been started - ignoring session_start() C:\wamp\www\project\ThinkPHP\Common\functions.php 第 1190 行.
SQL: SHOW COLUMNS FROM `hs_fashion` [ RunTime:0.007001s ]
SQL: SELECT * FROM `hs_fashion` ORDER BY id LIMIT 30,6   [ RunTime:0.006000s ]
INFO: [ app_end ] --START--
INFO: Run Behavior\ShowPageTraceBehavior [ RunTime:0.003000s ]
INFO: [ app_end ] --END-- [ RunTime:0.004000s ]

[ 2016-05-28T13:39:24+08:00 ] 127.0.0.1 /Home/Fashion/ajaxfashion.html?p=7
INFO: [ app_begin ] --START--
INFO: Run Behavior\ReadHtmlCacheBehavior [ RunTime:0.002000s ]
INFO: [ app_begin ] --END-- [ RunTime:0.003000s ]
NOTIC: [8] A session had already been started - ignoring session_start() C:\wamp\www\project\ThinkPHP\Common\functions.php 第 1190 行.
SQL: SHOW COLUMNS FROM `hs_fashion` [ RunTime:0.007001s ]
SQL: SELECT * FROM `hs_fashion` ORDER BY id LIMIT 36,6   [ RunTime:0.001000s ]
INFO: [ app_end ] --START--
INFO: Run Behavior\ShowPageTraceBehavior [ RunTime:0.002000s ]
INFO: [ app_end ] --END-- [ RunTime:0.003000s ]

[ 2016-05-28T13:39:24+08:00 ] 127.0.0.1 /Home/Fashion/ajaxfashion.html?p=8
INFO: [ app_begin ] --START--
INFO: Run Behavior\ReadHtmlCacheBehavior [ RunTime:0.002000s ]
INFO: [ app_begin ] --END-- [ RunTime:0.013001s ]
NOTIC: [8] A session had already been started - ignoring session_start() C:\wamp\www\project\ThinkPHP\Common\functions.php 第 1190 行.
SQL: SHOW COLUMNS FROM `hs_fashion` [ RunTime:0.005000s ]
SQL: SELECT * FROM `hs_fashion` ORDER BY id LIMIT 42,6   [ RunTime:0.001000s ]
INFO: [ app_end ] --START--
INFO: Run Behavior\ShowPageTraceBehavior [ RunTime:0.002001s ]
INFO: [ app_end ] --END-- [ RunTime:0.002001s ]

[ 2016-05-28T13:39:24+08:00 ] 127.0.0.1 /Home/Fashion/ajaxfashion.html?p=9
INFO: [ app_begin ] --START--
INFO: Run Behavior\ReadHtmlCacheBehavior [ RunTime:0.002000s ]
INFO: [ app_begin ] --END-- [ RunTime:0.003000s ]
NOTIC: [8] A session had already been started - ignoring session_start() C:\wamp\www\project\ThinkPHP\Common\functions.php 第 1190 行.
SQL: SHOW COLUMNS FROM `hs_fashion` [ RunTime:0.006000s ]
SQL: SELECT * FROM `hs_fashion` ORDER BY id LIMIT 48,6   [ RunTime:0.000000s ]
INFO: [ app_end ] --START--
INFO: Run Behavior\ShowPageTraceBehavior [ RunTime:0.001000s ]
INFO: [ app_end ] --END-- [ RunTime:0.002000s ]

[ 2016-05-28T13:39:24+08:00 ] 127.0.0.1 /Home/Fashion/ajaxfashion.html?p=10
INFO: [ app_begin ] --START--
INFO: Run Behavior\ReadHtmlCacheBehavior [ RunTime:0.002000s ]
INFO: [ app_begin ] --END-- [ RunTime:0.003000s ]
NOTIC: [8] A session had already been started - ignoring session_start() C:\wamp\www\project\ThinkPHP\Common\functions.php 第 1190 行.
SQL: SHOW COLUMNS FROM `hs_fashion` [ RunTime:0.006000s ]
SQL: SELECT * FROM `hs_fashion` ORDER BY id LIMIT 54,6   [ RunTime:0.003001s ]
INFO: [ app_end ] --START--
INFO: Run Behavior\ShowPageTraceBehavior [ RunTime:0.002000s ]
INFO: [ app_end ] --END-- [ RunTime:0.002000s ]

[ 2016-05-28T13:39:24+08:00 ] 127.0.0.1 /Home/Fashion/ajaxfashion.html?p=11
INFO: [ app_begin ] --START--
INFO: Run Behavior\ReadHtmlCacheBehavior [ RunTime:0.002000s ]
INFO: [ app_begin ] --END-- [ RunTime:0.003000s ]
NOTIC: [8] A session had already been started - ignoring session_start() C:\wamp\www\project\ThinkPHP\Common\functions.php 第 1190 行.
SQL: SHOW COLUMNS FROM `hs_fashion` [ RunTime:0.013001s ]
SQL: SELECT * FROM `hs_fashion` ORDER BY id LIMIT 60,6   [ RunTime:0.003000s ]
INFO: [ app_end ] --START--
INFO: Run Behavior\ShowPageTraceBehavior [ RunTime:0.002001s ]
INFO: [ app_end ] --END-- [ RunTime:0.002001s ]

[ 2016-05-28T13:39:27+08:00 ] 127.0.0.1 /Home/Fashion/ajaxfashion.html?p=12
INFO: [ app_begin ] --START--
INFO: Run Behavior\ReadHtmlCacheBehavior [ RunTime:0.008000s ]
INFO: [ app_begin ] --END-- [ RunTime:0.011001s ]
NOTIC: [8] A session had already been started - ignoring session_start() C:\wamp\www\project\ThinkPHP\Common\functions.php 第 1190 行.
SQL: SHOW COLUMNS FROM `hs_fashion` [ RunTime:0.009000s ]
SQL: SELECT * FROM `hs_fashion` ORDER BY id LIMIT 66,6   [ RunTime:0.000000s ]
INFO: [ app_end ] --START--
INFO: Run Behavior\ShowPageTraceBehavior [ RunTime:0.002000s ]
INFO: [ app_end ] --END-- [ RunTime:0.003000s ]

[ 2016-05-28T13:39:28+08:00 ] 127.0.0.1 /Home/Fashion/ajaxfashion.html?p=13
INFO: [ app_begin ] --START--
INFO: Run Behavior\ReadHtmlCacheBehavior [ RunTime:0.006000s ]
INFO: [ app_begin ] --END-- [ RunTime:0.012000s ]
NOTIC: [8] A session had already been started - ignoring session_start() C:\wamp\www\project\ThinkPHP\Common\functions.php 第 1190 行.
SQL: SHOW COLUMNS FROM `hs_fashion` [ RunTime:0.035003s ]
SQL: SELECT * FROM `hs_fashion` ORDER BY id LIMIT 72,6   [ RunTime:0.002000s ]
INFO: [ app_end ] --START--
INFO: Run Behavior\ShowPageTraceBehavior [ RunTime:0.005000s ]
INFO: [ app_end ] --END-- [ RunTime:0.005000s ]

[ 2016-05-28T13:48:28+08:00 ] 127.0.0.1 /Home/Fashion/ajaxfashion.html?p=14
INFO: [ app_begin ] --START--
INFO: Run Behavior\ReadHtmlCacheBehavior [ RunTime:0.005000s ]
INFO: [ app_begin ] --END-- [ RunTime:0.007000s ]
NOTIC: [8] A session had already been started - ignoring session_start() C:\wamp\www\project\ThinkPHP\Common\functions.php 第 1190 行.
SQL: SHOW COLUMNS FROM `hs_fashion` [ RunTime:0.031001s ]
SQL: SELECT * FROM `hs_fashion` ORDER BY id LIMIT 78,6   [ RunTime:0.002000s ]
INFO: [ app_end ] --START--
INFO: Run Behavior\ShowPageTraceBehavior [ RunTime:0.003000s ]
INFO: [ app_end ] --END-- [ RunTime:0.003000s ]

[ 2016-05-28T13:48:29+08:00 ] 127.0.0.1 /Home/Fashion/ajaxfashion.html?p=15
INFO: [ app_begin ] --START--
INFO: Run Behavior\ReadHtmlCacheBehavior [ RunTime:0.005000s ]
INFO: [ app_begin ] --END-- [ RunTime:0.008001s ]
NOTIC: [8] A session had already been started - ignoring session_start() C:\wamp\www\project\ThinkPHP\Common\functions.php 第 1190 行.
SQL: SHOW COLUMNS FROM `hs_fashion` [ RunTime:0.012001s ]
SQL: SELECT * FROM `hs_fashion` ORDER BY id LIMIT 84,6   [ RunTime:0.000000s ]
INFO: [ app_end ] --START--
INFO: Run Behavior\ShowPageTraceBehavior [ RunTime:0.002000s ]
INFO: [ app_end ] --END-- [ RunTime:0.003000s ]

[ 2016-05-28T13:48:31+08:00 ] 127.0.0.1 /Home/Fashion/ajaxfashion.html?p=16
INFO: [ app_begin ] --START--
INFO: Run Behavior\ReadHtmlCacheBehavior [ RunTime:0.002000s ]
INFO: [ app_begin ] --END-- [ RunTime:0.004000s ]
NOTIC: [8] A session had already been started - ignoring session_start() C:\wamp\www\project\ThinkPHP\Common\functions.php 第 1190 行.
SQL: SHOW COLUMNS FROM `hs_fashion` [ RunTime:0.007000s ]
SQL: SELECT * FROM `hs_fashion` ORDER BY id LIMIT 90,6   [ RunTime:0.001000s ]
INFO: [ app_end ] --START--
INFO: Run Behavior\ShowPageTraceBehavior [ RunTime:0.003000s ]
INFO: [ app_end ] --END-- [ RunTime:0.003000s ]

[ 2016-05-28T13:48:31+08:00 ] 127.0.0.1 /Home/Fashion/ajaxfashion.html?p=17
INFO: [ app_begin ] --START--
INFO: Run Behavior\ReadHtmlCacheBehavior [ RunTime:0.005000s ]
INFO: [ app_begin ] --END-- [ RunTime:0.008001s ]
NOTIC: [8] A session had already been started - ignoring session_start() C:\wamp\www\project\ThinkPHP\Common\functions.php 第 1190 行.
SQL: SHOW COLUMNS FROM `hs_fashion` [ RunTime:0.009001s ]
SQL: SELECT * FROM `hs_fashion` ORDER BY id LIMIT 96,6   [ RunTime:0.001000s ]
INFO: [ app_end ] --START--
INFO: Run Behavior\ShowPageTraceBehavior [ RunTime:0.003000s ]
INFO: [ app_end ] --END-- [ RunTime:0.003000s ]

[ 2016-05-28T13:57:25+08:00 ] 127.0.0.1 /Home/Fashion/ajaxfashion.html?p=18
INFO: [ app_begin ] --START--
INFO: Run Behavior\ReadHtmlCacheBehavior [ RunTime:0.002000s ]
INFO: [ app_begin ] --END-- [ RunTime:0.003000s ]
NOTIC: [8] A session had already been started - ignoring session_start() C:\wamp\www\project\ThinkPHP\Common\functions.php 第 1190 行.
SQL: SHOW COLUMNS FROM `hs_fashion` [ RunTime:0.008001s ]
SQL: SELECT * FROM `hs_fashion` ORDER BY id LIMIT 102,6   [ RunTime:0.002000s ]
INFO: [ app_end ] --START--
INFO: Run Behavior\ShowPageTraceBehavior [ RunTime:0.002000s ]
INFO: [ app_end ] --END-- [ RunTime:0.002000s ]

[ 2016-05-28T13:57:25+08:00 ] 127.0.0.1 /Home/Fashion/ajaxfashion.html?p=19
INFO: [ app_begin ] --START--
INFO: Run Behavior\ReadHtmlCacheBehavior [ RunTime:0.005000s ]
INFO: [ app_begin ] --END-- [ RunTime:0.007000s ]
NOTIC: [8] A session had already been started - ignoring session_start() C:\wamp\www\project\ThinkPHP\Common\functions.php 第 1190 行.
SQL: SHOW COLUMNS FROM `hs_fashion` [ RunTime:0.041002s ]
SQL: SELECT * FROM `hs_fashion` ORDER BY id LIMIT 108,6   [ RunTime:0.020001s ]
INFO: [ app_end ] --START--
INFO: Run Behavior\ShowPageTraceBehavior [ RunTime:0.004001s ]
INFO: [ app_end ] --END-- [ RunTime:0.005001s ]

[ 2016-05-28T14:05:10+08:00 ] 127.0.0.1 /Home/Fashion/ajaxfashion.html?p=1
INFO: [ app_begin ] --START--
INFO: Run Behavior\ReadHtmlCacheBehavior [ RunTime:0.001000s ]
INFO: [ app_begin ] --END-- [ RunTime:0.003000s ]
NOTIC: [8] A session had already been started - ignoring session_start() C:\wamp\www\project\ThinkPHP\Common\functions.php 第 1190 行.
SQL: SHOW COLUMNS FROM `hs_fashion` [ RunTime:0.005001s ]
SQL: SELECT * FROM `hs_fashion` ORDER BY id LIMIT 0,6   [ RunTime:0.001000s ]
INFO: [ app_end ] --START--
INFO: Run Behavior\ShowPageTraceBehavior [ RunTime:0.002000s ]
INFO: [ app_end ] --END-- [ RunTime:0.002000s ]

[ 2016-05-28T14:05:11+08:00 ] 127.0.0.1 /Home/Fashion/ajaxfashion.html?p=2
INFO: [ app_begin ] --START--
INFO: Run Behavior\ReadHtmlCacheBehavior [ RunTime:0.003000s ]
INFO: [ app_begin ] --END-- [ RunTime:0.004000s ]
NOTIC: [8] A session had already been started - ignoring session_start() C:\wamp\www\project\ThinkPHP\Common\functions.php 第 1190 行.
SQL: SHOW COLUMNS FROM `hs_fashion` [ RunTime:0.030002s ]
SQL: SELECT * FROM `hs_fashion` ORDER BY id LIMIT 6,6   [ RunTime:0.004000s ]
INFO: [ app_end ] --START--
INFO: Run Behavior\ShowPageTraceBehavior [ RunTime:0.002000s ]
INFO: [ app_end ] --END-- [ RunTime:0.003000s ]

[ 2016-05-28T14:05:26+08:00 ] 127.0.0.1 /Home/Fashion/ajaxfashion.html?p=3
INFO: [ app_begin ] --START--
INFO: Run Behavior\ReadHtmlCacheBehavior [ RunTime:0.002000s ]
INFO: [ app_begin ] --END-- [ RunTime:0.004000s ]
NOTIC: [8] A session had already been started - ignoring session_start() C:\wamp\www\project\ThinkPHP\Common\functions.php 第 1190 行.
SQL: SHOW COLUMNS FROM `hs_fashion` [ RunTime:0.007000s ]
SQL: SELECT * FROM `hs_fashion` ORDER BY id LIMIT 12,6   [ RunTime:0.001000s ]
INFO: [ app_end ] --START--
INFO: Run Behavior\ShowPageTraceBehavior [ RunTime:0.002000s ]
INFO: [ app_end ] --END-- [ RunTime:0.002000s ]

[ 2016-05-28T14:05:26+08:00 ] 127.0.0.1 /Home/Fashion/ajaxfashion.html?p=4
INFO: [ app_begin ] --START--
INFO: Run Behavior\ReadHtmlCacheBehavior [ RunTime:0.002000s ]
INFO: [ app_begin ] --END-- [ RunTime:0.003000s ]
NOTIC: [8] A session had already been started - ignoring session_start() C:\wamp\www\project\ThinkPHP\Common\functions.php 第 1190 行.
SQL: SHOW COLUMNS FROM `hs_fashion` [ RunTime:0.008001s ]
SQL: SELECT * FROM `hs_fashion` ORDER BY id LIMIT 18,6   [ RunTime:0.000000s ]
INFO: [ app_end ] --START--
INFO: Run Behavior\ShowPageTraceBehavior [ RunTime:0.001000s ]
INFO: [ app_end ] --END-- [ RunTime:0.002000s ]

[ 2016-05-28T14:05:27+08:00 ] 127.0.0.1 /Home/Fashion/ajaxfashion.html?p=5
INFO: [ app_begin ] --START--
INFO: Run Behavior\ReadHtmlCacheBehavior [ RunTime:0.003000s ]
INFO: [ app_begin ] --END-- [ RunTime:0.004000s ]
NOTIC: [8] A session had already been started - ignoring session_start() C:\wamp\www\project\ThinkPHP\Common\functions.php 第 1190 行.
SQL: SHOW COLUMNS FROM `hs_fashion` [ RunTime:0.016001s ]
SQL: SELECT * FROM `hs_fashion` ORDER BY id LIMIT 24,6   [ RunTime:0.001000s ]
INFO: [ app_end ] --START--
INFO: Run Behavior\ShowPageTraceBehavior [ RunTime:0.003001s ]
INFO: [ app_end ] --END-- [ RunTime:0.004001s ]

[ 2016-05-28T14:05:28+08:00 ] 127.0.0.1 /Home/Fashion/ajaxfashion.html?p=6
INFO: [ app_begin ] --START--
INFO: Run Behavior\ReadHtmlCacheBehavior [ RunTime:0.002000s ]
INFO: [ app_begin ] --END-- [ RunTime:0.012001s ]
NOTIC: [8] A session had already been started - ignoring session_start() C:\wamp\www\project\ThinkPHP\Common\functions.php 第 1190 行.
SQL: SHOW COLUMNS FROM `hs_fashion` [ RunTime:0.007000s ]
SQL: SELECT * FROM `hs_fashion` ORDER BY id LIMIT 30,6   [ RunTime:0.001000s ]
INFO: [ app_end ] --START--
INFO: Run Behavior\ShowPageTraceBehavior [ RunTime:0.002000s ]
INFO: [ app_end ] --END-- [ RunTime:0.002000s ]

[ 2016-05-28T14:05:37+08:00 ] 127.0.0.1 /Home/Fashion/ajaxfashion.html?p=7
INFO: [ app_begin ] --START--
INFO: Run Behavior\ReadHtmlCacheBehavior [ RunTime:0.002001s ]
INFO: [ app_begin ] --END-- [ RunTime:0.003001s ]
NOTIC: [8] A session had already been started - ignoring session_start() C:\wamp\www\project\ThinkPHP\Common\functions.php 第 1190 行.
SQL: SHOW COLUMNS FROM `hs_fashion` [ RunTime:0.014001s ]
SQL: SELECT * FROM `hs_fashion` ORDER BY id LIMIT 36,6   [ RunTime:0.001000s ]
INFO: [ app_end ] --START--
INFO: Run Behavior\ShowPageTraceBehavior [ RunTime:0.002000s ]
INFO: [ app_end ] --END-- [ RunTime:0.002000s ]

[ 2016-05-28T14:09:19+08:00 ] 127.0.0.1 /Home/Fashion/ajaxfashion.html?p=8
INFO: [ app_begin ] --START--
INFO: Run Behavior\ReadHtmlCacheBehavior [ RunTime:0.007000s ]
INFO: [ app_begin ] --END-- [ RunTime:0.010001s ]
NOTIC: [8] A session had already been started - ignoring session_start() C:\wamp\www\project\ThinkPHP\Common\functions.php 第 1190 行.
SQL: SHOW COLUMNS FROM `hs_fashion` [ RunTime:0.022001s ]
SQL: SELECT * FROM `hs_fashion` ORDER BY id LIMIT 42,6   [ RunTime:0.003000s ]
INFO: [ app_end ] --START--
INFO: Run Behavior\ShowPageTraceBehavior [ RunTime:0.005000s ]
INFO: [ app_end ] --END-- [ RunTime:0.006000s ]

[ 2016-05-28T14:09:22+08:00 ] 127.0.0.1 /Home/Fashion/ajaxfashion.html?p=9
INFO: [ app_begin ] --START--
INFO: Run Behavior\ReadHtmlCacheBehavior [ RunTime:0.001000s ]
INFO: [ app_begin ] --END-- [ RunTime:0.004000s ]
NOTIC: [8] A session had already been started - ignoring session_start() C:\wamp\www\project\ThinkPHP\Common\functions.php 第 1190 行.
SQL: SHOW COLUMNS FROM `hs_fashion` [ RunTime:0.014001s ]
SQL: SELECT * FROM `hs_fashion` ORDER BY id LIMIT 48,6   [ RunTime:0.001000s ]
INFO: [ app_end ] --START--
INFO: Run Behavior\ShowPageTraceBehavior [ RunTime:0.002000s ]
INFO: [ app_end ] --END-- [ RunTime:0.002000s ]

[ 2016-05-28T14:09:22+08:00 ] 127.0.0.1 /Home/Fashion/ajaxfashion.html?p=10
INFO: [ app_begin ] --START--
INFO: Run Behavior\ReadHtmlCacheBehavior [ RunTime:0.002000s ]
INFO: [ app_begin ] --END-- [ RunTime:0.003000s ]
NOTIC: [8] A session had already been started - ignoring session_start() C:\wamp\www\project\ThinkPHP\Common\functions.php 第 1190 行.
SQL: SHOW COLUMNS FROM `hs_fashion` [ RunTime:0.007000s ]
SQL: SELECT * FROM `hs_fashion` ORDER BY id LIMIT 54,6   [ RunTime:0.001000s ]
INFO: [ app_end ] --START--
INFO: Run Behavior\ShowPageTraceBehavior [ RunTime:0.002000s ]
INFO: [ app_end ] --END-- [ RunTime:0.002000s ]

[ 2016-05-28T14:09:24+08:00 ] 127.0.0.1 /Home/Fashion/ajaxfashion.html?p=11
INFO: [ app_begin ] --START--
INFO: Run Behavior\ReadHtmlCacheBehavior [ RunTime:0.001000s ]
INFO: [ app_begin ] --END-- [ RunTime:0.002000s ]
NOTIC: [8] A session had already been started - ignoring session_start() C:\wamp\www\project\ThinkPHP\Common\functions.php 第 1190 行.
SQL: SHOW COLUMNS FROM `hs_fashion` [ RunTime:0.018001s ]
SQL: SELECT * FROM `hs_fashion` ORDER BY id LIMIT 60,6   [ RunTime:0.002000s ]
INFO: [ app_end ] --START--
INFO: Run Behavior\ShowPageTraceBehavior [ RunTime:0.001000s ]
INFO: [ app_end ] --END-- [ RunTime:0.001000s ]

[ 2016-05-28T14:12:47+08:00 ] 127.0.0.1 /Home/Fashion/ajaxfashion.html?p=1
INFO: [ app_begin ] --START--
INFO: Run Behavior\ReadHtmlCacheBehavior [ RunTime:0.002001s ]
INFO: [ app_begin ] --END-- [ RunTime:0.002001s ]
NOTIC: [8] A session had already been started - ignoring session_start() C:\wamp\www\project\ThinkPHP\Common\functions.php 第 1190 行.
SQL: SHOW COLUMNS FROM `hs_fashion` [ RunTime:0.006001s ]
SQL: SELECT * FROM `hs_fashion` ORDER BY id LIMIT 0,6   [ RunTime:0.001000s ]
INFO: [ app_end ] --START--
INFO: Run Behavior\ShowPageTraceBehavior [ RunTime:0.010000s ]
INFO: [ app_end ] --END-- [ RunTime:0.010000s ]

[ 2016-05-28T14:12:49+08:00 ] 127.0.0.1 /Home/Fashion/ajaxfashion.html?p=2
INFO: [ app_begin ] --START--
INFO: Run Behavior\ReadHtmlCacheBehavior [ RunTime:0.003000s ]
INFO: [ app_begin ] --END-- [ RunTime:0.004000s ]
NOTIC: [8] A session had already been started - ignoring session_start() C:\wamp\www\project\ThinkPHP\Common\functions.php 第 1190 行.
SQL: SHOW COLUMNS FROM `hs_fashion` [ RunTime:0.105006s ]
SQL: SELECT * FROM `hs_fashion` ORDER BY id LIMIT 6,6   [ RunTime:0.001000s ]
INFO: [ app_end ] --START--
INFO: Run Behavior\ShowPageTraceBehavior [ RunTime:0.002000s ]
INFO: [ app_end ] --END-- [ RunTime:0.003000s ]

[ 2016-05-28T14:12:50+08:00 ] 127.0.0.1 /Home/Fashion/ajaxfashion.html?p=3
INFO: [ app_begin ] --START--
INFO: Run Behavior\ReadHtmlCacheBehavior [ RunTime:0.002000s ]
INFO: [ app_begin ] --END-- [ RunTime:0.004000s ]
NOTIC: [8] A session had already been started - ignoring session_start() C:\wamp\www\project\ThinkPHP\Common\functions.php 第 1190 行.
SQL: SHOW COLUMNS FROM `hs_fashion` [ RunTime:0.019001s ]
SQL: SELECT * FROM `hs_fashion` ORDER BY id LIMIT 12,6   [ RunTime:0.000000s ]
INFO: [ app_end ] --START--
INFO: Run Behavior\ShowPageTraceBehavior [ RunTime:0.002000s ]
INFO: [ app_end ] --END-- [ RunTime:0.003000s ]

[ 2016-05-28T14:12:52+08:00 ] 127.0.0.1 /Home/Fashion/ajaxfashion.html?p=4
INFO: [ app_begin ] --START--
INFO: Run Behavior\ReadHtmlCacheBehavior [ RunTime:0.006000s ]
INFO: [ app_begin ] --END-- [ RunTime:0.009000s ]
NOTIC: [8] A session had already been started - ignoring session_start() C:\wamp\www\project\ThinkPHP\Common\functions.php 第 1190 行.
SQL: SHOW COLUMNS FROM `hs_fashion` [ RunTime:0.025002s ]
SQL: SELECT * FROM `hs_fashion` ORDER BY id LIMIT 18,6   [ RunTime:0.002000s ]
INFO: [ app_end ] --START--
INFO: Run Behavior\ShowPageTraceBehavior [ RunTime:0.004000s ]
INFO: [ app_end ] --END-- [ RunTime:0.006000s ]

[ 2016-05-28T14:12:54+08:00 ] 127.0.0.1 /Home/Fashion/ajaxfashion.html?p=5
INFO: [ app_begin ] --START--
INFO: Run Behavior\ReadHtmlCacheBehavior [ RunTime:0.005000s ]
INFO: [ app_begin ] --END-- [ RunTime:0.007000s ]
NOTIC: [8] A session had already been started - ignoring session_start() C:\wamp\www\project\ThinkPHP\Common\functions.php 第 1190 行.
SQL: SHOW COLUMNS FROM `hs_fashion` [ RunTime:0.008001s ]
SQL: SELECT * FROM `hs_fashion` ORDER BY id LIMIT 24,6   [ RunTime:0.001000s ]
INFO: [ app_end ] --START--
INFO: Run Behavior\ShowPageTraceBehavior [ RunTime:0.002000s ]
INFO: [ app_end ] --END-- [ RunTime:0.003000s ]

[ 2016-05-28T14:12:54+08:00 ] 127.0.0.1 /Home/Fashion/ajaxfashion.html?p=6
INFO: [ app_begin ] --START--
INFO: Run Behavior\ReadHtmlCacheBehavior [ RunTime:0.005001s ]
INFO: [ app_begin ] --END-- [ RunTime:0.008001s ]
NOTIC: [8] A session had already been started - ignoring session_start() C:\wamp\www\project\ThinkPHP\Common\functions.php 第 1190 行.
SQL: SHOW COLUMNS FROM `hs_fashion` [ RunTime:0.019001s ]
SQL: SELECT * FROM `hs_fashion` ORDER BY id LIMIT 30,6   [ RunTime:0.007000s ]
INFO: [ app_end ] --START--
INFO: Run Behavior\ShowPageTraceBehavior [ RunTime:0.004001s ]
INFO: [ app_end ] --END-- [ RunTime:0.005001s ]

[ 2016-05-28T14:12:54+08:00 ] 127.0.0.1 /Home/Fashion/ajaxfashion.html?p=7
INFO: [ app_begin ] --START--
INFO: Run Behavior\ReadHtmlCacheBehavior [ RunTime:0.010001s ]
INFO: [ app_begin ] --END-- [ RunTime:0.014001s ]
NOTIC: [8] A session had already been started - ignoring session_start() C:\wamp\www\project\ThinkPHP\Common\functions.php 第 1190 行.
SQL: SHOW COLUMNS FROM `hs_fashion` [ RunTime:0.009000s ]
SQL: SELECT * FROM `hs_fashion` ORDER BY id LIMIT 36,6   [ RunTime:0.002000s ]
INFO: [ app_end ] --START--
INFO: Run Behavior\ShowPageTraceBehavior [ RunTime:0.003001s ]
INFO: [ app_end ] --END-- [ RunTime:0.003001s ]

[ 2016-05-28T14:12:57+08:00 ] 127.0.0.1 /Home/Fashion/ajaxfashion.html?p=8
INFO: [ app_begin ] --START--
INFO: Run Behavior\ReadHtmlCacheBehavior [ RunTime:0.004001s ]
INFO: [ app_begin ] --END-- [ RunTime:0.006001s ]
NOTIC: [8] A session had already been started - ignoring session_start() C:\wamp\www\project\ThinkPHP\Common\functions.php 第 1190 行.
SQL: SHOW COLUMNS FROM `hs_fashion` [ RunTime:0.006000s ]
SQL: SELECT * FROM `hs_fashion` ORDER BY id LIMIT 42,6   [ RunTime:0.001000s ]
INFO: [ app_end ] --START--
INFO: Run Behavior\ShowPageTraceBehavior [ RunTime:0.003000s ]
INFO: [ app_end ] --END-- [ RunTime:0.003000s ]

[ 2016-05-28T14:12:58+08:00 ] 127.0.0.1 /Home/Fashion/ajaxfashion.html?p=9
INFO: [ app_begin ] --START--
INFO: Run Behavior\ReadHtmlCacheBehavior [ RunTime:0.006001s ]
INFO: [ app_begin ] --END-- [ RunTime:0.009001s ]
NOTIC: [8] A session had already been started - ignoring session_start() C:\wamp\www\project\ThinkPHP\Common\functions.php 第 1190 行.
SQL: SHOW COLUMNS FROM `hs_fashion` [ RunTime:0.015001s ]
SQL: SELECT * FROM `hs_fashion` ORDER BY id LIMIT 48,6   [ RunTime:0.002000s ]
INFO: [ app_end ] --START--
INFO: Run Behavior\ShowPageTraceBehavior [ RunTime:0.004000s ]
INFO: [ app_end ] --END-- [ RunTime:0.005000s ]

[ 2016-05-28T14:12:58+08:00 ] 127.0.0.1 /Home/Fashion/ajaxfashion.html?p=10
INFO: [ app_begin ] --START--
INFO: Run Behavior\ReadHtmlCacheBehavior [ RunTime:0.002000s ]
INFO: [ app_begin ] --END-- [ RunTime:0.004000s ]
NOTIC: [8] A session had already been started - ignoring session_start() C:\wamp\www\project\ThinkPHP\Common\functions.php 第 1190 行.
SQL: SHOW COLUMNS FROM `hs_fashion` [ RunTime:0.008000s ]
SQL: SELECT * FROM `hs_fashion` ORDER BY id LIMIT 54,6   [ RunTime:0.002001s ]
INFO: [ app_end ] --START--
INFO: Run Behavior\ShowPageTraceBehavior [ RunTime:0.002000s ]
INFO: [ app_end ] --END-- [ RunTime:0.003000s ]

[ 2016-05-28T14:13:00+08:00 ] 127.0.0.1 /Home/Fashion/ajaxfashion.html?p=11
INFO: [ app_begin ] --START--
INFO: Run Behavior\ReadHtmlCacheBehavior [ RunTime:0.005000s ]
INFO: [ app_begin ] --END-- [ RunTime:0.008000s ]
NOTIC: [8] A session had already been started - ignoring session_start() C:\wamp\www\project\ThinkPHP\Common\functions.php 第 1190 行.
SQL: SHOW COLUMNS FROM `hs_fashion` [ RunTime:0.009001s ]
SQL: SELECT * FROM `hs_fashion` ORDER BY id LIMIT 60,6   [ RunTime:0.001000s ]
INFO: [ app_end ] --START--
INFO: Run Behavior\ShowPageTraceBehavior [ RunTime:0.002000s ]
INFO: [ app_end ] --END-- [ RunTime:0.003000s ]

[ 2016-05-28T14:17:42+08:00 ] 127.0.0.1 /Home/Fashion/ajaxfashion.html?p=1
INFO: [ app_begin ] --START--
INFO: Run Behavior\ReadHtmlCacheBehavior [ RunTime:0.002000s ]
INFO: [ app_begin ] --END-- [ RunTime:0.002000s ]
NOTIC: [8] A session had already been started - ignoring session_start() C:\wamp\www\project\ThinkPHP\Common\functions.php 第 1190 行.
SQL: SHOW COLUMNS FROM `hs_fashion` [ RunTime:0.012000s ]
SQL: SELECT * FROM `hs_fashion` ORDER BY id LIMIT 0,6   [ RunTime:0.001000s ]
INFO: [ app_end ] --START--
INFO: Run Behavior\ShowPageTraceBehavior [ RunTime:0.002001s ]
INFO: [ app_end ] --END-- [ RunTime:0.002001s ]

[ 2016-05-28T14:17:43+08:00 ] 127.0.0.1 /Home/Fashion/ajaxfashion.html?p=2
INFO: [ app_begin ] --START--
INFO: Run Behavior\ReadHtmlCacheBehavior [ RunTime:0.008000s ]
INFO: [ app_begin ] --END-- [ RunTime:0.010000s ]
NOTIC: [8] A session had already been started - ignoring session_start() C:\wamp\www\project\ThinkPHP\Common\functions.php 第 1190 行.
SQL: SHOW COLUMNS FROM `hs_fashion` [ RunTime:0.041002s ]
SQL: SELECT * FROM `hs_fashion` ORDER BY id LIMIT 6,6   [ RunTime:0.004001s ]
INFO: [ app_end ] --START--
INFO: Run Behavior\ShowPageTraceBehavior [ RunTime:0.003000s ]
INFO: [ app_end ] --END-- [ RunTime:0.003000s ]

[ 2016-05-28T14:17:45+08:00 ] 127.0.0.1 /Home/Fashion/ajaxfashion.html?p=3
INFO: [ app_begin ] --START--
INFO: Run Behavior\ReadHtmlCacheBehavior [ RunTime:0.002000s ]
INFO: [ app_begin ] --END-- [ RunTime:0.004000s ]
NOTIC: [8] A session had already been started - ignoring session_start() C:\wamp\www\project\ThinkPHP\Common\functions.php 第 1190 行.
SQL: SHOW COLUMNS FROM `hs_fashion` [ RunTime:0.054003s ]
SQL: SELECT * FROM `hs_fashion` ORDER BY id LIMIT 12,6   [ RunTime:0.001000s ]
INFO: [ app_end ] --START--
INFO: Run Behavior\ShowPageTraceBehavior [ RunTime:0.003000s ]
INFO: [ app_end ] --END-- [ RunTime:0.003000s ]

[ 2016-05-28T14:17:57+08:00 ] 127.0.0.1 /Home/Fashion/ajaxfashion.html?p=1
INFO: [ app_begin ] --START--
INFO: Run Behavior\ReadHtmlCacheBehavior [ RunTime:0.003000s ]
INFO: [ app_begin ] --END-- [ RunTime:0.004000s ]
NOTIC: [8] A session had already been started - ignoring session_start() C:\wamp\www\project\ThinkPHP\Common\functions.php 第 1190 行.
SQL: SHOW COLUMNS FROM `hs_fashion` [ RunTime:0.009001s ]
SQL: SELECT * FROM `hs_fashion` ORDER BY id LIMIT 0,6   [ RunTime:0.002000s ]
INFO: [ app_end ] --START--
INFO: Run Behavior\ShowPageTraceBehavior [ RunTime:0.002000s ]
INFO: [ app_end ] --END-- [ RunTime:0.002000s ]

[ 2016-05-28T14:17:58+08:00 ] 127.0.0.1 /Home/Fashion/ajaxfashion.html?p=2
INFO: [ app_begin ] --START--
INFO: Run Behavior\ReadHtmlCacheBehavior [ RunTime:0.003000s ]
INFO: [ app_begin ] --END-- [ RunTime:0.004000s ]
NOTIC: [8] A session had already been started - ignoring session_start() C:\wamp\www\project\ThinkPHP\Common\functions.php 第 1190 行.
SQL: SHOW COLUMNS FROM `hs_fashion` [ RunTime:0.008001s ]
SQL: SELECT * FROM `hs_fashion` ORDER BY id LIMIT 6,6   [ RunTime:0.001000s ]
INFO: [ app_end ] --START--
INFO: Run Behavior\ShowPageTraceBehavior [ RunTime:0.003000s ]
INFO: [ app_end ] --END-- [ RunTime:0.003000s ]

[ 2016-05-28T14:17:58+08:00 ] 127.0.0.1 /Home/Fashion/ajaxfashion.html?p=3
INFO: [ app_begin ] --START--
INFO: Run Behavior\ReadHtmlCacheBehavior [ RunTime:0.002000s ]
INFO: [ app_begin ] --END-- [ RunTime:0.013000s ]
NOTIC: [8] A session had already been started - ignoring session_start() C:\wamp\www\project\ThinkPHP\Common\functions.php 第 1190 行.
SQL: SHOW COLUMNS FROM `hs_fashion` [ RunTime:0.008000s ]
SQL: SELECT * FROM `hs_fashion` ORDER BY id LIMIT 12,6   [ RunTime:0.001000s ]
INFO: [ app_end ] --START--
INFO: Run Behavior\ShowPageTraceBehavior [ RunTime:0.002000s ]
INFO: [ app_end ] --END-- [ RunTime:0.002000s ]

[ 2016-05-28T14:18:00+08:00 ] 127.0.0.1 /Home/Fashion/ajaxfashion.html?p=4
INFO: [ app_begin ] --START--
INFO: Run Behavior\ReadHtmlCacheBehavior [ RunTime:0.010000s ]
INFO: [ app_begin ] --END-- [ RunTime:0.012000s ]
NOTIC: [8] A session had already been started - ignoring session_start() C:\wamp\www\project\ThinkPHP\Common\functions.php 第 1190 行.
SQL: SHOW COLUMNS FROM `hs_fashion` [ RunTime:0.028002s ]
SQL: SELECT * FROM `hs_fashion` ORDER BY id LIMIT 18,6   [ RunTime:0.001000s ]
INFO: [ app_end ] --START--
INFO: Run Behavior\ShowPageTraceBehavior [ RunTime:0.003000s ]
INFO: [ app_end ] --END-- [ RunTime:0.003000s ]

[ 2016-05-28T14:30:33+08:00 ] 127.0.0.1 /Home/Fashion/ajaxfashion.html?p=5
INFO: [ app_begin ] --START--
INFO: Run Behavior\ReadHtmlCacheBehavior [ RunTime:0.002000s ]
INFO: [ app_begin ] --END-- [ RunTime:0.003000s ]
NOTIC: [8] A session had already been started - ignoring session_start() C:\wamp\www\project\ThinkPHP\Common\functions.php 第 1190 行.
SQL: SHOW COLUMNS FROM `hs_fashion` [ RunTime:0.007001s ]
SQL: SELECT * FROM `hs_fashion` ORDER BY id LIMIT 24,6   [ RunTime:0.001000s ]
INFO: [ app_end ] --START--
INFO: Run Behavior\ShowPageTraceBehavior [ RunTime:0.002000s ]
INFO: [ app_end ] --END-- [ RunTime:0.002000s ]

[ 2016-05-28T14:30:34+08:00 ] 127.0.0.1 /Home/Fashion/ajaxfashion.html?p=6
INFO: [ app_begin ] --START--
INFO: Run Behavior\ReadHtmlCacheBehavior [ RunTime:0.008001s ]
INFO: [ app_begin ] --END-- [ RunTime:0.010001s ]
NOTIC: [8] A session had already been started - ignoring session_start() C:\wamp\www\project\ThinkPHP\Common\functions.php 第 1190 行.
SQL: SHOW COLUMNS FROM `hs_fashion` [ RunTime:0.023001s ]
SQL: SELECT * FROM `hs_fashion` ORDER BY id LIMIT 30,6   [ RunTime:0.001000s ]
INFO: [ app_end ] --START--
INFO: Run Behavior\ShowPageTraceBehavior [ RunTime:0.005000s ]
INFO: [ app_end ] --END-- [ RunTime:0.005000s ]

[ 2016-05-28T14:30:35+08:00 ] 127.0.0.1 /Home/Fashion/ajaxfashion.html?p=7
INFO: [ app_begin ] --START--
INFO: Run Behavior\ReadHtmlCacheBehavior [ RunTime:0.002000s ]
INFO: [ app_begin ] --END-- [ RunTime:0.006000s ]
NOTIC: [8] A session had already been started - ignoring session_start() C:\wamp\www\project\ThinkPHP\Common\functions.php 第 1190 行.
SQL: SHOW COLUMNS FROM `hs_fashion` [ RunTime:0.011001s ]
SQL: SELECT * FROM `hs_fashion` ORDER BY id LIMIT 36,6   [ RunTime:0.001000s ]
INFO: [ app_end ] --START--
INFO: Run Behavior\ShowPageTraceBehavior [ RunTime:0.002000s ]
INFO: [ app_end ] --END-- [ RunTime:0.002000s ]

[ 2016-05-28T14:30:39+08:00 ] 127.0.0.1 /Home/Goods/ajax.html?p=1
INFO: [ app_begin ] --START--
INFO: Run Behavior\ReadHtmlCacheBehavior [ RunTime:0.006000s ]
INFO: [ app_begin ] --END-- [ RunTime:0.007000s ]
NOTIC: [8] A session had already been started - ignoring session_start() C:\wamp\www\project\ThinkPHP\Common\functions.php 第 1190 行.
SQL: SHOW COLUMNS FROM `hs_goods` [ RunTime:0.005000s ]
SQL: SELECT * FROM `hs_goods` ORDER BY id LIMIT 0,4   [ RunTime:0.001000s ]

[ 2016-05-28T14:30:41+08:00 ] 127.0.0.1 /Home/Goods/ajax.html?p=2
INFO: [ app_begin ] --START--
INFO: Run Behavior\ReadHtmlCacheBehavior [ RunTime:0.001000s ]
INFO: [ app_begin ] --END-- [ RunTime:0.002000s ]
NOTIC: [8] A session had already been started - ignoring session_start() C:\wamp\www\project\ThinkPHP\Common\functions.php 第 1190 行.
SQL: SHOW COLUMNS FROM `hs_goods` [ RunTime:0.008000s ]
SQL: SELECT * FROM `hs_goods` ORDER BY id LIMIT 4,4   [ RunTime:0.001000s ]

[ 2016-05-28T14:31:50+08:00 ] 127.0.0.1 /Home/Goods/ajax.html?p=3
INFO: [ app_begin ] --START--
INFO: Run Behavior\ReadHtmlCacheBehavior [ RunTime:0.004000s ]
INFO: [ app_begin ] --END-- [ RunTime:0.006000s ]
NOTIC: [8] A session had already been started - ignoring session_start() C:\wamp\www\project\ThinkPHP\Common\functions.php 第 1190 行.
SQL: SHOW COLUMNS FROM `hs_goods` [ RunTime:0.007001s ]
SQL: SELECT * FROM `hs_goods` ORDER BY id LIMIT 8,4   [ RunTime:0.001000s ]

[ 2016-05-28T14:31:52+08:00 ] 127.0.0.1 /Home/Goods/ajax.html?p=4
INFO: [ app_begin ] --START--
INFO: Run Behavior\ReadHtmlCacheBehavior [ RunTime:0.003000s ]
INFO: [ app_begin ] --END-- [ RunTime:0.005000s ]
NOTIC: [8] A session had already been started - ignoring session_start() C:\wamp\www\project\ThinkPHP\Common\functions.php 第 1190 行.
SQL: SHOW COLUMNS FROM `hs_goods` [ RunTime:0.017001s ]
SQL: SELECT * FROM `hs_goods` ORDER BY id LIMIT 12,4   [ RunTime:0.002000s ]

[ 2016-05-28T14:32:00+08:00 ] 127.0.0.1 /Home/Fashion/ajaxfashion.html?p=1
INFO: [ app_begin ] --START--
INFO: Run Behavior\ReadHtmlCacheBehavior [ RunTime:0.002001s ]
INFO: [ app_begin ] --END-- [ RunTime:0.003001s ]
NOTIC: [8] A session had already been started - ignoring session_start() C:\wamp\www\project\ThinkPHP\Common\functions.php 第 1190 行.
SQL: SHOW COLUMNS FROM `hs_fashion` [ RunTime:0.007000s ]
SQL: SELECT * FROM `hs_fashion` ORDER BY id LIMIT 0,6   [ RunTime:0.001001s ]
INFO: [ app_end ] --START--
INFO: Run Behavior\ShowPageTraceBehavior [ RunTime:0.002000s ]
INFO: [ app_end ] --END-- [ RunTime:0.002000s ]

[ 2016-05-28T14:32:03+08:00 ] 127.0.0.1 /Home/Fashion/ajaxfashion.html?p=2
INFO: [ app_begin ] --START--
INFO: Run Behavior\ReadHtmlCacheBehavior [ RunTime:0.003000s ]
INFO: [ app_begin ] --END-- [ RunTime:0.006000s ]
NOTIC: [8] A session had already been started - ignoring session_start() C:\wamp\www\project\ThinkPHP\Common\functions.php 第 1190 行.
SQL: SHOW COLUMNS FROM `hs_fashion` [ RunTime:0.015000s ]
SQL: SELECT * FROM `hs_fashion` ORDER BY id LIMIT 6,6   [ RunTime:0.003000s ]
INFO: [ app_end ] --START--
INFO: Run Behavior\ShowPageTraceBehavior [ RunTime:0.003000s ]
INFO: [ app_end ] --END-- [ RunTime:0.004000s ]

[ 2016-05-28T14:34:48+08:00 ] 127.0.0.1 /Home/Fashion/ajaxfashion.html?p=1
INFO: [ app_begin ] --START--
INFO: Run Behavior\ReadHtmlCacheBehavior [ RunTime:0.001000s ]
INFO: [ app_begin ] --END-- [ RunTime:0.002000s ]
NOTIC: [8] A session had already been started - ignoring session_start() C:\wamp\www\project\ThinkPHP\Common\functions.php 第 1190 行.
SQL: SHOW COLUMNS FROM `hs_fashion` [ RunTime:0.008000s ]
SQL: SELECT * FROM `hs_fashion` ORDER BY id LIMIT 0,6   [ RunTime:0.006001s ]
INFO: [ app_end ] --START--
INFO: Run Behavior\ShowPageTraceBehavior [ RunTime:0.001000s ]
INFO: [ app_end ] --END-- [ RunTime:0.002000s ]

[ 2016-05-28T14:34:54+08:00 ] 127.0.0.1 /Home/Fashion/ajaxfashion.html?p=2
INFO: [ app_begin ] --START--
INFO: Run Behavior\ReadHtmlCacheBehavior [ RunTime:0.002001s ]
INFO: [ app_begin ] --END-- [ RunTime:0.004001s ]
NOTIC: [8] A session had already been started - ignoring session_start() C:\wamp\www\project\ThinkPHP\Common\functions.php 第 1190 行.
SQL: SHOW COLUMNS FROM `hs_fashion` [ RunTime:0.007000s ]
SQL: SELECT * FROM `hs_fashion` ORDER BY id LIMIT 6,6   [ RunTime:0.001000s ]
INFO: [ app_end ] --START--
INFO: Run Behavior\ShowPageTraceBehavior [ RunTime:0.003001s ]
INFO: [ app_end ] --END-- [ RunTime:0.003001s ]

[ 2016-05-28T14:35:49+08:00 ] 127.0.0.1 /Home/Fashion/ajaxfashion.html?p=1
INFO: [ app_begin ] --START--
INFO: Run Behavior\ReadHtmlCacheBehavior [ RunTime:0.001000s ]
INFO: [ app_begin ] --END-- [ RunTime:0.002000s ]
NOTIC: [8] A session had already been started - ignoring session_start() C:\wamp\www\project\ThinkPHP\Common\functions.php 第 1190 行.
SQL: SHOW COLUMNS FROM `hs_fashion` [ RunTime:0.005000s ]
SQL: SELECT * FROM `hs_fashion` ORDER BY id LIMIT 0,6   [ RunTime:0.001000s ]
INFO: [ app_end ] --START--
INFO: Run Behavior\ShowPageTraceBehavior [ RunTime:0.001000s ]
INFO: [ app_end ] --END-- [ RunTime:0.001000s ]

[ 2016-05-28T14:39:34+08:00 ] 127.0.0.1 /Home/Fashion/ajaxfashion.html?p=1
INFO: [ app_begin ] --START--
INFO: Run Behavior\ReadHtmlCacheBehavior [ RunTime:0.002000s ]
INFO: [ app_begin ] --END-- [ RunTime:0.003000s ]
NOTIC: [8] A session had already been started - ignoring session_start() C:\wamp\www\project\ThinkPHP\Common\functions.php 第 1190 行.
SQL: SHOW COLUMNS FROM `hs_fashion` [ RunTime:0.008000s ]
SQL: SELECT * FROM `hs_fashion` ORDER BY id LIMIT 0,6   [ RunTime:0.002000s ]
INFO: [ app_end ] --START--
INFO: Run Behavior\ShowPageTraceBehavior [ RunTime:0.002000s ]
INFO: [ app_end ] --END-- [ RunTime:0.002000s ]

[ 2016-05-28T14:40:24+08:00 ] 127.0.0.1 /Home/Fashion/ajaxfashion.html?p=1
INFO: [ app_begin ] --START--
INFO: Run Behavior\ReadHtmlCacheBehavior [ RunTime:0.002001s ]
INFO: [ app_begin ] --END-- [ RunTime:0.002001s ]
NOTIC: [8] A session had already been started - ignoring session_start() C:\wamp\www\project\ThinkPHP\Common\functions.php 第 1190 行.
SQL: SHOW COLUMNS FROM `hs_fashion` [ RunTime:0.007001s ]
SQL: SELECT * FROM `hs_fashion` ORDER BY id LIMIT 0,6   [ RunTime:0.002000s ]
INFO: [ app_end ] --START--
INFO: Run Behavior\ShowPageTraceBehavior [ RunTime:0.003000s ]
INFO: [ app_end ] --END-- [ RunTime:0.003000s ]

[ 2016-05-28T14:40:38+08:00 ] 127.0.0.1 /Home/Fashion/ajaxfashion.html?p=1
INFO: [ app_begin ] --START--
INFO: Run Behavior\ReadHtmlCacheBehavior [ RunTime:0.002000s ]
INFO: [ app_begin ] --END-- [ RunTime:0.002000s ]
NOTIC: [8] A session had already been started - ignoring session_start() C:\wamp\www\project\ThinkPHP\Common\functions.php 第 1190 行.
SQL: SHOW COLUMNS FROM `hs_fashion` [ RunTime:0.005001s ]
SQL: SELECT * FROM `hs_fashion` ORDER BY id LIMIT 0,6   [ RunTime:0.001000s ]
INFO: [ app_end ] --START--
INFO: Run Behavior\ShowPageTraceBehavior [ RunTime:0.001000s ]
INFO: [ app_end ] --END-- [ RunTime:0.002000s ]

[ 2016-05-28T14:40:41+08:00 ] 127.0.0.1 /Home/Fashion/ajaxfashion.html?p=2
INFO: [ app_begin ] --START--
INFO: Run Behavior\ReadHtmlCacheBehavior [ RunTime:0.002000s ]
INFO: [ app_begin ] --END-- [ RunTime:0.005001s ]
NOTIC: [8] A session had already been started - ignoring session_start() C:\wamp\www\project\ThinkPHP\Common\functions.php 第 1190 行.
SQL: SHOW COLUMNS FROM `hs_fashion` [ RunTime:0.022001s ]
SQL: SELECT * FROM `hs_fashion` ORDER BY id LIMIT 6,6   [ RunTime:0.001000s ]
INFO: [ app_end ] --START--
INFO: Run Behavior\ShowPageTraceBehavior [ RunTime:0.002000s ]
INFO: [ app_end ] --END-- [ RunTime:0.002000s ]

[ 2016-05-28T17:06:41+08:00 ] 127.0.0.1 /Home/Music/index.html
ERR: 无法加载控制器:Music

[ 2016-05-28T17:07:16+08:00 ] 127.0.0.1 /Home/Music/index.html
ERR: 无法加载控制器:Music

[ 2016-05-28T17:08:02+08:00 ] 127.0.0.1 /Home/Music/index.html
ERR: 无法加载控制器:Music

[ 2016-05-28T17:08:09+08:00 ] 127.0.0.1 /Home/Music/index.html
ERR: 无法加载控制器:Music

[ 2016-05-28T17:09:21+08:00 ] 127.0.0.1 /Home/Music/__Public__/Home/music/css/lanrenzhijia.css
ERR: 非法操作:__Public__

[ 2016-05-28T17:09:21+08:00 ] 127.0.0.1 /Home/Music/__Public__/Home/music/js/jquery.jplayer.min.js
ERR: 非法操作:__Public__

[ 2016-05-28T17:09:21+08:00 ] 127.0.0.1 /Home/Music/__Public__/Home/music/js/jplayer.playlist.min.js
ERR: 非法操作:__Public__

[ 2016-05-28T17:09:21+08:00 ] 127.0.0.1 /Home/Music/__Public__/Home/music/js/lanrenzhijia.js
ERR: 非法操作:__Public__

[ 2016-05-28T17:17:20+08:00 ] 127.0.0.1 /Home/Music/css/lanrenzhijia.css
ERR: 非法操作:css

[ 2016-05-28T17:17:20+08:00 ] 127.0.0.1 /Home/Music/js/jquery.jplayer.min.js
ERR: 非法操作:js

[ 2016-05-28T17:17:20+08:00 ] 127.0.0.1 /Home/Music/js/jplayer.playlist.min.js
ERR: 非法操作:js

[ 2016-05-28T17:17:20+08:00 ] 127.0.0.1 /Home/Music/js/lanrenzhijia.js
ERR: 非法操作:js

[ 2016-05-28T17:17:25+08:00 ] 127.0.0.1 /Home/Music/css/lanrenzhijia.css
ERR: 非法操作:css

[ 2016-05-28T17:17:26+08:00 ] 127.0.0.1 /Home/Music/js/lanrenzhijia.js
ERR: 非法操作:js

[ 2016-05-28T17:17:26+08:00 ] 127.0.0.1 /Home/Music/js/jplayer.playlist.min.js
ERR: 非法操作:js

[ 2016-05-28T17:17:26+08:00 ] 127.0.0.1 /Home/Music/js/jquery.jplayer.min.js
ERR: 非法操作:js

[ 2016-05-28T17:17:26+08:00 ] 127.0.0.1 /Home/Music/js/jplayer.playlist.min.js
ERR: 非法操作:js

[ 2016-05-28T17:17:26+08:00 ] 127.0.0.1 /Home/Music/js/lanrenzhijia.js
ERR: 非法操作:js

[ 2016-05-28T17:46:11+08:00 ] 127.0.0.1 /Home/Music/Media/Transformers.mp3
ERR: 非法操作:Media

[ 2016-05-28T17:47:11+08:00 ] 127.0.0.1 /Home/Music/Media/Transformers.mp3
ERR: 非法操作:Media

[ 2016-05-28T17:47:27+08:00 ] 127.0.0.1 /Home/Music/Images/undefined
ERR: 非法操作:Images

[ 2016-05-28T17:47:28+08:00 ] 127.0.0.1 /Home/Music/Media/Transformers.mp3
ERR: 非法操作:Media

[ 2016-05-28T17:47:31+08:00 ] 127.0.0.1 /Home/Music/Images/undefined
ERR: 非法操作:Images

[ 2016-05-28T17:47:48+08:00 ] 127.0.0.1 /Home/Music/Images/undefined
ERR: 非法操作:Images

[ 2016-05-28T17:48:46+08:00 ] 127.0.0.1 /Home/Music/Media/Transformers.mp3
ERR: 非法操作:Media

[ 2016-05-28T17:48:46+08:00 ] 127.0.0.1 /Home/Music/Images/undefined
ERR: 非法操作:Images

[ 2016-05-28T18:49:58+08:00 ] 127.0.0.1 /Home/Music/Images/undefined
ERR: 非法操作:Images

[ 2016-05-28T18:49:58+08:00 ] 127.0.0.1 /Home/Music/Media/Transformers.mp3
ERR: 非法操作:Media

[ 2016-05-28T18:50:06+08:00 ] 127.0.0.1 /Home/Music/Images/undefined
ERR: 非法操作:Images

[ 2016-05-28T18:51:30+08:00 ] 127.0.0.1 /Home/Music/Media/Transformers.mp3
ERR: 非法操作:Media

[ 2016-05-28T18:52:54+08:00 ] 127.0.0.1 /Home/Music/Images/undefined
ERR: 非法操作:Images

[ 2016-05-28T20:01:45+08:00 ] 127.0.0.1 /Home/Fashion/ajaxfashion.html?p=1
INFO: [ app_begin ] --START--
INFO: Run Behavior\ReadHtmlCacheBehavior [ RunTime:0.002000s ]
INFO: [ app_begin ] --END-- [ RunTime:0.002000s ]
NOTIC: [8] A session had already been started - ignoring session_start() C:\wamp\www\project\ThinkPHP\Common\functions.php 第 1190 行.
SQL: SHOW COLUMNS FROM `hs_fashion` [ RunTime:0.006000s ]
SQL: SELECT * FROM `hs_fashion` ORDER BY id LIMIT 0,6   [ RunTime:0.047002s ]
INFO: [ app_end ] --START--
INFO: Run Behavior\ShowPageTraceBehavior [ RunTime:0.002000s ]
INFO: [ app_end ] --END-- [ RunTime:0.002000s ]

[ 2016-05-28T20:01:59+08:00 ] 127.0.0.1 /Home/Fashion/ajaxfashion.html?p=1
INFO: [ app_begin ] --START--
INFO: Run Behavior\ReadHtmlCacheBehavior [ RunTime:0.002000s ]
INFO: [ app_begin ] --END-- [ RunTime:0.003000s ]
NOTIC: [8] A session had already been started - ignoring session_start() C:\wamp\www\project\ThinkPHP\Common\functions.php 第 1190 行.
SQL: SHOW COLUMNS FROM `hs_fashion` [ RunTime:0.011001s ]
SQL: SELECT * FROM `hs_fashion` ORDER BY id LIMIT 0,6   [ RunTime:0.001000s ]
INFO: [ app_end ] --START--
INFO: Run Behavior\ShowPageTraceBehavior [ RunTime:0.004000s ]
INFO: [ app_end ] --END-- [ RunTime:0.005000s ]

[ 2016-05-28T20:02:07+08:00 ] 127.0.0.1 /Home/Fashion/ajaxfashion.html?p=1
INFO: [ app_begin ] --START--
INFO: Run Behavior\ReadHtmlCacheBehavior [ RunTime:0.002000s ]
INFO: [ app_begin ] --END-- [ RunTime:0.004001s ]
NOTIC: [8] A session had already been started - ignoring session_start() C:\wamp\www\project\ThinkPHP\Common\functions.php 第 1190 行.
SQL: SHOW COLUMNS FROM `hs_fashion` [ RunTime:0.011001s ]
SQL: SELECT * FROM `hs_fashion` ORDER BY id LIMIT 0,6   [ RunTime:0.001000s ]
INFO: [ app_end ] --START--
INFO: Run Behavior\ShowPageTraceBehavior [ RunTime:0.002000s ]
INFO: [ app_end ] --END-- [ RunTime:0.003000s ]

[ 2016-05-28T20:03:36+08:00 ] 127.0.0.1 /Home/Fashion/ajaxfashion.html?p=2
INFO: [ app_begin ] --START--
INFO: Run Behavior\ReadHtmlCacheBehavior [ RunTime:0.004000s ]
INFO: [ app_begin ] --END-- [ RunTime:0.007000s ]
NOTIC: [8] A session had already been started - ignoring session_start() C:\wamp\www\project\ThinkPHP\Common\functions.php 第 1190 行.
SQL: SHOW COLUMNS FROM `hs_fashion` [ RunTime:0.008000s ]
SQL: SELECT * FROM `hs_fashion` ORDER BY id LIMIT 6,6   [ RunTime:0.002001s ]
INFO: [ app_end ] --START--
INFO: Run Behavior\ShowPageTraceBehavior [ RunTime:0.002000s ]
INFO: [ app_end ] --END-- [ RunTime:0.003000s ]

[ 2016-05-28T20:03:38+08:00 ] 127.0.0.1 /Home/Fashion/ajaxfashion.html?p=3
INFO: [ app_begin ] --START--
INFO: Run Behavior\ReadHtmlCacheBehavior [ RunTime:0.003000s ]
INFO: [ app_begin ] --END-- [ RunTime:0.006000s ]
NOTIC: [8] A session had already been started - ignoring session_start() C:\wamp\www\project\ThinkPHP\Common\functions.php 第 1190 行.
SQL: SHOW COLUMNS FROM `hs_fashion` [ RunTime:0.014001s ]
SQL: SELECT * FROM `hs_fashion` ORDER BY id LIMIT 12,6   [ RunTime:0.002000s ]
INFO: [ app_end ] --START--
INFO: Run Behavior\ShowPageTraceBehavior [ RunTime:0.004000s ]
INFO: [ app_end ] --END-- [ RunTime:0.005000s ]

[ 2016-05-28T20:03:40+08:00 ] 127.0.0.1 /Home/Fashion/ajaxfashion.html?p=4
INFO: [ app_begin ] --START--
INFO: Run Behavior\ReadHtmlCacheBehavior [ RunTime:0.004001s ]
INFO: [ app_begin ] --END-- [ RunTime:0.006001s ]
NOTIC: [8] A session had already been started - ignoring session_start() C:\wamp\www\project\ThinkPHP\Common\functions.php 第 1190 行.
SQL: SHOW COLUMNS FROM `hs_fashion` [ RunTime:0.009001s ]
SQL: SELECT * FROM `hs_fashion` ORDER BY id LIMIT 18,6   [ RunTime:0.000000s ]
INFO: [ app_end ] --START--
INFO: Run Behavior\ShowPageTraceBehavior [ RunTime:0.002000s ]
INFO: [ app_end ] --END-- [ RunTime:0.002000s ]

[ 2016-05-28T20:03:41+08:00 ] 127.0.0.1 /Home/Fashion/ajaxfashion.html?p=5
INFO: [ app_begin ] --START--
INFO: Run Behavior\ReadHtmlCacheBehavior [ RunTime:0.022001s ]
INFO: [ app_begin ] --END-- [ RunTime:0.047002s ]
NOTIC: [8] A session had already been started - ignoring session_start() C:\wamp\www\project\ThinkPHP\Common\functions.php 第 1190 行.
SQL: SHOW COLUMNS FROM `hs_fashion` [ RunTime:0.024001s ]
SQL: SELECT * FROM `hs_fashion` ORDER BY id LIMIT 24,6   [ RunTime:0.005000s ]
INFO: [ app_end ] --START--
INFO: Run Behavior\ShowPageTraceBehavior [ RunTime:0.004001s ]
INFO: [ app_end ] --END-- [ RunTime:0.005001s ]

[ 2016-05-28T20:24:31+08:00 ] 127.0.0.1 /Home/Fashion/ajaxfashion.html?p=1
INFO: [ app_begin ] --START--
INFO: Run Behavior\ReadHtmlCacheBehavior [ RunTime:0.003000s ]
INFO: [ app_begin ] --END-- [ RunTime:0.006001s ]
NOTIC: [8] A session had already been started - ignoring session_start() C:\wamp\www\project\ThinkPHP\Common\functions.php 第 1190 行.
SQL: SHOW COLUMNS FROM `hs_fashion` [ RunTime:0.041002s ]
SQL: SELECT * FROM `hs_fashion` ORDER BY id LIMIT 0,6   [ RunTime:0.002000s ]
INFO: [ app_end ] --START--
INFO: Run Behavior\ShowPageTraceBehavior [ RunTime:0.004000s ]
INFO: [ app_end ] --END-- [ RunTime:0.004000s ]

